============================================================
  Generated by:           Genus(TM) Synthesis Solution 21.18-s082_1
  Generated on:           Sep 22 2025  05:25:17 pm
  Module:                 otbn_alu_bignum
  Operating conditions:   PVT_0P7V_25C 
  Interconnect mode:      global
  Area mode:              physical library
============================================================

                     Instance                                   Module               Cell Count  Cell Area  Net Area   Total Area 
----------------------------------------------------------------------------------------------------------------------------------
otbn_alu_bignum                                                                           33755  54643.974 29794.712    84438.686 
  g_mod_words[0].i_secded_enc                     prim_secded_inv_39_32_enc                  77    161.663    37.586      199.249 
  g_mod_words[1].i_secded_enc                     prim_secded_inv_39_32_enc_8355             77    161.663    37.586      199.249 
  g_mod_words[2].i_secded_enc                     prim_secded_inv_39_32_enc_8354             77    161.663    37.586      199.249 
  g_mod_words[3].i_secded_enc                     prim_secded_inv_39_32_enc_8353             77    161.663    37.586      199.249 
  g_mod_words[4].i_secded_enc                     prim_secded_inv_39_32_enc_8352             77    161.663    37.586      199.249 
  g_mod_words[5].i_secded_enc                     prim_secded_inv_39_32_enc_8351             77    161.663    37.586      199.249 
  g_mod_words[6].i_secded_enc                     prim_secded_inv_39_32_enc_8350             77    161.663    37.586      199.249 
  g_mod_words[7].i_secded_enc                     prim_secded_inv_39_32_enc_8349             77    161.663    37.586      199.249 
  g_rdata_enc[0].i_secded_enc                     prim_secded_inv_39_32_enc_8348             77    161.663    37.586      199.249 
  g_rdata_enc[1].i_secded_enc                     prim_secded_inv_39_32_enc_8347             76    159.564    37.330      196.894 
  g_rdata_enc[2].i_secded_enc                     prim_secded_inv_39_32_enc_8346             76    159.564    37.330      196.894 
  g_rdata_enc[3].i_secded_enc                     prim_secded_inv_39_32_enc_8345             76    159.564    37.330      196.894 
  g_rdata_enc[4].i_secded_enc                     prim_secded_inv_39_32_enc_8344             76    159.564    37.330      196.894 
  g_rdata_enc[5].i_secded_enc                     prim_secded_inv_39_32_enc_8343             76    159.564    37.330      196.894 
  g_rdata_enc[6].i_secded_enc                     prim_secded_inv_39_32_enc_8342             76    159.564    37.330      196.894 
  g_rdata_enc[7].i_secded_enc                     prim_secded_inv_39_32_enc_8341             76    159.564    37.330      196.894 
  g_update_flag_groups[0].u_mac_z_flag_en_blanker prim_blanker_Width1                         1      1.400     0.000        1.400 
    u_blank_and                                   prim_and2_Width1                            1      1.400     0.000        1.400 
  g_update_flag_groups[1].u_mac_z_flag_en_blanker prim_blanker_Width1_8339                    1      1.400     0.000        1.400 
    u_blank_and                                   prim_and2_Width1_8335                       1      1.400     0.000        1.400 
  u_expected_ispr_rd_en_enc                       prim_onehot_enc_OneHotWidth9               16     20.062     6.650       26.712 
  u_expected_ispr_wr_en_enc                       prim_onehot_enc_OneHotWidth9_8340          16     20.062     6.650       26.712 
  u_flags_q_mux_g_in_mux_outer[0].u_mux_bit_and   prim_and2_Width2                            2      2.799     0.000        2.799 
  u_flags_q_mux_g_in_mux_outer[1].u_mux_bit_and   prim_and2_Width2_8338                       2      2.799     0.000        2.799 
  u_flags_q_mux_g_in_mux_outer[2].u_mux_bit_and   prim_and2_Width2_8337                       2      2.799     0.000        2.799 
  u_flags_q_mux_g_in_mux_outer[3].u_mux_bit_and   prim_and2_Width2_8336                       2      2.799     0.000        2.799 
