============================================================
  Generated by:           Genus(TM) Synthesis Solution 21.18-s082_1
  Generated on:           Sep 22 2025  05:25:16 pm
  Module:                 otbn_alu_bignum
  Operating conditions:   PVT_0P7V_25C 
  Interconnect mode:      global
  Area mode:              physical library
============================================================


Path 1: MET (0 ps) Setup Check with Pin flags_q_reg[1][Z]/CLK->D
          Group: clk_i
     Startpoint: (F) alu_predec_bignum_i[shift_amt][0]
       Endpoint: (F) flags_q_reg[1][Z]/D
          Clock: (R) clk_i

                        Capture       Launch  
           Path Delay:+     769            -  
           Drv Adjust:+       0            0  
          Src Latency:+       0               
          Net Latency:+       0 (I)           
        Capture Clock:+       0               
              Arrival:=     769               
                                              
                Setup:-       7               
        Required Time:=     762               
            Data Path:-     762               
                Slack:=       0               

Exceptions/Constraints:
  max_delay             769             del_1 

#-------------------------------------------------------------------------------------------------------------------------
#           Timing Point            Flags   Arc   Edge           Cell            Fanout Load Trans Delay Arrival Instance 
#                                                                                       (fF)  (ps)  (ps)   (ps)  Location 
#-------------------------------------------------------------------------------------------------------------------------
  alu_predec_bignum_i[shift_amt][0] -       -     F     (arrival)                    16 56.7     0     0       0    (-,-) 
  fopt137441/Y                      -       A->Y  F     BUFx12f_ASAP7_75t_SL          6 26.9    18    16      16    (-,-) 
  fopt137393/Y                      -       A->Y  F     BUFx12f_ASAP7_75t_SL          8 29.7    20    21      36    (-,-) 
  fopt137377/Y                      -       A->Y  R     INVx4_ASAP7_75t_SL            6  9.2    20    13      50    (-,-) 
  srl_1104_35_g64031/Y              -       A2->Y R     AO22x1_ASAP7_75t_SL           2  3.1    25    26      75    (-,-) 
  srl_1104_35_g63315/Y              -       B2->Y R     AO22x1_ASAP7_75t_SL           2  4.7    35    30     105    (-,-) 
  srl_1104_35_g62406/Y              -       A2->Y F     AOI22x1_ASAP7_75t_SL          2  4.5    37    19     124    (-,-) 
  srl_1104_35_g61886/Y              -       A2->Y R     OAI22x1_ASAP7_75t_SL          2  4.7    46    26     150    (-,-) 
  srl_1104_35_g61408/Y              -       A2->Y F     AOI22x1_ASAP7_75t_L           2  3.9    34    23     173    (-,-) 
  srl_1104_35_g61058/Y              -       A1->Y R     OAI22x1_ASAP7_75t_L           2  4.1    55    25     198    (-,-) 
  srl_1104_35_g60717/Y              -       A2->Y F     AOI22x1_ASAP7_75t_SL          2  3.4    36    18     216    (-,-) 
  srl_1104_35_g60277/Y              -       A2->Y R     OAI22xp5_ASAP7_75t_SL         1  1.9    40    22     238    (-,-) 
  g110921/Y                         -       A1->Y R     AO22x1_ASAP7_75t_SL           3  5.1    38    31     269    (-,-) 
  g110139/Y                         -       A3->Y F     AOI31xp67_ASAP7_75t_L         1  2.5    33    17     287    (-,-) 
  g109875/Y                         -       A->Y  R     XOR2x2_ASAP7_75t_SL           2  3.3    20    30     317    (-,-) 
  add_1618_37_g14055/Y              -       B->Y  R     OR2x2_ASAP7_75t_SL            4  5.9    24    23     339    (-,-) 
  add_1618_37_g13209/Y              -       B->Y  R     AND2x2_ASAP7_75t_SL           2  3.9    18    20     360    (-,-) 
  add_1618_37_g12721/Y              -       A->Y  R     AND2x4_ASAP7_75t_SL           5  8.5    19    19     378    (-,-) 
  add_1618_37_g12577/Y              -       B->Y  R     AND2x4_ASAP7_75t_SL           7 10.0    21    21     399    (-,-) 
  add_1618_37_g12205/Y              -       B->Y  F     NAND2xp5_ASAP7_75t_SL         1  2.0    26    14     414    (-,-) 
  add_1618_37_g11717/Y              -       A->Y  F     OR2x2_ASAP7_75t_SL            1  2.6    13    20     434    (-,-) 
  add_1618_37_g11712/Y              -       B->Y  F     AND2x6_ASAP7_75t_SL           2  3.9    10    17     451    (-,-) 
  add_1618_37_g11540/Y              -       B2->Y F     OA221x2_ASAP7_75t_SL          2  3.9    19    26     477    (-,-) 
  add_1618_37_g11418/Y              -       A2->Y F     OA221x2_ASAP7_75t_SL          2  6.0    24    35     512    (-,-) 
  add_1618_37_g11370/Y              -       A->Y  F     BUFx12f_ASAP7_75t_SL         20 40.4    26    24     537    (-,-) 
  add_1618_37_g11365/Y              -       A->Y  F     BUFx12f_ASAP7_75t_SL         11 17.9    14    19     556    (-,-) 
  add_1618_37_g11125/Y              -       A1->Y R     OAI221xp5_ASAP7_75t_SL        1  2.6    67    33     589    (-,-) 
  add_1618_37_g11010/Y              -       B->Y  F     XOR2x2_ASAP7_75t_SL           2  4.0    18    23     612    (-,-) 
  g106482/Y                         -       A->Y  F     OR4x1_ASAP7_75t_SL            1  2.1    19    28     639    (-,-) 
  g106089/Y                         -       A->Y  R     NOR5xp2_ASAP7_75t_SL          1  2.1    87    38     677    (-,-) 
  g106035/Y                         -       C->Y  R     AND4x1_ASAP7_75t_SL           1  3.1    29    34     711    (-,-) 
  g105688/Y                         -       D->Y  F     NAND4xp75_ASAP7_75t_SL        2  4.4    41    19     730    (-,-) 
  g105371/Y                         -       A2->Y R     OAI21x1_ASAP7_75t_SL          1  2.0    27    15     746    (-,-) 
  g105370/Y                         -       C->Y  F     NOR3xp33_ASAP7_75t_SL         1  2.1    27    17     762    (-,-) 
  flags_q_reg[1][Z]/D               <<<     -     F     DFFASRHQNx1_ASAP7_75t_SL      1    -     -     0     762    (-,-) 
#-------------------------------------------------------------------------------------------------------------------------

