============================================================
  Generated by:           Genus(TM) Synthesis Solution 21.18-s082_1
  Generated on:           Sep 24 2025  01:39:59 pm
  Module:                 otbn
  Operating conditions:   PVT_0P7V_25C 
  Interconnect mode:      global
  Area mode:              physical library
============================================================


Path 1: MET (0 ps) Setup Check with Pin u_otbn_core_u_otbn_rf_base_gen_rf_base_ff.u_otbn_rf_base_inner_we_err_o_reg/CLK->D
          Group: clk_i
     Startpoint: (R) u_otbn_core_u_otbn_rnd_u_xoshiro256pp_xoshiro_q_reg[232]/CLK
          Clock: (R) clk_i
       Endpoint: (R) u_otbn_core_u_otbn_rf_base_gen_rf_base_ff.u_otbn_rf_base_inner_we_err_o_reg/D
          Clock: (R) clk_i

                     Capture       Launch     
        Clock Edge:+    1887            0     
       Src Latency:+       0            0     
       Net Latency:+       0 (I)        0 (I) 
           Arrival:=    1887            0     
                                              
             Setup:-      16                  
     Required Time:=    1870                  
      Launch Clock:-       0                  
         Data Path:-    1870                  
             Slack:=       0                  

#------------------------------------------------------------------------------------------------------------------------------------------------------------------------------------
#                                       Timing Point                                         Flags    Arc    Edge           Cell            Fanout Load Trans Delay Arrival Instance 
#                                                                                                                                                  (fF)  (ps)  (ps)   (ps)  Location 
#------------------------------------------------------------------------------------------------------------------------------------------------------------------------------------
  u_otbn_core_u_otbn_rnd_u_xoshiro256pp_xoshiro_q_reg[232]/CLK                               -       -       R     (arrival)                 17724    -     0     0       0    (-,-) 
  u_otbn_core_u_otbn_rnd_u_xoshiro256pp_xoshiro_q_reg[232]/QN                                -       CLK->QN F     DFFASRHQNx1_ASAP7_75t_SL      8 12.3    76    68      68    (-,-) 
  u_otbn_core_u_otbn_rnd_u_xoshiro256pp_add_61_48_I1_g2603/Y                                 -       A->Y    R     NAND2xp5_ASAP7_75t_SL         3  4.6    65    42     110    (-,-) 
  u_otbn_core_u_otbn_rnd_u_xoshiro256pp_add_61_48_I1_g2422/Y                                 -       A1->Y   F     OAI21xp5_ASAP7_75t_SL         3  4.7    61    34     144    (-,-) 
  u_otbn_core_u_otbn_rnd_u_xoshiro256pp_add_61_48_I1_g2316/Y                                 -       A2->Y   F     AO21x2_ASAP7_75t_SL           3  4.6    19    31     175    (-,-) 
  u_otbn_core_u_otbn_rnd_u_xoshiro256pp_add_61_48_I1_g2285/Y                                 -       B2->Y   R     AOI221xp5_ASAP7_75t_SL        1  2.6    66    30     205    (-,-) 
  u_otbn_core_u_otbn_rnd_u_xoshiro256pp_add_61_48_I1_g2254/Y                                 -       A->Y    R     AND2x6_ASAP7_75t_SL          12 17.9    27    27     232    (-,-) 
  u_otbn_core_u_otbn_rnd_u_xoshiro256pp_add_61_48_I1_g2245/Y                                 -       A->Y    F     INVx4_ASAP7_75t_SL            5  7.2    16    10     242    (-,-) 
  u_otbn_core_u_otbn_rnd_u_xoshiro256pp_add_61_48_I1_g2228/Y                                 -       A2->Y   F     AO21x1_ASAP7_75t_SL           1  2.0    16    18     260    (-,-) 
  u_otbn_core_u_otbn_rnd_u_xoshiro256pp_add_61_48_I1_g2191/Y                                 -       B->Y    R     AOI31xp33_ASAP7_75t_SL        1  2.6    65    31     291    (-,-) 
  u_otbn_core_u_otbn_rnd_u_xoshiro256pp_add_61_48_I1_g2120/Y                                 -       B->Y    F     XOR2x2_ASAP7_75t_SL           2  4.3    19    23     315    (-,-) 
  u_otbn_core_u_otbn_rnd_u_xoshiro256pp_add_62_68_I1_g2184/Y                                 -       A->Y    R     NAND2x1_ASAP7_75t_SL          3  4.6    52    23     337    (-,-) 
  u_otbn_core_u_otbn_rnd_u_xoshiro256pp_add_62_68_I1_g2054/Y                                 -       A->Y    F     NOR2xp33_ASAP7_75t_SL         1  2.1    47    30     367    (-,-) 
  u_otbn_core_u_otbn_rnd_u_xoshiro256pp_add_62_68_I1_g1943/Y                                 -       B->Y    F     AO21x1_ASAP7_75t_SL           1  2.4    18    25     392    (-,-) 
  u_otbn_core_u_otbn_rnd_u_xoshiro256pp_add_62_68_I1_g1919/Y                                 -       B->Y    F     AO211x2_ASAP7_75t_SL          1  2.1    11    18     409    (-,-) 
  u_otbn_core_u_otbn_rnd_u_xoshiro256pp_add_62_68_I1_g1901/Y                                 -       B->Y    F     AO21x2_ASAP7_75t_SL           2  3.9    16    21     431    (-,-) 
  u_otbn_core_u_otbn_rnd_u_xoshiro256pp_add_62_68_I1_g1900/Y                                 -       A->Y    F     BUFx4f_ASAP7_75t_SL           5  8.5    15    19     450    (-,-) 
  u_otbn_core_u_otbn_rnd_u_xoshiro256pp_add_62_68_I1_g1890/Y                                 -       A2->Y   R     AOI21x1_ASAP7_75t_SL          4  7.0    52    25     474    (-,-) 
  u_otbn_core_u_otbn_rnd_u_xoshiro256pp_add_62_68_I1_g1884/Y                                 -       A->Y    F     INVx1_ASAP7_75t_SL            1  2.6    26    15     489    (-,-) 
  u_otbn_core_u_otbn_rnd_u_xoshiro256pp_add_62_68_I1_g1865/Y                                 -       A2->Y   R     AOI21x1_ASAP7_75t_SL          2  3.8    45    18     508    (-,-) 
  u_otbn_core_u_otbn_rnd_u_xoshiro256pp_add_62_68_I1_g1836/Y                                 -       A2->Y   F     OAI21xp5_ASAP7_75t_L          1  2.6    50    26     534    (-,-) 
  u_otbn_core_u_otbn_rnd_u_xoshiro256pp_add_62_68_I1_g1817/Y                                 -       B->Y    F     XOR2x2_ASAP7_75t_SL           6  8.2    29    34     568    (-,-) 
  g735409/Y                                                                                  -       A2->Y   F     AO221x1_ASAP7_75t_SL          3  5.5    36    35     602    (-,-) 
  u_otbn_core_u_otbn_alu_bignum_g_rdata_enc[0].i_secded_enc/g1968/Y                          -       B->Y    R     XNOR2xp5_ASAP7_75t_SL         2  4.4    66    37     639    (-,-) 
  u_otbn_core_u_otbn_alu_bignum_g_rdata_enc[0].i_secded_enc/g1939/Y                          -       B->Y    F     XOR2xp5_ASAP7_75t_SL          1  2.5    43    24     663    (-,-) 
  u_otbn_core_u_otbn_alu_bignum_g_rdata_enc[0].i_secded_enc/g1934/Y                          -       B->Y    R     XNOR2xp5_ASAP7_75t_SL         1  2.6    48    29     692    (-,-) 
  u_otbn_core_u_otbn_alu_bignum_g_rdata_enc[0].i_secded_enc/g1923/Y                          -       A->Y    R     XOR2xp5_ASAP7_75t_SL          1  2.4    43    28     720    (-,-) 
  u_otbn_core_u_otbn_alu_bignum_g_rdata_enc[0].i_secded_enc/g1915/Y                          -       B->Y    R     XNOR2xp5_ASAP7_75t_SL         1  2.1    40    19     740    (-,-) 
  g111072/Y                                                                                  -       A1->Y   F     AOI22xp5_ASAP7_75t_SL         1  2.1    77    16     756    (-,-) 
  g110298/Y                                                                                  -       B->Y    R     NAND2xp5_ASAP7_75t_SL         1  2.0    40    26     782    (-,-) 
  g108243/Y                                                                                  -       C->Y    R     AO221x1_ASAP7_75t_SL          2  3.9    36    28     810    (-,-) 
  g107085/Y                                                                                  -       B->Y    R     XOR2xp5_ASAP7_75t_SL          1  2.6    50    27     837    (-,-) 
  g105813/Y                                                                                  -       B->Y    F     XOR2xp5_ASAP7_75t_SL          1  2.6    40    23     860    (-,-) 
  g105032/Y                                                                                  -       A->Y    R     XNOR2xp5_ASAP7_75t_SL         2  3.9    61    32     892    (-,-) 
  g103986/Y                                                                                  -       B->Y    R     XOR2xp5_ASAP7_75t_SL          1  2.6    47    28     920    (-,-) 
  g103793/Y                                                                                  -       B->Y    R     XOR2xp5_ASAP7_75t_SL          1  2.6    45    28     948    (-,-) 
  g103609/Y                                                                                  -       A->Y    R     XNOR2xp5_ASAP7_75t_SL         1  2.0    39    17     965    (-,-) 
  g103548/Y                                                                                  -       E->Y    R     AND5x1_ASAP7_75t_SL           1  2.1    23    30     995    (-,-) 
  g103521/Y                                                                                  -       C->Y    F     O2A1O1Ixp33_ASAP7_75t_SL      1  2.0    48    16    1011    (-,-) 
  g103498/Y                                                                                  -       C->Y    R     NOR5xp2_ASAP7_75t_SL          1  2.0    85    43    1054    (-,-) 
  g103492/Y                                                                                  -       B->Y    F     NAND3xp33_ASAP7_75t_SL        1  3.1    61    30    1084    (-,-) 
  g103485/Y                                                                                  -       D->Y    R     NAND4xp75_ASAP7_75t_SL        2  3.5    38    23    1106    (-,-) 
  g103480/Y                                                                                  -       B->Y    F     NAND2xp5_ASAP7_75t_SL         2  3.4    43    23    1130    (-,-) 
  g103472/Y                                                                                  -       C->Y    F     OR3x2_ASAP7_75t_SL            1  4.3    20    32    1161    (-,-) 
  g103471/Y                                                                                  -       A->Y    R     NOR3x2_ASAP7_75t_SL           3  5.6    46    15    1176    (-,-) 
  g103465/Y                                                                                  -       B->Y    F     NOR3x1_ASAP7_75t_SL           1  2.0    27    18    1195    (-,-) 
  g103464/Y                                                                                  -       A->Y    R     NAND2xp5_ASAP7_75t_SL         1  2.1    35    19    1214    (-,-) 
  g103463/Y                                                                                  -       C->Y    R     OR4x2_ASAP7_75t_SL            3  5.0    24    21    1235    (-,-) 
  g103459/Y                                                                                  -       B->Y    R     OR3x2_ASAP7_75t_SL            2  3.4    15    17    1252    (-,-) 
  g103458/Y                                                                                  -       B->Y    R     OR2x2_ASAP7_75t_SL            3  5.4    22    21    1273    (-,-) 
  g103457/Y                                                                                  -       B->Y    R     OR2x2_ASAP7_75t_SL            3  5.1    21    22    1295    (-,-) 
  g103454/Y                                                                                  -       C->Y    R     AND3x4_ASAP7_75t_SL           5  8.4    22    25    1319    (-,-) 
  g103453/Y                                                                                  -       A->Y    F     INVx3_ASAP7_75t_SL            7 12.0    26    16    1335    (-,-) 
  g103452/Y                                                                                  -       B->Y    F     OR2x6_ASAP7_75t_SL           14 25.4    30    31    1367    (-,-) 
  g103446/Y                                                                                  -       B->Y    R     NAND2x1_ASAP7_75t_SL          2  6.3    61    29    1396    (-,-) 
  g103445/Y                                                                                  -       A->Y    F     INVx2_ASAP7_75t_SL            1  2.1    19     8    1404    (-,-) 
  g103444/Y                                                                                  -       A->Y    F     OR3x4_ASAP7_75t_SL           17 23.6    45    50    1454    (-,-) 
  fopt758341/Y                                                                               -       A->Y    F     BUFx3_ASAP7_75t_SL            4  6.1    16    24    1478    (-,-) 
  g103407/Y                                                                                  -       A->Y    F     OR4x2_ASAP7_75t_SL           40 73.9   206   123    1602    (-,-) 
  g734684/Y                                                                                  -       A->Y    R     INVx2_ASAP7_75t_SL            3  4.5    61    33    1635    (-,-) 
  u_otbn_core_u_otbn_rf_base_gen_rf_base_ff.u_otbn_rf_base_inner_u_prim_onehot_check/g1412/Y -       A->Y    R     OR2x2_ASAP7_75t_SL            2  3.2    16    24    1659    (-,-) 
  u_otbn_core_u_otbn_rf_base_gen_rf_base_ff.u_otbn_rf_base_inner_u_prim_onehot_check/g1401/Y -       A->Y    R     OR2x2_ASAP7_75t_SL            2  3.2    15    19    1678    (-,-) 
  u_otbn_core_u_otbn_rf_base_gen_rf_base_ff.u_otbn_rf_base_inner_u_prim_onehot_check/g1385/Y -       A->Y    R     OR2x2_ASAP7_75t_SL            2  3.2    15    18    1696    (-,-) 
  u_otbn_core_u_otbn_rf_base_gen_rf_base_ff.u_otbn_rf_base_inner_u_prim_onehot_check/g1371/Y -       A->Y    R     OR2x2_ASAP7_75t_SL            2  3.6    17    19    1715    (-,-) 
  u_otbn_core_u_otbn_rf_base_gen_rf_base_ff.u_otbn_rf_base_inner_u_prim_onehot_check/g1363/Y -       A->Y    F     NOR2xp67_ASAP7_75t_L          3  5.1    54    30    1746    (-,-) 
  u_otbn_core_u_otbn_rf_base_gen_rf_base_ff.u_otbn_rf_base_inner_u_prim_onehot_check/g1348/Y -       B->Y    R     XNOR2xp5_ASAP7_75t_SL         1  2.0    43    27    1773    (-,-) 
  u_otbn_core_u_otbn_rf_base_gen_rf_base_ff.u_otbn_rf_base_inner_u_prim_onehot_check/g1347/Y -       C->Y    F     OAI211xp5_ASAP7_75t_SL        1  2.0    46    18    1791    (-,-) 
  u_otbn_core_u_otbn_rf_base_gen_rf_base_ff.u_otbn_rf_base_inner_u_prim_onehot_check/g1346/Y -       C->Y    R     AOI221xp5_ASAP7_75t_SL        1  2.0    60    30    1821    (-,-) 
  u_otbn_core_u_otbn_rf_base_gen_rf_base_ff.u_otbn_rf_base_inner_u_prim_onehot_check/g1345/Y -       E->Y    F     NAND5xp2_ASAP7_75t_SL         1  2.2    70    29    1850    (-,-) 
  g734683/Y                                                                                  -       A->Y    R     INVx1_ASAP7_75t_SL            1  2.1    32    20    1870    (-,-) 
  u_otbn_core_u_otbn_rf_base_gen_rf_base_ff.u_otbn_rf_base_inner_we_err_o_reg/D              <<<     -       R     DFFASRHQNx1_ASAP7_75t_SL      1    -     -     0    1870    (-,-) 
#------------------------------------------------------------------------------------------------------------------------------------------------------------------------------------

