============================================================
  Generated by:           Genus(TM) Synthesis Solution 21.18-s082_1
  Generated on:           Sep 22 2025  06:46:07 pm
  Module:                 otbn_alu_bignum
  Operating conditions:   PVT_0P7V_25C 
  Interconnect mode:      global
  Area mode:              physical library
============================================================


Path 1: MET (0 ps) Setup Check with Pin flags_q_reg[0][Z]/CLK->D
          Group: clk_i
     Startpoint: (F) alu_predec_bignum_i[shift_amt][0]
       Endpoint: (F) flags_q_reg[0][Z]/D
          Clock: (R) clk_i

                        Capture       Launch  
           Path Delay:+     769            -  
           Drv Adjust:+       0            0  
          Src Latency:+       0               
          Net Latency:+       0 (I)           
        Capture Clock:+       0               
              Arrival:=     769               
                                              
                Setup:-       5               
        Required Time:=     765               
            Data Path:-     765               
                Slack:=       0               

Exceptions/Constraints:
  max_delay             769             del_1 

#-------------------------------------------------------------------------------------------------------------------------
#           Timing Point            Flags   Arc   Edge           Cell            Fanout Load Trans Delay Arrival Instance 
#                                                                                       (fF)  (ps)  (ps)   (ps)  Location 
#-------------------------------------------------------------------------------------------------------------------------
  alu_predec_bignum_i[shift_amt][0] -       -     F     (arrival)                     7 31.4     0     0       0    (-,-) 
  fopt190396/Y                      -       A->Y  R     INVx8_ASAP7_75t_SL            3 11.7    11     6       6    (-,-) 
  fopt190251/Y                      -       A->Y  R     BUFx6f_ASAP7_75t_SL           3 10.5    15    16      22    (-,-) 
  fopt190217/Y                      -       A->Y  R     BUFx6f_ASAP7_75t_SL           5 14.0    20    18      40    (-,-) 
  fopt190216/Y                      -       A->Y  F     INVx11_ASAP7_75t_SL          12 21.8    18    11      51    (-,-) 
  fopt190215/Y                      -       A->Y  F     BUFx3_ASAP7_75t_SL            4  8.1    18    21      72    (-,-) 
  fopt190214/Y                      -       A->Y  R     INVx3_ASAP7_75t_SL            2  3.4    13     9      81    (-,-) 
  srl_1104_2451_g63769/Y            -       A2->Y F     AOI22xp5_ASAP7_75t_SL         2  3.4    40    20     101    (-,-) 
  srl_1104_2451_g63055/Y            -       A2->Y R     OAI22xp5_ASAP7_75t_SL         2  3.4    57    32     133    (-,-) 
  srl_1104_2451_g62478/Y            -       B2->Y F     AOI22xp5_ASAP7_75t_SL         2  3.4    50    27     160    (-,-) 
  srl_1104_2451_g61938/Y            -       B1->Y R     OAI22xp5_ASAP7_75t_SL         2  3.4    58    31     191    (-,-) 
  srl_1104_2451_g61453/Y            -       B2->Y F     AOI22xp5_ASAP7_75t_SL         2  3.4    51    27     218    (-,-) 
  srl_1104_2451_g61087/Y            -       B1->Y R     OAI22xp5_ASAP7_75t_SL         2  3.4    72    31     249    (-,-) 
  srl_1104_2451_g60803/Y            -       B2->Y F     AOI22xp5_ASAP7_75t_SL         1  2.1    40    21     270    (-,-) 
  srl_1104_2451_g60473/Y            -       B2->Y R     OAI22xp5_ASAP7_75t_SL         1  2.0    42    25     296    (-,-) 
  g138924/Y                         -       B2->Y R     AO22x1_ASAP7_75t_SL           2  3.4    28    28     323    (-,-) 
  g138053/Y                         -       A3->Y F     AOI32xp33_ASAP7_75t_SL        1  3.2    64    25     348    (-,-) 
  g137798/Y                         -       B->Y  F     XNOR2x1_ASAP7_75t_SL          2  3.4    50    27     375    (-,-) 
  add_1618_37_g14054/Y              -       B->Y  F     OR2x2_ASAP7_75t_SL            2  4.0    17    28     403    (-,-) 
  add_1618_37_g13609/Y              -       A->Y  F     AND2x2_ASAP7_75t_SL           2  4.1    15    21     424    (-,-) 
  add_1618_37_g13189/Y              -       B->Y  F     AND2x2_ASAP7_75t_SL           2  4.0    16    19     443    (-,-) 
  add_1618_37_g12976/Y              -       A->Y  F     AND2x4_ASAP7_75t_SL           2  3.9    10    17     460    (-,-) 
  add_1618_37_g12805/Y              -       A->Y  F     AND2x4_ASAP7_75t_SL           2  9.1    16    19     479    (-,-) 
  add_1618_37_g12650/Y              -       B->Y  R     NAND2x2_ASAP7_75t_SL          2  4.0    24    13     492    (-,-) 
  add_1618_37_g12481/Y              -       A->Y  R     OR2x6_ASAP7_75t_SL            2  6.0    12    20     512    (-,-) 
  fopt191031/Y                      -       A->Y  R     BUFx6f_ASAP7_75t_SL           2 14.0    19    18     530    (-,-) 
  fopt191024/Y                      -       A->Y  F     INVx8_ASAP7_75t_SL           12 19.9    19    12     542    (-,-) 
  fopt191022/Y                      -       A->Y  R     INVx2_ASAP7_75t_SL            1  2.6    14     9     551    (-,-) 
  add_1618_37_g12369/Y              -       B->Y  F     NOR2x1_ASAP7_75t_SL           1  2.0    20    10     561    (-,-) 
  add_1618_37_g11696/Y              -       A1->Y F     AO221x2_ASAP7_75t_SL          1  3.2    18    27     588    (-,-) 
  add_1618_37_g11515/Y              -       A->Y  F     XNOR2x1_ASAP7_75t_SL          2  3.4    28    20     609    (-,-) 
  g146826/Y                         -       D->Y  F     OR4x1_ASAP7_75t_SL            1  2.1    19    29     638    (-,-) 
  g146423/Y                         -       A->Y  R     NOR5xp2_ASAP7_75t_SL          1  2.1    86    38     676    (-,-) 
  g145689/Y                         -       A->Y  R     AND4x2_ASAP7_75t_SL           2  4.3    25    42     717    (-,-) 
  g143750/Y                         -       E->Y  F     NAND5xp2_ASAP7_75t_SL         1  2.1    62    29     746    (-,-) 
  g143080/Y                         -       A->Y  F     AND4x1_ASAP7_75t_SL           1  2.1    16    18     765    (-,-) 
  flags_q_reg[0][Z]/D               <<<     -     F     DFFASRHQNx1_ASAP7_75t_SL      1    -     -     0     765    (-,-) 
#-------------------------------------------------------------------------------------------------------------------------

