============================================================
  Generated by:           Genus(TM) Synthesis Solution 21.18-s082_1
  Generated on:           Sep 16 2025  02:16:50 pm
  Module:                 brent_kung
  Operating conditions:   PVT_0P7V_25C 
  Interconnect mode:      global
  Area mode:              physical library
============================================================


Path 1: MET (0 ps) Path Delay Check
     Startpoint: (F) B[33]
       Endpoint: (R) res[255]

                   Capture    Launch  
      Path Delay:+     454         -  
      Drv Adjust:+       0         0  
         Arrival:=     454            
                                      
   Required Time:=     454            
       Data Path:-     454            
           Slack:=       0            

Exceptions/Constraints:
  max_delay             454             del_1 

#----------------------------------------------------------------------------------------------------
# Timing Point   Flags   Arc   Edge          Cell           Fanout Load Trans Delay Arrival Instance 
#                                                                  (fF)  (ps)  (ps)   (ps)  Location 
#----------------------------------------------------------------------------------------------------
  B[33]          -       -     F     (arrival)                   2  4.5     0     0       0    (-,-) 
  g28147/Y       -       B->Y  F     XNOR2x1_ASAP7_75t_SL        3  6.2    34    23      23    (-,-) 
  g27889__2802/Y -       B->Y  R     NOR2x1_ASAP7_75t_SL         1  2.1    24    14      37    (-,-) 
  g27875__6260/Y -       B->Y  R     AO21x1_ASAP7_75t_SL         2  3.9    29    22      58    (-,-) 
  g27625__5122/Y -       A1->Y F     AOI21x1_ASAP7_75t_L         2  3.4    27    18      77    (-,-) 
  g27554__4733/Y -       A2->Y R     OAI221xp5_ASAP7_75t_SL      2  3.9    89    44     121    (-,-) 
  g27533__7098/Y -       A2->Y F     AOI21x1_ASAP7_75t_SL        1  3.1    37    14     134    (-,-) 
  g27515__9315/Y -       B->Y  R     NAND2x1p5_ASAP7_75t_L       3  4.8    35    23     158    (-,-) 
  g27505/Y       -       A->Y  F     INVx2_ASAP7_75t_SL          1  2.1    14     7     165    (-,-) 
  g27470__7410/Y -       B1->Y F     OA331x2_ASAP7_75t_SL        3  5.8    27    34     200    (-,-) 
  g27451__6131/Y -       C->Y  F     OR3x2_ASAP7_75t_SL          2  4.4    22    30     229    (-,-) 
  g27396__2346/Y -       A->Y  R     NAND4xp75_ASAP7_75t_SL      1  2.1    34    11     240    (-,-) 
  g27377__2346/Y -       A1->Y R     AO21x2_ASAP7_75t_SL         3  5.8    24    23     262    (-,-) 
  g27325__8246/Y -       A2->Y F     AOI21x1_ASAP7_75t_SL        1  2.1    21    10     272    (-,-) 
  g27298__9315/Y -       A2->Y F     OA21x2_ASAP7_75t_SL         2  4.0    20    23     295    (-,-) 
  g27220__2883/Y -       A2->Y R     OAI21x1_ASAP7_75t_SL        1  2.1    33    13     308    (-,-) 
  g27187__4319/Y -       A1->Y R     AO21x2_ASAP7_75t_SL         2  4.0    21    20     328    (-,-) 
  g27093__1881/Y -       A2->Y F     AOI21x1_ASAP7_75t_SL        1  2.6    38    10     338    (-,-) 
  g27058__9315/Y -       A2->Y R     OAI21x1_ASAP7_75t_SL        2  4.6    49    22     361    (-,-) 
  g27003__1666/Y -       A2->Y F     AOI21x1_ASAP7_75t_SL        2  3.5    40    14     375    (-,-) 
  g26965__7098/Y -       A2->Y F     OA21x2_ASAP7_75t_SL         2  4.0    17    27     401    (-,-) 
  g26943__6161/Y -       A2->Y R     OAI21x1_ASAP7_75t_SL        1  3.4    30    16     417    (-,-) 
  fopt1/Y        -       A->Y  F     INVx3_ASAP7_75t_SL          2  4.0    15     8     426    (-,-) 
  g26933__6260/Y -       A2->Y R     OAI21x1_ASAP7_75t_SL        1  2.6    36    14     439    (-,-) 
  g26931__2398/Y -       A->Y  R     XNOR2xp5_ASAP7_75t_SL       1  1.5    37    15     454    (-,-) 
  res[255]       <<<     -     R     (port)                      -    -     -     0     454    (-,-) 
#----------------------------------------------------------------------------------------------------

