============================================================
  Generated by:           Genus(TM) Synthesis Solution 21.18-s082_1
  Generated on:           Sep 23 2025  03:00:51 am
  Module:                 otbn_alu_bignum
  Operating conditions:   PVT_0P7V_25C 
  Interconnect mode:      global
  Area mode:              physical library
============================================================


Path 1: MET (0 ps) Setup Check with Pin flags_q_reg[1][Z]/CLK->D
          Group: clk_i
     Startpoint: (R) mod_intg_q_reg[15]/CLK
          Clock: (R) clk_i
       Endpoint: (F) flags_q_reg[1][Z]/D
          Clock: (R) clk_i

                     Capture       Launch     
        Clock Edge:+    1020            0     
       Src Latency:+       0            0     
       Net Latency:+       0 (I)        0 (I) 
           Arrival:=    1020            0     
                                              
             Setup:-       5                  
     Required Time:=    1015                  
      Launch Clock:-       0                  
         Data Path:-    1015                  
             Slack:=       0                  

#---------------------------------------------------------------------------------------------------------------------------
#           Timing Point            Flags    Arc    Edge           Cell            Fanout Load Trans Delay Arrival Instance 
#                                                                                         (fF)  (ps)  (ps)   (ps)  Location 
#---------------------------------------------------------------------------------------------------------------------------
  mod_intg_q_reg[15]/CLK            -       -       R     (arrival)                  1286    -     0     0       0    (-,-) 
  mod_intg_q_reg[15]/QN             -       CLK->QN R     SDFHx4_ASAP7_75t_SL           3  6.4    20    34      34    (-,-) 
  g156066/Y                         -       A->Y    F     INVx4_ASAP7_75t_SL            2  4.9    12     7      42    (-,-) 
  g155785/Y                         -       B->Y    F     AND2x4_ASAP7_75t_SL           5 11.7    20    21      62    (-,-) 
  addinc_adder_w_add_49_41_g15038/Y -       A->Y    F     BUFx12f_ASAP7_75t_SL         13 20.0    15    19      81    (-,-) 
  addinc_adder_w_add_49_41_g15034/Y -       A->Y    R     INVx3_ASAP7_75t_SL            2  3.8    13     9      90    (-,-) 
  addinc_adder_w_add_49_41_g14899/Y -       B->Y    R     AND2x4_ASAP7_75t_L            3  5.8    16    20     110    (-,-) 
  addinc_adder_w_add_49_41_g14659/Y -       A->Y    F     INVx2_ASAP7_75t_SL            1  3.5    13     8     118    (-,-) 
  addinc_adder_w_add_49_41_g13888/Y -       A->Y    R     NAND2x2_ASAP7_75t_SL          3  6.9    30    18     136    (-,-) 
  addinc_adder_w_add_49_41_g13408/Y -       B->Y    F     NOR2x2_ASAP7_75t_SL           2  3.9    19    13     149    (-,-) 
  addinc_adder_w_add_49_41_g13316/Y -       A->Y    F     AND2x4_ASAP7_75t_SL           6  8.8    16    21     170    (-,-) 
  addinc_adder_w_add_49_41_g12940/Y -       A->Y    F     AND3x2_ASAP7_75t_SL           2  4.6    16    18     188    (-,-) 
  addinc_adder_w_add_49_41_g12779/Y -       A->Y    F     AND2x4_ASAP7_75t_SL           2  5.5    12    18     207    (-,-) 
  addinc_adder_w_add_49_41_g12723/Y -       A->Y    R     INVx2_ASAP7_75t_SL            2  3.9    16    10     217    (-,-) 
  addinc_adder_w_add_49_41_g12172/Y -       A->Y    F     NOR2x1_ASAP7_75t_SL           1  2.4    20    13     230    (-,-) 
  addinc_adder_w_add_49_41_g11864/Y -       C->Y    F     AO211x2_ASAP7_75t_SL          2  4.4    17    22     252    (-,-) 
  addinc_adder_w_add_49_41_g11620/Y -       A2->Y   R     AOI21x1_ASAP7_75t_SL          1  2.4    30    13     265    (-,-) 
  addinc_adder_w_add_49_41_g11546/Y -       A->Y    F     XOR2x2_ASAP7_75t_SL           3  7.1    24    28     293    (-,-) 
  g176792/Y                         -       A1->Y   F     AO21x2_ASAP7_75t_SL           1  4.0    19    25     318    (-,-) 
  g176714/Y                         -       A->Y    F     BUFx12f_ASAP7_75t_SL         16 23.7    17    20     338    (-,-) 
  g176588/Y                         -       A2->Y   F     OA22x2_ASAP7_75t_SL           2  5.8    21    26     363    (-,-) 
  g176409/Y                         -       A->Y    R     INVx4_ASAP7_75t_SL            1  2.7    11     7     371    (-,-) 
  g175245/Y                         -       A1->Y   F     OAI21x1_ASAP7_75t_SL          1  2.6    21    10     380    (-,-) 
  g174737/Y                         -       A2->Y   R     OAI21x1_ASAP7_75t_SL          1  2.6    27    14     394    (-,-) 
  g174544/Y                         -       B->Y    R     AND2x4_ASAP7_75t_SL           2  4.3    12    17     412    (-,-) 
  addinc_adder_x_add_49_41_g14366/Y -       A->Y    F     NAND2xp5_ASAP7_75t_SL         2  4.0    41    20     432    (-,-) 
  addinc_adder_x_add_49_41_g13665/Y -       B->Y    R     OAI21x1_ASAP7_75t_SL          1  2.1    24    12     444    (-,-) 
  addinc_adder_x_add_49_41_g13139/Y -       B->Y    F     AOI21xp5_ASAP7_75t_SL         1  2.6    41    18     461    (-,-) 
  addinc_adder_x_add_49_41_g12691/Y -       A->Y    F     AND2x4_ASAP7_75t_SL           2  3.9    11    22     484    (-,-) 
  addinc_adder_x_add_49_41_g12351/Y -       B2->Y   F     OA221x2_ASAP7_75t_SL          2  3.8    19    26     510    (-,-) 
  addinc_adder_x_add_49_41_g12114/Y -       B1->Y   F     OA221x2_ASAP7_75t_SL          2  4.8    21    28     539    (-,-) 
  addinc_adder_x_add_49_41_g12010/Y -       A->Y    R     NAND2x1p5_ASAP7_75t_SL        1  2.6    20    14     552    (-,-) 
  addinc_adder_x_add_49_41_g11840/Y -       A->Y    R     OR2x6_ASAP7_75t_SL           11 22.1    30    27     580    (-,-) 
  addinc_adder_x_add_49_41_g11786/Y -       A->Y    R     BUFx12f_ASAP7_75t_SL         12 20.2    18    19     599    (-,-) 
  addinc_adder_x_add_49_41_g11665/Y -       B2->Y   F     AOI221x1_ASAP7_75t_SL         1  2.5    38    18     617    (-,-) 
  addinc_adder_x_add_49_41_g11434/Y -       A->Y    F     XOR2x2_ASAP7_75t_SL           2  3.5    16    28     645    (-,-) 
  g167694/Y                         -       A1->Y   F     AO21x2_ASAP7_75t_L            2  5.3    21    29     674    (-,-) 
  addinc_adder_y_add_49_41_g15047/Y -       A->Y    R     NOR2x2_ASAP7_75t_SL           3  5.3    42    14     688    (-,-) 
  addinc_adder_y_add_49_41_g14556/Y -       A->Y    F     NOR2x1_ASAP7_75t_SL           2  3.3    31    20     708    (-,-) 
  addinc_adder_y_add_49_41_g14056/Y -       A->Y    F     AND2x2_ASAP7_75t_SL           2  5.0    18    25     733    (-,-) 
  addinc_adder_y_add_49_41_g13842/Y -       A->Y    R     NAND2x1p5_ASAP7_75t_SL        2  4.0    24    15     748    (-,-) 
  addinc_adder_y_add_49_41_g13580/Y -       A->Y    R     OR2x6_ASAP7_75t_SL            2  6.6    13    20     768    (-,-) 
  fopt229849/Y                      -       A->Y    R     BUFx24_ASAP7_75t_L            8 14.0    14    22     790    (-,-) 
  fopt229847/Y                      -       A->Y    R     BUFx6f_ASAP7_75t_SL           9 14.4    20    18     808    (-,-) 
  addinc_adder_y_add_49_41_g13374/Y -       B->Y    F     NOR2x1_ASAP7_75t_SL           2  3.3    32    15     824    (-,-) 
  addinc_adder_y_add_49_41_g13032/Y -       A->Y    F     AND2x2_ASAP7_75t_SL           1  2.1    11    21     845    (-,-) 
  addinc_adder_y_add_49_41_g12357/Y -       A1->Y   F     AO21x1_ASAP7_75t_L            1  2.1    17    22     867    (-,-) 
  addinc_adder_y_add_49_41_g12226/Y -       B->Y    R     AOI21xp5_ASAP7_75t_SL         1  3.2    47    25     891    (-,-) 
  addinc_adder_y_add_49_41_g12103/Y -       B->Y    F     XNOR2x1_ASAP7_75t_SL          2  4.5    33    16     908    (-,-) 
  g225260/Y                         -       A->Y    R     NOR4xp75_ASAP7_75t_SL         1  2.1    36    20     927    (-,-) 
  g224567/Y                         -       B->Y    R     AND2x2_ASAP7_75t_SL           1  2.1    12    19     946    (-,-) 
  g174380/Y                         -       B->Y    R     AND4x2_ASAP7_75t_SL           2  3.2    19    27     973    (-,-) 
  g172444/Y                         -       E->Y    R     AND5x1_ASAP7_75t_SL           1  3.1    28    33    1006    (-,-) 
  g171813/Y                         -       A->Y    F     NOR4xp75_ASAP7_75t_SL         1  2.1    21     9    1015    (-,-) 
  flags_q_reg[1][Z]/D               <<<     -       F     DFFASRHQNx1_ASAP7_75t_SL      1    -     -     0    1015    (-,-) 
#---------------------------------------------------------------------------------------------------------------------------

