============================================================
  Generated by:           Genus(TM) Synthesis Solution 21.18-s082_1
  Generated on:           Sep 23 2025  01:03:12 am
  Module:                 otbn_alu_bignum
  Operating conditions:   PVT_0P7V_25C 
  Interconnect mode:      global
  Area mode:              physical library
============================================================

                     Instance                                       Module                   Cell Count  Cell Area  Net Area   Total Area 
------------------------------------------------------------------------------------------------------------------------------------------
otbn_alu_bignum                                                                                   44205  79750.267 41048.137   120798.404 
  g_kmac_digest_words[0].i_kmac_digest_secded_enc prim_secded_inv_39_32_enc_11878                    77    161.663    37.586      199.249 
  g_kmac_digest_words[1].i_kmac_digest_secded_enc prim_secded_inv_39_32_enc_11877                    77    161.663    37.586      199.249 
  g_kmac_digest_words[2].i_kmac_digest_secded_enc prim_secded_inv_39_32_enc_11876                    77    161.663    37.586      199.249 
  g_kmac_digest_words[3].i_kmac_digest_secded_enc prim_secded_inv_39_32_enc_11875                    77    161.663    37.586      199.249 
  g_kmac_digest_words[4].i_kmac_digest_secded_enc prim_secded_inv_39_32_enc_11874                    77    161.663    37.586      199.249 
  g_kmac_digest_words[5].i_kmac_digest_secded_enc prim_secded_inv_39_32_enc_11873                    77    161.663    37.586      199.249 
  g_kmac_digest_words[6].i_kmac_digest_secded_enc prim_secded_inv_39_32_enc_11872                    77    161.663    37.586      199.249 
  g_kmac_digest_words[7].i_kmac_digest_secded_enc prim_secded_inv_39_32_enc_11871                    77    161.663    37.586      199.249 
  g_kmac_msg_words[0].i_kmac_msg_secded_enc       prim_secded_inv_39_32_enc_11886                    77    161.663    37.586      199.249 
  g_kmac_msg_words[1].i_kmac_msg_secded_enc       prim_secded_inv_39_32_enc_11885                    77    161.663    37.586      199.249 
  g_kmac_msg_words[2].i_kmac_msg_secded_enc       prim_secded_inv_39_32_enc_11884                    77    161.663    37.586      199.249 
  g_kmac_msg_words[3].i_kmac_msg_secded_enc       prim_secded_inv_39_32_enc_11883                    77    161.663    37.586      199.249 
  g_kmac_msg_words[4].i_kmac_msg_secded_enc       prim_secded_inv_39_32_enc_11882                    77    161.663    37.586      199.249 
  g_kmac_msg_words[5].i_kmac_msg_secded_enc       prim_secded_inv_39_32_enc_11881                    77    161.663    37.586      199.249 
  g_kmac_msg_words[6].i_kmac_msg_secded_enc       prim_secded_inv_39_32_enc_11880                    77    161.663    37.586      199.249 
  g_kmac_msg_words[7].i_kmac_msg_secded_enc       prim_secded_inv_39_32_enc_11879                    77    161.663    37.586      199.249 
  g_mod_words[0].i_secded_enc                     prim_secded_inv_39_32_enc                          77    161.663    37.586      199.249 
  g_mod_words[1].i_secded_enc                     prim_secded_inv_39_32_enc_11894                    77    161.663    37.586      199.249 
  g_mod_words[2].i_secded_enc                     prim_secded_inv_39_32_enc_11893                    77    161.663    37.586      199.249 
  g_mod_words[3].i_secded_enc                     prim_secded_inv_39_32_enc_11892                    77    161.663    37.586      199.249 
  g_mod_words[4].i_secded_enc                     prim_secded_inv_39_32_enc_11891                    77    161.663    37.586      199.249 
  g_mod_words[5].i_secded_enc                     prim_secded_inv_39_32_enc_11890                    77    161.663    37.586      199.249 
  g_mod_words[6].i_secded_enc                     prim_secded_inv_39_32_enc_11889                    77    161.663    37.586      199.249 
  g_mod_words[7].i_secded_enc                     prim_secded_inv_39_32_enc_11888                    77    161.663    37.586      199.249 
  g_rdata_enc[0].i_secded_enc                     prim_secded_inv_39_32_enc_11870                    77    161.663    37.586      199.249 
  g_rdata_enc[1].i_secded_enc                     prim_secded_inv_39_32_enc_11869                    77    161.663    37.586      199.249 
  g_rdata_enc[2].i_secded_enc                     prim_secded_inv_39_32_enc_11868                    77    161.663    37.586      199.249 
  g_rdata_enc[3].i_secded_enc                     prim_secded_inv_39_32_enc_11867                    76    159.564    37.330      196.894 
  g_rdata_enc[4].i_secded_enc                     prim_secded_inv_39_32_enc_11866                    77    161.663    37.586      199.249 
  g_rdata_enc[5].i_secded_enc                     prim_secded_inv_39_32_enc_11865                    77    161.663    37.586      199.249 
  g_rdata_enc[6].i_secded_enc                     prim_secded_inv_39_32_enc_11864                    76    159.564    37.330      196.894 
  g_rdata_enc[7].i_secded_enc                     prim_secded_inv_39_32_enc_11863                    77    161.663    37.586      199.249 
  g_update_flag_groups[0].u_mac_z_flag_en_blanker prim_blanker_Width1                                 1      1.400     0.000        1.400 
    u_blank_and                                   prim_and2_Width1                                    1      1.400     0.000        1.400 
  g_update_flag_groups[1].u_mac_z_flag_en_blanker prim_blanker_Width1_11861                           1      1.400     0.000        1.400 
    u_blank_and                                   prim_and2_Width1_11857                              1      1.400     0.000        1.400 
  u_expected_ispr_rd_en_enc                       prim_onehot_enc_OneHotWidth14                      21     29.393     9.809       39.202 
  u_expected_ispr_wr_en_enc                       prim_onehot_enc_OneHotWidth14_11862                21     28.460    10.781       39.241 
  u_flags_q_mux_g_in_mux_outer[0].u_mux_bit_and   prim_and2_Width2                                    2      2.799     0.000        2.799 
  u_flags_q_mux_g_in_mux_outer[1].u_mux_bit_and   prim_and2_Width2_11860                              2      2.799     0.000        2.799 
  u_flags_q_mux_g_in_mux_outer[2].u_mux_bit_and   prim_and2_Width2_11859                              2      2.799     0.000        2.799 
  u_flags_q_mux_g_in_mux_outer[3].u_mux_bit_and   prim_and2_Width2_11858                              2      2.799     0.000        2.799 
  u_kmac_cfg_secded_enc                           prim_secded_inv_39_32_enc_11887                    77    161.663    37.586      199.249 
  u_kmac_msg_ctr                                  prim_count_Width12_EnableAlertTriggerSVA0         151    330.091    93.127      423.218 
    gen_cnts[0].u_cnt_flop                        prim_flop_Width12_ResetValue0                      24     81.181     5.985       87.167 
    gen_cnts[1].u_cnt_flop                        prim_flop_Width12_ResetValue4095                   24     81.181     5.985       87.167 
  u_kmac_status_secded_enc                        prim_secded_inv_39_32_enc_17                        3      6.299     0.000        6.299 
