============================================================
  Generated by:           Genus(TM) Synthesis Solution 21.18-s082_1
  Generated on:           Sep 23 2025  01:03:12 am
  Module:                 otbn_alu_bignum
  Operating conditions:   PVT_0P7V_25C 
  Interconnect mode:      global
  Area mode:              physical library
============================================================


Path 1: MET (0 ps) Setup Check with Pin flags_q_reg[1][Z]/CLK->D
          Group: clk_i
     Startpoint: (R) operation_i[op][1]
       Endpoint: (F) flags_q_reg[1][Z]/D
          Clock: (R) clk_i

                        Capture       Launch  
           Path Delay:+     769            -  
           Drv Adjust:+       0            0  
          Src Latency:+       0               
          Net Latency:+       0 (I)           
        Capture Clock:+       0               
              Arrival:=     769               
                                              
                Setup:-       5               
        Required Time:=     765               
            Data Path:-     765               
                Slack:=       0               

Exceptions/Constraints:
  max_delay             769             del_1 

#-------------------------------------------------------------------------------------------------------------------------
#           Timing Point            Flags   Arc   Edge           Cell            Fanout Load Trans Delay Arrival Instance 
#                                                                                       (fF)  (ps)  (ps)   (ps)  Location 
#-------------------------------------------------------------------------------------------------------------------------
  operation_i[op][1]                -       -     R     (arrival)                    16 25.6     0     0       0    (-,-) 
  g166013/Y                         -       A->Y  F     NAND2x2_ASAP7_75t_SL          2  5.7    16     9       9    (-,-) 
  g165754/Y                         -       A->Y  R     INVx3_ASAP7_75t_SL            1  3.1    12     8      17    (-,-) 
  g165646/Y                         -       A->Y  F     NAND4xp75_ASAP7_75t_SL        1  2.6    28    13      30    (-,-) 
  g165432/Y                         -       A->Y  F     AND2x6_ASAP7_75t_SL           8 24.1    28    32      61    (-,-) 
  g165260/Y                         -       A->Y  F     BUFx12f_ASAP7_75t_SL          5 13.1    12    18      79    (-,-) 
  g165249/Y                         -       A->Y  F     BUFx12f_ASAP7_75t_SL          7 16.6    13    16      96    (-,-) 
  g165247/Y                         -       A->Y  F     BUFx6f_ASAP7_75t_SL           7 15.0    18    19     114    (-,-) 
  g165212/Y                         -       B->Y  R     NAND2x1p5_ASAP7_75t_SL        1  2.6    16    12     126    (-,-) 
  g164841/Y                         -       A2->Y F     AOI21x1_ASAP7_75t_SL          2  4.4    32    14     140    (-,-) 
  addinc_adder_x_add_49_41_g14291/Y -       B->Y  R     NOR2x1p5_ASAP7_75t_SL         2  4.5    29    18     157    (-,-) 
  addinc_adder_x_add_49_41_g13867/Y -       B->Y  F     NOR2x1p5_ASAP7_75t_L          2  3.3    23    15     172    (-,-) 
  addinc_adder_x_add_49_41_g13210/Y -       A->Y  F     AND2x2_ASAP7_75t_SL           2  4.2    16    22     195    (-,-) 
  addinc_adder_x_add_49_41_g13045/Y -       A->Y  F     AND2x4_ASAP7_75t_SL           2  4.7    11    18     212    (-,-) 
  addinc_adder_x_add_49_41_g12812/Y -       B->Y  R     NAND2x1p5_ASAP7_75t_SL        2  4.4    25    13     226    (-,-) 
  addinc_adder_x_add_49_41_g12661/Y -       B->Y  F     NOR2x1p5_ASAP7_75t_SL         2  5.1    23    15     241    (-,-) 
  addinc_adder_x_add_49_41_g12632/Y -       A->Y  R     INVx2_ASAP7_75t_SL            1  2.6    15    10     251    (-,-) 
  addinc_adder_x_add_49_41_g12504/Y -       A->Y  R     OR2x6_ASAP7_75t_SL           31 53.3    66    42     293    (-,-) 
  addinc_adder_x_add_49_41_g12415/Y -       A->Y  F     CKINVDCx16_ASAP7_75t_SL      35 47.5    35    19     312    (-,-) 
  addinc_adder_x_add_49_41_g12363/Y -       B->Y  R     NAND2xp5_ASAP7_75t_SL         1  2.1    32    20     332    (-,-) 
  addinc_adder_x_add_49_41_g11651/Y -       A1->Y R     OA21x2_ASAP7_75t_SL           1  2.5    14    21     353    (-,-) 
  addinc_adder_x_add_49_41_g11432/Y -       B->Y  R     XNOR2x2_ASAP7_75t_SL          2  4.0    19    22     374    (-,-) 
  g221696/Y                         -       A2->Y R     AO21x1_ASAP7_75t_SL           2  3.2    25    21     396    (-,-) 
  addinc_adder_y_add_49_41_g15158/Y -       A->Y  R     OR2x2_ASAP7_75t_SL            2  3.5    16    21     416    (-,-) 
  addinc_adder_y_add_49_41_g14457/Y -       B->Y  R     AND2x2_ASAP7_75t_SL           2  5.9    24    22     439    (-,-) 
  fopt224743/Y                      -       A->Y  F     INVx4_ASAP7_75t_SL            1  2.6    10     5     444    (-,-) 
  addinc_adder_y_add_49_41_g14226/Y -       A->Y  F     OR2x6_ASAP7_75t_SL            4  6.8    14    20     464    (-,-) 
  addinc_adder_y_add_49_41_g13959/Y -       B->Y  F     OR2x6_ASAP7_75t_SL            2  5.0    12    19     484    (-,-) 
  addinc_adder_y_add_49_41_g13713/Y -       A->Y  R     NOR2x2_ASAP7_75t_SL           2  4.0    20    11     494    (-,-) 
  fopt224645/Y                      -       A->Y  R     BUFx3_ASAP7_75t_SL            2  4.2    13    17     511    (-,-) 
  fopt224644/Y                      -       A->Y  R     BUFx6f_ASAP7_75t_SL          12 16.7    22    20     531    (-,-) 
  addinc_adder_y_add_49_41_g13544/Y -       B->Y  R     AND2x2_ASAP7_75t_SL           2  3.5    16    20     550    (-,-) 
  addinc_adder_y_add_49_41_g13133/Y -       B->Y  F     NAND2xp5_ASAP7_75t_SL         1  2.4    27    15     566    (-,-) 
  addinc_adder_y_add_49_41_g12369/Y -       A1->Y F     OA221x2_ASAP7_75t_SL          1  2.6    16    30     595    (-,-) 
  addinc_adder_y_add_49_41_g12192/Y -       B->Y  F     XOR2x2_ASAP7_75t_SL           2  3.5    16    22     617    (-,-) 
  g173241/Y                         -       A->Y  F     OR4x1_ASAP7_75t_SL            1  2.1    19    27     644    (-,-) 
  g172548/Y                         -       A->Y  R     NOR5xp2_ASAP7_75t_SL          1  2.1    84    38     682    (-,-) 
  g172132/Y                         -       C->Y  R     AND4x2_ASAP7_75t_SL           2  4.0    24    35     717    (-,-) 
  g170195/Y                         -       E->Y  F     NAND5xp2_ASAP7_75t_SL         1  2.1    62    29     746    (-,-) 
  g169564/Y                         -       A->Y  F     AND4x1_ASAP7_75t_SL           1  2.1    16    18     765    (-,-) 
  flags_q_reg[1][Z]/D               <<<     -     F     DFFASRHQNx1_ASAP7_75t_SL      1    -     -     0     765    (-,-) 
#-------------------------------------------------------------------------------------------------------------------------

