============================================================
  Generated by:           Genus(TM) Synthesis Solution 21.18-s082_1
  Generated on:           Sep 17 2025  03:20:23 am
  Module:                 otbn_bignum_mul
  Operating conditions:   PVT_0P7V_25C 
  Interconnect mode:      global
  Area mode:              physical library
============================================================


Path 1: MET (0 ps) Path Delay Check
     Startpoint: (F) word_sel_B[1]
       Endpoint: (F) result[84]

                   Capture    Launch  
      Path Delay:+     741         -  
      Drv Adjust:+       0         0  
         Arrival:=     741            
                                      
   Required Time:=     741            
       Data Path:-     741            
           Slack:=       0            

Exceptions/Constraints:
  max_delay             741             del_1 

#-------------------------------------------------------------------------------------------------------------
#       Timing Point        Flags   Arc   Edge         Cell          Fanout Load Trans Delay Arrival Instance 
#                                                                           (fF)  (ps)  (ps)   (ps)  Location 
#-------------------------------------------------------------------------------------------------------------
  word_sel_B[1]             -       -     F     (arrival)                 6 18.1     0     0       0    (-,-) 
  g3125__2346/Y             -       A->Y  F     AND2x6_ASAP7_75t_SL       4 12.5    17    19      19    (-,-) 
  fopt3135/Y                -       A->Y  F     BUFx12f_ASAP7_75t_SL     20 30.1    20    21      40    (-,-) 
  g3048__2883/Y             -       B2->Y F     AO22x1_ASAP7_75t_SL       1  2.6    19    25      65    (-,-) 
  g2946__8428/Y             -       A->Y  F     OR2x6_ASAP7_75t_SL        5 14.3    20    26      91    (-,-) 
  mul_41_29_g236037/Y       -       A->Y  R     INVx3_ASAP7_75t_SL        1  2.1    11     7      98    (-,-) 
  mul_41_29_g233939/Y       -       B1->Y R     OA22x2_ASAP7_75t_SL       2  4.6    20    21     120    (-,-) 
  mul_41_29_g232330/Y       -       B->Y  R     AND2x6_ASAP7_75t_SL       2  6.0    13    20     140    (-,-) 
  fopt237142/Y              -       A->Y  R     BUFx12f_ASAP7_75t_SL     12 17.1    15    16     156    (-,-) 
  fopt237140/Y              -       A->Y  R     BUFx3_ASAP7_75t_SL        4  5.3    16    17     173    (-,-) 
  mul_41_29_g231342/Y       -       A2->Y R     AO22x1_ASAP7_75t_SL       2  4.5    35    29     202    (-,-) 
  mul_41_29_g229269/Y       -       B->Y  R     XOR2xp5_ASAP7_75t_SL      1  2.5    42    27     228    (-,-) 
  mul_41_29_g236893/Y       -       B->Y  F     XNOR2x2_ASAP7_75t_SL      2  5.0    20    31     260    (-,-) 
  mul_41_29_g226255/Y       -       C->Y  R     MAJIxp5_ASAP7_75t_SL      2  3.9    66    30     289    (-,-) 
  mul_41_29_g225155/Y       -       A->Y  R     MAJx2_ASAP7_75t_SL        2  4.5    22    28     317    (-,-) 
  mul_41_29_g224479/Y       -       B->Y  R     XOR2x1_ASAP7_75t_SL       1  2.5    24    19     336    (-,-) 
  mul_41_29_g223973/Y       -       B->Y  R     XNOR2x2_ASAP7_75t_SL      2  4.4    21    24     360    (-,-) 
  mul_41_29_g223600/Y       -       B->Y  F     XNOR2x2_ASAP7_75t_SL      1  3.2    15    27     388    (-,-) 
  mul_41_29_g223298/Y       -       A->Y  F     XNOR2x1_ASAP7_75t_SL      2  4.6    29    22     410    (-,-) 
  mul_41_29_g222996/Y       -       A->Y  F     XNOR2x1_ASAP7_75t_SL      1  2.6    30    20     430    (-,-) 
  mul_41_29_g222709/Y       -       B->Y  R     XOR2x2_ASAP7_75t_SL       2  4.0    19    32     462    (-,-) 
  mul_41_29_g222568/Y       -       A->Y  R     AND2x4_ASAP7_75t_SL       3  6.8    16    17     479    (-,-) 
  mul_41_29_g222448/Y       -       B->Y  F     NOR2x2_ASAP7_75t_SL       2  3.9    21    11     490    (-,-) 
  mul_41_29_g222276/Y       -       A2->Y F     AO21x2_ASAP7_75t_SL       1  2.4    12    20     510    (-,-) 
  mul_41_29_g222108/Y       -       B->Y  F     AO211x2_ASAP7_75t_SL      2  3.9    15    20     530    (-,-) 
  mul_41_29_g221952/Y       -       A1->Y F     AO211x2_ASAP7_75t_SL      8 11.4    35    30     560    (-,-) 
  mul_41_29_g221866__1617/Y -       A2->Y F     AO211x2_ASAP7_75t_SL      1  2.0    12    18     579    (-,-) 
  mul_41_29_g221842__6131/Y -       C->Y  F     AO221x2_ASAP7_75t_SL      2  5.7    23    31     610    (-,-) 
  fopt4/Y                   -       A->Y  F     BUFx6f_ASAP7_75t_SL       5 10.4    14    19     629    (-,-) 
  mul_41_29_g221823__5477/Y -       B->Y  F     AND2x4_ASAP7_75t_SL       2  5.8    12    17     646    (-,-) 
  mul_41_29_g221811__5115/Y -       A->Y  F     OR2x6_ASAP7_75t_SL        6  9.6    16    22     668    (-,-) 
  mul_41_29_g221777__1881/Y -       A1->Y F     AO21x1_ASAP7_75t_L        1  3.2    22    26     695    (-,-) 
  mul_41_29_g221732__6417/Y -       B->Y  F     XNOR2x1_ASAP7_75t_SL      3  4.3    29    23     718    (-,-) 
  g5091__6161/Y             -       A1->Y F     AO22x1_ASAP7_75t_SL       1  1.5    21    23     741    (-,-) 
  result[84]                <<<     -     F     (port)                    -    -     -     0     741    (-,-) 
#-------------------------------------------------------------------------------------------------------------

