============================================================
  Generated by:           Genus(TM) Synthesis Solution 21.18-s082_1
  Generated on:           Sep 16 2025  12:40:32 pm
  Module:                 towards_mac_adder
  Operating conditions:   PVT_0P7V_25C 
  Interconnect mode:      global
  Area mode:              physical library
============================================================


Path 1: MET (0 ps) Path Delay Check
     Startpoint: (F) A[18]
       Endpoint: (R) sum[255]

                   Capture    Launch  
      Path Delay:+    1124         -  
      Drv Adjust:+       0         0  
         Arrival:=    1124            
                                      
   Required Time:=    1124            
       Data Path:-    1124            
           Slack:=       0            

Exceptions/Constraints:
  max_delay             1124            del_1 

#----------------------------------------------------------------------------------------------------------------
#       Timing Point         Flags   Arc   Edge          Cell           Fanout Load Trans Delay Arrival Instance 
#                                                                              (fF)  (ps)  (ps)   (ps)  Location 
#----------------------------------------------------------------------------------------------------------------
  A[18]                      -       -     F     (arrival)                   2  5.1     0     0       0    (-,-) 
  add_75_33_I1_g1388/Y       -       A->Y  R     INVx3_ASAP7_75t_SL          1  3.1     8     5       5    (-,-) 
  add_75_33_I1_g1379__6417/Y -       A->Y  F     NAND2x1p5_ASAP7_75t_SL      2  4.0    16     9      14    (-,-) 
  add_75_33_I1_g1352/Y       -       A->Y  R     INVx2_ASAP7_75t_SL          2  3.7    16    11      24    (-,-) 
  add_75_33_I1_g1223__1666/Y -       A2->Y F     OAI21x1_ASAP7_75t_SL        1  2.1    22     9      34    (-,-) 
  add_75_33_I1_g1195__6260/Y -       B->Y  F     AO21x2_ASAP7_75t_SL         2  3.5    15    22      56    (-,-) 
  add_75_33_I1_g1179__6161/Y -       A2->Y F     AO21x2_ASAP7_75t_SL         3  4.7    18    23      79    (-,-) 
  add_75_33_I1_g1146__2883/Y -       A2->Y F     AO21x1_ASAP7_75t_SL         1  2.5    18    20      99    (-,-) 
  add_75_33_I1_g1130__1705/Y -       B->Y  F     AO31x2_ASAP7_75t_SL         2  3.8    15    19     118    (-,-) 
  add_75_33_I1_g1106__6131/Y -       A2->Y F     AO21x2_ASAP7_75t_SL         2  2.8    13    20     138    (-,-) 
  g193__2398/Y               -       A1->Y F     AO21x2_ASAP7_75t_SL         2  4.4    19    23     161    (-,-) 
  add_75_33_I2_g1092__8428/Y -       A1->Y R     AOI21x1_ASAP7_75t_SL        2  4.0    35    17     178    (-,-) 
  add_75_33_I2_g1054__5477/Y -       A2->Y F     OAI21x1_ASAP7_75t_SL        2  3.5    26    13     191    (-,-) 
  add_75_33_I2_g1031__2802/Y -       A2->Y F     AO21x2_ASAP7_75t_SL         2  4.1    16    24     216    (-,-) 
  add_75_33_I2_g1013__7410/Y -       A1->Y F     AO31x2_ASAP7_75t_SL         2  3.6    15    16     232    (-,-) 
  add_75_33_I2_g993__3680/Y  -       A2->Y R     AOI21x1_ASAP7_75t_SL        2  4.2    46    18     250    (-,-) 
  add_75_33_I2_g969__5122/Y  -       A2->Y F     OAI21x1_ASAP7_75t_SL        2  4.1    36    15     265    (-,-) 
  g200/Y                     -       A->Y  R     INVx3_ASAP7_75t_SL          1  2.6    15    10     275    (-,-) 
  g198__4319/Y               -       A2->Y F     OAI21x1_ASAP7_75t_SL        2  3.5    34    12     287    (-,-) 
  add_75_33_I3_g1067__6260/Y -       A1->Y F     AO21x2_ASAP7_75t_SL         2  4.0    17    27     313    (-,-) 
  add_75_33_I3_g1029__6417/Y -       A2->Y R     AOI21x1_ASAP7_75t_SL        2  3.5    39    16     329    (-,-) 
  add_75_33_I3_g1005__1617/Y -       A2->Y R     OA21x2_ASAP7_75t_SL         2  5.1    23    25     354    (-,-) 
  add_75_33_I3_g996__4319/Y  -       B->Y  F     NOR2x2_ASAP7_75t_SL         1  2.6    22    10     364    (-,-) 
  add_75_33_I3_g987__2346/Y  -       B->Y  F     OR2x6_ASAP7_75t_SL         12 17.1    22    27     391    (-,-) 
  add_75_33_I3_g967__5526/Y  -       A2->Y R     AOI21x1_ASAP7_75t_SL        2  4.2    46    19     410    (-,-) 
  add_75_33_I3_g943__2802/Y  -       A2->Y F     OAI21x1_ASAP7_75t_SL        2  2.8    30    12     422    (-,-) 
  g209__1617/Y               -       A1->Y F     AO21x2_ASAP7_75t_SL         2  3.7    17    26     447    (-,-) 
  add_75_33_I4_g1061__5477/Y -       A1->Y R     AOI21x1_ASAP7_75t_SL        2  4.0    35    17     464    (-,-) 
  add_75_33_I4_g1024__2346/Y -       A2->Y F     OAI21x1_ASAP7_75t_SL        2  3.5    26    13     478    (-,-) 
  add_75_33_I4_g1001__5526/Y -       A2->Y F     AO21x2_ASAP7_75t_SL         2  4.1    16    24     502    (-,-) 
  add_75_33_I4_g987__9945/Y  -       A1->Y F     AO31x2_ASAP7_75t_SL         2  4.0    16    17     519    (-,-) 
  add_75_33_I4_g967__4319/Y  -       A2->Y R     AOI21x1_ASAP7_75t_SL        2  4.2    46    18     537    (-,-) 
  add_75_33_I4_g943__3680/Y  -       A2->Y F     OAI21x1_ASAP7_75t_SL        2  2.8    30    12     549    (-,-) 
  g201__5526/Y               -       A1->Y F     AO21x2_ASAP7_75t_SL         2  3.7    16    26     574    (-,-) 
  add_75_33_I5_g1063/Y       -       A1->Y R     AOI21x1_ASAP7_75t_SL        2  4.0    35    17     591    (-,-) 
  add_75_33_I5_g1026__9315/Y -       A2->Y F     OAI21x1_ASAP7_75t_SL        2  3.5    26    13     605    (-,-) 
  add_75_33_I5_g1003__6260/Y -       A2->Y F     AO21x2_ASAP7_75t_SL         2  4.0    16    24     629    (-,-) 
  add_75_33_I5_g987__4733/Y  -       A2->Y F     AO31x2_ASAP7_75t_SL         2  4.0    16    18     647    (-,-) 
  add_75_33_I5_g967__2398/Y  -       A2->Y R     AOI21x1_ASAP7_75t_SL        2  4.2    46    18     664    (-,-) 
  add_75_33_I5_g943__8428/Y  -       A2->Y F     OAI21x1_ASAP7_75t_SL        2  2.8    30    12     677    (-,-) 
  g211__2802/Y               -       A1->Y F     AO21x2_ASAP7_75t_SL         2  3.8    18    26     702    (-,-) 
  add_75_33_I6_g1085/Y       -       A1->Y F     AO21x2_ASAP7_75t_SL         2  4.1    16    23     726    (-,-) 
  add_75_33_I6_g1042/Y       -       A1->Y F     AO31x2_ASAP7_75t_SL         2  4.0    16    17     742    (-,-) 
  add_75_33_I6_g1015/Y       -       A2->Y R     AOI21x1_ASAP7_75t_SL        2  3.5    30    16     758    (-,-) 
  add_75_33_I6_g993/Y        -       A2->Y R     OA21x2_ASAP7_75t_SL         2  3.9    19    22     780    (-,-) 
  add_75_33_I6_g967/Y        -       A2->Y R     OA21x2_ASAP7_75t_SL         2  4.2    20    21     802    (-,-) 
  add_75_33_I6_g943/Y        -       A2->Y F     OAI21x1_ASAP7_75t_SL        2  2.8    30    11     813    (-,-) 
  g204__6783/Y               -       A1->Y F     AO21x2_ASAP7_75t_SL         2  4.3    17    26     839    (-,-) 
  add_75_33_I7_g1090/Y       -       A2->Y R     AOI21x1_ASAP7_75t_SL        2  3.6    32    16     855    (-,-) 
  add_75_33_I7_g1045/Y       -       A2->Y F     OAI21x1_ASAP7_75t_SL        2  4.0    28    14     870    (-,-) 
  add_75_33_I7_g1012/Y       -       A2->Y R     AOI21x1_ASAP7_75t_SL        2  3.5    40    18     887    (-,-) 
  add_75_33_I7_g993/Y        -       A2->Y R     OA21x2_ASAP7_75t_SL         2  3.9    20    23     910    (-,-) 
  add_75_33_I7_g967/Y        -       A2->Y R     OA21x2_ASAP7_75t_SL         2  4.2    20    21     932    (-,-) 
  add_75_33_I7_g943/Y        -       A2->Y F     OAI21x1_ASAP7_75t_SL        2  2.8    30    11     943    (-,-) 
  g207__3680/Y               -       A1->Y F     AO21x2_ASAP7_75t_SL         2  3.5    17    25     968    (-,-) 
  add_75_33_I8_g1085/Y       -       A1->Y F     AO21x2_ASAP7_75t_SL         3  5.6    20    25     993    (-,-) 
  add_75_33_I8_g1041/Y       -       A2->Y R     AOI21x1_ASAP7_75t_SL        2  3.5    38    17    1010    (-,-) 
  add_75_33_I8_g1009/Y       -       A2->Y R     OA21x2_ASAP7_75t_SL         2  3.5    17    22    1032    (-,-) 
  add_75_33_I8_g1001/Y       -       B->Y  R     OR2x2_ASAP7_75t_SL          1  2.6    13    17    1049    (-,-) 
  add_75_33_I8_g990/Y        -       B->Y  R     AND2x6_ASAP7_75t_SL        13 28.2    38    30    1080    (-,-) 
  add_75_33_I8_g980/Y        -       A->Y  F     INVx8_ASAP7_75t_SL          5  9.9    17     9    1088    (-,-) 
  add_75_33_I8_g967/Y        -       A2->Y R     AOI21x1_ASAP7_75t_SL        2  4.2    46    18    1106    (-,-) 
  add_75_33_I8_g952/Y        -       B->Y  R     XNOR2xp5_ASAP7_75t_SL       1  1.5    38    17    1124    (-,-) 
  sum[255]                   <<<     -     R     (port)                      -    -     -     0    1124    (-,-) 
#----------------------------------------------------------------------------------------------------------------

