============================================================
  Generated by:           Genus(TM) Synthesis Solution 21.18-s082_1
  Generated on:           Sep 16 2025  12:35:32 pm
  Module:                 towards_alu_adder
  Operating conditions:   PVT_0P7V_25C 
  Interconnect mode:      global
  Area mode:              physical library
============================================================


Path 1: MET (0 ps) Path Delay Check
     Startpoint: (F) B[0][11]
       Endpoint: (F) sum[248]

                   Capture    Launch  
      Path Delay:+    2000         -  
      Drv Adjust:+       0         0  
         Arrival:=    2000            
                                      
   Required Time:=    2000            
       Data Path:-    2000            
           Slack:=       0            

Exceptions/Constraints:
  max_delay             2000            del_1 

#-----------------------------------------------------------------------------------------------------------------
#        Timing Point         Flags   Arc   Edge          Cell           Fanout Load Trans Delay Arrival Instance 
#                                                                               (fF)  (ps)  (ps)   (ps)  Location 
#-----------------------------------------------------------------------------------------------------------------
  B[0][11]                    -       -     F     (arrival)                   2  5.4     0     0       0    (-,-) 
  add_46_33_I1_g536__8246/Y   -       B->Y  F     OR2x6_ASAP7_75t_SL          3  6.6    13    18      18    (-,-) 
  add_46_33_I1_g509__9945/Y   -       A->Y  R     NAND2x2_ASAP7_75t_SL        2  4.1    21    14      32    (-,-) 
  add_46_33_I1_g473__7482/Y   -       A2->Y R     OA21x2_ASAP7_75t_SL         1  4.0    18    21      53    (-,-) 
  fopt659/Y                   -       A->Y  F     INVx4_ASAP7_75t_SL          2  3.7    10     6      59    (-,-) 
  add_46_33_I1_g467__8246/Y   -       B2->Y R     AOI221x1_ASAP7_75t_SL       1  2.1    35    15      74    (-,-) 
  add_46_33_I1_g456__4319/Y   -       B->Y  R     OA21x2_ASAP7_75t_SL         2  3.9    18    22      96    (-,-) 
  add_46_33_I1_g442__4733/Y   -       A2->Y F     OAI21x1_ASAP7_75t_SL        2  2.8    30    11     107    (-,-) 
  g378__2398/Y                -       A1->Y F     AO21x2_ASAP7_75t_SL         1  3.1    16    25     131    (-,-) 
  add_46_33_I2_g532__2398/Y   -       B->Y  R     NAND2x1p5_ASAP7_75t_SL      2  3.4    18    13     144    (-,-) 
  add_46_33_I2_g493__6417/Y   -       A2->Y R     OA21x2_ASAP7_75t_SL         2  3.4    18    20     164    (-,-) 
  add_46_33_I2_g475__2802/Y   -       A2->Y R     OA21x2_ASAP7_75t_SL         2  3.4    16    20     184    (-,-) 
  add_46_33_I2_g465__5107/Y   -       A2->Y R     OA21x2_ASAP7_75t_SL         2  3.4    17    20     203    (-,-) 
  add_46_33_I2_g456__2883/Y   -       A2->Y R     OA21x2_ASAP7_75t_SL         2  3.9    19    20     224    (-,-) 
  add_46_33_I2_g442__2802/Y   -       A2->Y F     OAI21x1_ASAP7_75t_SL        2  2.8    30    11     234    (-,-) 
  g407__2802/Y                -       A1->Y F     AO21x2_ASAP7_75t_SL         1  3.1    15    25     259    (-,-) 
  add_46_33_I173_g492__4733/Y -       B->Y  R     NAND2x1p5_ASAP7_75t_SL      2  3.9    20    13     272    (-,-) 
  add_46_33_I173_g453__5115/Y -       A2->Y F     OAI21x1_ASAP7_75t_SL        2  3.9    35    13     286    (-,-) 
  add_46_33_I173_g435__5477/Y -       A2->Y R     AOI21x1_ASAP7_75t_SL        2  3.3    37    18     304    (-,-) 
  add_46_33_I173_g424__6161/Y -       A2->Y R     OA21x2_ASAP7_75t_SL         1  4.0    19    23     327    (-,-) 
  fopt4/Y                     -       A->Y  F     INVx4_ASAP7_75t_SL          2  3.9    10     6     333    (-,-) 
  add_46_33_I173_g415__8246/Y -       A2->Y R     AOI21x1_ASAP7_75t_SL        2  3.9    33    16     349    (-,-) 
  add_46_33_I173_g401__5477/Y -       A2->Y F     OAI21x1_ASAP7_75t_SL        2  2.8    30    12     361    (-,-) 
  g409__5122/Y                -       A1->Y F     AO21x2_ASAP7_75t_SL         1  3.1    16    25     386    (-,-) 
  add_46_33_I176_g492__2802/Y -       B->Y  R     NAND2x1p5_ASAP7_75t_SL      2  3.9    20    14     399    (-,-) 
  add_46_33_I176_g453__3680/Y -       A2->Y F     OAI21x1_ASAP7_75t_SL        2  3.9    35    13     412    (-,-) 
  add_46_33_I176_g435__4733/Y -       A2->Y R     AOI21x1_ASAP7_75t_SL        2  3.3    37    18     430    (-,-) 
  add_46_33_I176_g424__1705/Y -       A2->Y R     OA21x2_ASAP7_75t_SL         2  3.4    17    22     452    (-,-) 
  add_46_33_I176_g415__4319/Y -       A2->Y R     OA21x2_ASAP7_75t_SL         2  3.9    19    20     473    (-,-) 
  add_46_33_I176_g401__4733/Y -       A2->Y F     OAI21x1_ASAP7_75t_SL        2  2.8    30    11     484    (-,-) 
  g403__3680/Y                -       A1->Y F     AO21x2_ASAP7_75t_SL         1  3.1    15    25     508    (-,-) 
  add_46_33_I179_g491__2398/Y -       B->Y  R     NAND2x1p5_ASAP7_75t_SL      2  3.4    18    12     521    (-,-) 
  add_46_33_I179_g452__6417/Y -       A2->Y R     OA21x2_ASAP7_75t_SL         2  3.4    18    20     541    (-,-) 
  add_46_33_I179_g434__2802/Y -       A2->Y R     OA21x2_ASAP7_75t_SL         2  3.4    16    20     560    (-,-) 
  add_46_33_I179_g424__5107/Y -       A2->Y R     OA21x2_ASAP7_75t_SL         2  3.4    17    20     580    (-,-) 
  add_46_33_I179_g415__2883/Y -       A2->Y R     OA21x2_ASAP7_75t_SL         2  3.9    19    20     600    (-,-) 
  add_46_33_I179_g401__2802/Y -       A2->Y F     OAI21x1_ASAP7_75t_SL        2  2.8    30    11     611    (-,-) 
  g392__8246/Y                -       A1->Y F     AO21x2_ASAP7_75t_SL         1  3.1    16    25     636    (-,-) 
  add_46_33_I182_g492__6161/Y -       B->Y  R     NAND2x1p5_ASAP7_75t_SL      2  3.9    20    14     650    (-,-) 
  add_46_33_I182_g453__7482/Y -       A2->Y F     OAI21x1_ASAP7_75t_SL        2  3.9    35    13     663    (-,-) 
  add_46_33_I182_g435__2398/Y -       A2->Y R     AOI21x1_ASAP7_75t_SL        2  3.3    37    18     681    (-,-) 
  add_46_33_I182_g424__9315/Y -       A2->Y R     OA21x2_ASAP7_75t_SL         2  3.4    17    22     703    (-,-) 
  add_46_33_I182_g415__7098/Y -       A2->Y R     OA21x2_ASAP7_75t_SL         2  3.9    19    20     724    (-,-) 
  add_46_33_I182_g401__2398/Y -       A2->Y F     OAI21x1_ASAP7_75t_SL        2  2.8    30    11     734    (-,-) 
  g401__6783/Y                -       A1->Y F     AO21x2_ASAP7_75t_SL         1  3.1    15    25     759    (-,-) 
  add_46_33_I185_g491__1705/Y -       B->Y  R     NAND2x1p5_ASAP7_75t_SL      2  3.4    18    12     771    (-,-) 
  add_46_33_I185_g452__1617/Y -       A2->Y R     OA21x2_ASAP7_75t_SL         2  3.4    18    20     791    (-,-) 
  add_46_33_I185_g434__6161/Y -       A2->Y R     OA21x2_ASAP7_75t_SL         2  3.4    16    20     811    (-,-) 
  add_46_33_I185_g424__5122/Y -       A2->Y R     OA21x2_ASAP7_75t_SL         2  3.4    17    20     830    (-,-) 
  add_46_33_I185_g415__8428/Y -       A2->Y R     OA21x2_ASAP7_75t_SL         2  3.9    19    20     851    (-,-) 
  add_46_33_I185_g401__6161/Y -       A2->Y F     OAI21x1_ASAP7_75t_SL        2  2.8    30    11     862    (-,-) 
  g417__7482/Y                -       A1->Y F     AO21x2_ASAP7_75t_SL         1  3.1    16    25     886    (-,-) 
  add_46_33_I188_g492__5107/Y -       B->Y  R     NAND2x1p5_ASAP7_75t_SL      2  3.9    20    14     900    (-,-) 
  add_46_33_I188_g453__5477/Y -       A2->Y F     OAI21x1_ASAP7_75t_SL        2  3.6    34    13     913    (-,-) 
  add_46_33_I188_g435__1705/Y -       A2->Y R     AOI21x1_ASAP7_75t_SL        2  3.3    37    18     931    (-,-) 
  add_46_33_I188_g424__6260/Y -       A2->Y R     OA21x2_ASAP7_75t_SL         1  4.0    19    23     954    (-,-) 
  fopt598/Y                   -       A->Y  F     INVx4_ASAP7_75t_SL          2  4.0    11     6     960    (-,-) 
  add_46_33_I188_g415__2346/Y -       A2->Y R     AOI21x1_ASAP7_75t_SL        2  3.9    33    16     976    (-,-) 
  add_46_33_I188_g401__1705/Y -       A2->Y F     OAI21x1_ASAP7_75t_SL        2  2.8    30    12     988    (-,-) 
  g399__5526/Y                -       A1->Y F     AO21x2_ASAP7_75t_SL         1  3.1    15    25    1012    (-,-) 
  add_46_33_I191_g491/Y       -       B->Y  R     NAND2x1p5_ASAP7_75t_SL      2  3.4    18    12    1025    (-,-) 
  add_46_33_I191_g452__4733/Y -       A2->Y R     OA21x2_ASAP7_75t_SL         2  3.4    18    20    1045    (-,-) 
  add_46_33_I191_g434__5107/Y -       A2->Y R     OA21x2_ASAP7_75t_SL         2  3.4    16    20    1064    (-,-) 
  add_46_33_I191_g424__9945/Y -       A2->Y R     OA21x2_ASAP7_75t_SL         2  3.4    17    20    1084    (-,-) 
  add_46_33_I191_g415__6131/Y -       A2->Y R     OA21x2_ASAP7_75t_SL         2  3.9    19    20    1104    (-,-) 
  add_46_33_I191_g401__5107/Y -       A2->Y F     OAI21x1_ASAP7_75t_SL        2  2.8    30    11    1115    (-,-) 
  g416__5115/Y                -       A1->Y F     AO21x2_ASAP7_75t_SL         1  3.1    16    25    1140    (-,-) 
  add_46_33_I194_g492/Y       -       B->Y  R     NAND2x1p5_ASAP7_75t_SL      2  3.9    20    14    1154    (-,-) 
  add_46_33_I194_g453/Y       -       A2->Y F     OAI21x1_ASAP7_75t_SL        2  3.9    35    13    1167    (-,-) 
  add_46_33_I194_g435/Y       -       A2->Y R     AOI21x1_ASAP7_75t_SL        2  3.3    37    18    1185    (-,-) 
  add_46_33_I194_g424/Y       -       A2->Y R     OA21x2_ASAP7_75t_SL         1  4.0    19    23    1208    (-,-) 
  fopt5/Y                     -       A->Y  F     INVx4_ASAP7_75t_SL          2  4.0    11     6    1214    (-,-) 
  add_46_33_I194_g415/Y       -       A2->Y R     AOI21x1_ASAP7_75t_SL        2  3.9    33    16    1230    (-,-) 
  add_46_33_I194_g401/Y       -       A2->Y F     OAI21x1_ASAP7_75t_SL        2  2.8    30    12    1242    (-,-) 
  g397__8428/Y                -       A1->Y F     AO21x2_ASAP7_75t_SL         1  3.1    15    25    1267    (-,-) 
  add_46_33_I197_g492/Y       -       B->Y  R     NAND2x1p5_ASAP7_75t_SL      2  3.9    20    13    1280    (-,-) 
  add_46_33_I197_g452/Y       -       A2->Y F     OAI21x1_ASAP7_75t_SL        2  3.7    34    13    1293    (-,-) 
  add_46_33_I197_g433/Y       -       A1->Y F     AO31x2_ASAP7_75t_SL         2  3.4    14    18    1311    (-,-) 
  add_46_33_I197_g424/Y       -       A2->Y F     AO21x2_ASAP7_75t_SL         2  3.9    16    21    1332    (-,-) 
  add_46_33_I197_g415/Y       -       A2->Y R     AOI21x1_ASAP7_75t_SL        2  3.9    33    17    1349    (-,-) 
  add_46_33_I197_g401/Y       -       A2->Y F     OAI21x1_ASAP7_75t_SL        2  2.8    30    12    1360    (-,-) 
  g415__1881/Y                -       A1->Y F     AO21x2_ASAP7_75t_SL         1  3.7    17    26    1386    (-,-) 
  add_46_33_I200_g503/Y       -       B->Y  R     NAND2x2_ASAP7_75t_SL        2  3.9    18    13    1399    (-,-) 
  add_46_33_I200_g463/Y       -       A2->Y F     OAI21x1_ASAP7_75t_SL        2  3.7    34    13    1412    (-,-) 
  add_46_33_I200_g439/Y       -       A1->Y F     AO31x2_ASAP7_75t_SL         2  5.0    18    20    1432    (-,-) 
  add_46_33_I200_g434/Y       -       B->Y  R     NAND2x2_ASAP7_75t_SL        1  2.6    17    11    1443    (-,-) 
  add_46_33_I200_g424/Y       -       A->Y  R     AND2x4_ASAP7_75t_SL         2  5.4    14    16    1459    (-,-) 
  fopt695/Y                   -       A->Y  F     INVx4_ASAP7_75t_SL          1  2.6     8     5    1464    (-,-) 
  add_46_33_I200_g415/Y       -       A2->Y R     AOI21x1_ASAP7_75t_SL        2  3.9    33    16    1479    (-,-) 
  add_46_33_I200_g401/Y       -       A2->Y F     OAI21x1_ASAP7_75t_SL        2  2.8    30    12    1491    (-,-) 
  g394__4319/Y                -       A1->Y F     AO21x2_ASAP7_75t_SL         1  3.1    15    25    1516    (-,-) 
  add_46_33_I203_g500/Y       -       B->Y  R     NAND2x1p5_ASAP7_75t_SL      2  3.9    20    13    1529    (-,-) 
  add_46_33_I203_g461/Y       -       A2->Y F     OAI21x1_ASAP7_75t_SL        2  3.4    33    12    1541    (-,-) 
  add_46_33_I203_g438/Y       -       A2->Y F     AO21x2_ASAP7_75t_SL         2  3.9    17    25    1566    (-,-) 
  add_46_33_I203_g425/Y       -       A2->Y R     AOI21x1_ASAP7_75t_SL        2  3.9    32    17    1583    (-,-) 
  add_46_33_I203_g416/Y       -       A2->Y F     OAI21x1_ASAP7_75t_SL        1  3.4    38    13    1596    (-,-) 
  fopt583/Y                   -       A->Y  R     INVx3_ASAP7_75t_SL          2  3.8    19    12    1608    (-,-) 
  add_46_33_I203_g401/Y       -       A2->Y F     OAI21x1_ASAP7_75t_SL        2  2.8    32    11    1619    (-,-) 
  g413__6131/Y                -       A1->Y F     AO21x2_ASAP7_75t_SL         1  3.7    17    26    1645    (-,-) 
  add_46_33_I206_g500/Y       -       B->Y  R     NAND2x2_ASAP7_75t_SL        2  3.9    18    13    1658    (-,-) 
  add_46_33_I206_g460/Y       -       A2->Y F     OAI21x1_ASAP7_75t_SL        2  3.3    32    12    1670    (-,-) 
  add_46_33_I206_g437/Y       -       A2->Y F     AO21x2_ASAP7_75t_SL         2  3.9    17    25    1695    (-,-) 
  add_46_33_I206_g425/Y       -       A2->Y R     AOI21x1_ASAP7_75t_SL        2  3.4    30    16    1711    (-,-) 
  add_46_33_I206_g415/Y       -       A2->Y R     OA21x2_ASAP7_75t_SL         2  3.9    20    22    1733    (-,-) 
  add_46_33_I206_g401/Y       -       A2->Y F     OAI21x1_ASAP7_75t_SL        2  2.8    30    11    1744    (-,-) 
  g405__1617/Y                -       A1->Y F     AO21x2_ASAP7_75t_SL         1  3.7    16    26    1769    (-,-) 
  add_46_33_I209_g501/Y       -       B->Y  R     NAND2x2_ASAP7_75t_SL        2  3.9    18    13    1782    (-,-) 
  add_46_33_I209_g459/Y       -       A2->Y F     OAI21x1_ASAP7_75t_SL        2  3.9    35    13    1795    (-,-) 
  add_46_33_I209_g436/Y       -       A2->Y R     AOI21x1_ASAP7_75t_SL        2  3.4    38    18    1814    (-,-) 
  add_46_33_I209_g424/Y       -       A2->Y R     OA21x2_ASAP7_75t_SL         2  3.4    17    22    1836    (-,-) 
  add_46_33_I209_g415/Y       -       A2->Y R     OA21x2_ASAP7_75t_SL         2  3.9    19    20    1856    (-,-) 
  add_46_33_I209_g401/Y       -       A2->Y F     OAI21x1_ASAP7_75t_SL        2  2.8    30    11    1867    (-,-) 
  g411__7098/Y                -       A1->Y F     AO21x2_ASAP7_75t_SL         2  3.7    17    26    1892    (-,-) 
  add_46_33_I16_g459__6417/Y  -       A2->Y F     AO31x2_ASAP7_75t_SL         2  3.9    14    18    1910    (-,-) 
  add_46_33_I16_g437__5526/Y  -       A2->Y R     AOI21x1_ASAP7_75t_SL        2  3.4    38    15    1926    (-,-) 
  add_46_33_I16_g424__2883/Y  -       A2->Y R     OA21x2_ASAP7_75t_SL         2  5.4    24    25    1951    (-,-) 
  fopt/Y                      -       A->Y  R     BUFx6f_ASAP7_75t_SL         6 11.7    17    18    1969    (-,-) 
  add_46_33_I16_g412__5122/Y  -       A2->Y F     OAI21x1_ASAP7_75t_SL        1  3.2    37    12    1981    (-,-) 
  add_46_33_I16_g406__5526/Y  -       A->Y  F     XNOR2x1_ASAP7_75t_SL        1  1.5    20    19    2000    (-,-) 
  sum[248]                    <<<     -     F     (port)                      -    -     -     0    2000    (-,-) 
#-----------------------------------------------------------------------------------------------------------------

