============================================================
  Generated by:           Genus(TM) Synthesis Solution 21.18-s082_1
  Generated on:           Sep 16 2025  02:21:47 pm
  Module:                 kogge_stone_adder_256_mode0_only
  Operating conditions:   PVT_0P7V_25C 
  Interconnect mode:      global
  Area mode:              physical library
============================================================


Path 1: MET (0 ps) Path Delay Check
     Startpoint: (F) B[3]
       Endpoint: (R) sum[194]

                   Capture    Launch  
      Path Delay:+     294         -  
      Drv Adjust:+       0         0  
         Arrival:=     294            
                                      
   Required Time:=     294            
       Data Path:-     294            
           Slack:=       0            

Exceptions/Constraints:
  max_delay             294             del_1 

#----------------------------------------------------------------------------------------------------
# Timing Point   Flags   Arc   Edge          Cell           Fanout Load Trans Delay Arrival Instance 
#                                                                  (fF)  (ps)  (ps)   (ps)  Location 
#----------------------------------------------------------------------------------------------------
  B[3]           -       -     F     (arrival)                   2  4.5     0     0       0    (-,-) 
  g68138/Y       -       B->Y  F     XNOR2x1_ASAP7_75t_SL        2  5.3    30    21      21    (-,-) 
  fopt68711/Y    -       A->Y  R     INVx4_ASAP7_75t_SL          2  4.0    15    10      30    (-,-) 
  fopt68710/Y    -       A->Y  F     INVx2_ASAP7_75t_SL          2  3.5    13     8      39    (-,-) 
  g67658/Y       -       A2->Y F     OA21x2_ASAP7_75t_SL         2  3.4    15    20      59    (-,-) 
  g66795/Y       -       A1->Y F     OA21x2_ASAP7_75t_SL         2  3.4    14    20      79    (-,-) 
  g66011/Y       -       A2->Y F     OA21x2_ASAP7_75t_SL         2  5.4    20    24     103    (-,-) 
  g65599__2883/Y -       A2->Y F     OA221x2_ASAP7_75t_SL        2  3.8    18    32     135    (-,-) 
  g65391__5526/Y -       A2->Y F     OA21x2_ASAP7_75t_SL         2  3.5    15    22     157    (-,-) 
  g65267__5115/Y -       A2->Y F     OA21x2_ASAP7_75t_SL         3  6.1    22    25     182    (-,-) 
  g65160__9315/Y -       A2->Y R     OAI21x1_ASAP7_75t_SL        2  4.2    43    19     201    (-,-) 
  g65116__1705/Y -       B->Y  R     AND2x4_ASAP7_75t_SL         2  4.4    13    19     219    (-,-) 
  g65107__3680/Y -       B->Y  F     NAND2x1_ASAP7_75t_SL        1  2.1    18     9     228    (-,-) 
  g65058__2883/Y -       B->Y  F     OR2x2_ASAP7_75t_SL          2  3.4    14    21     249    (-,-) 
  g64894__6260/Y -       A2->Y R     OAI211xp5_ASAP7_75t_SL      1  2.6    57    30     279    (-,-) 
  g64763__7410/Y -       A->Y  R     XNOR2xp5_ASAP7_75t_SL       1  1.5    34    15     294    (-,-) 
  sum[194]       <<<     -     R     (port)                      -    -     -     0     294    (-,-) 
#----------------------------------------------------------------------------------------------------

