============================================================
  Generated by:           Genus(TM) Synthesis Solution 21.18-s082_1
  Generated on:           Sep 16 2025  02:14:05 pm
  Module:                 brent_kung_adder_256_mode0_only
  Operating conditions:   PVT_0P7V_25C 
  Interconnect mode:      global
  Area mode:              physical library
============================================================


Path 1: MET (0 ps) Path Delay Check
     Startpoint: (R) B[163]
       Endpoint: (R) sum[255]

                   Capture    Launch  
      Path Delay:+     385         -  
      Drv Adjust:+       0         0  
         Arrival:=     385            
                                      
   Required Time:=     385            
       Data Path:-     385            
           Slack:=       0            

Exceptions/Constraints:
  max_delay             385             del_1 

#----------------------------------------------------------------------------------------------------
# Timing Point   Flags   Arc   Edge          Cell           Fanout Load Trans Delay Arrival Instance 
#                                                                  (fF)  (ps)  (ps)   (ps)  Location 
#----------------------------------------------------------------------------------------------------
  B[163]         -       -     R     (arrival)                   2  4.3     0     0       0    (-,-) 
  g15674/Y       -       B->Y  F     XNOR2x2_ASAP7_75t_SL        3  5.7    21    29      29    (-,-) 
  g15414__6161/Y -       A->Y  R     NOR2x1_ASAP7_75t_SL         1  2.7    29    14      42    (-,-) 
  g15319__6161/Y -       B->Y  F     AOI21x1_ASAP7_75t_SL        1  2.8    21    13      56    (-,-) 
  g15142__5477/Y -       B->Y  R     OAI21x1_ASAP7_75t_SL        1  3.4    29    12      68    (-,-) 
  fopt1/Y        -       A->Y  F     INVx3_ASAP7_75t_SL          2  3.2    13     7      75    (-,-) 
  g15060__4319/Y -       A2->Y R     OAI221xp5_ASAP7_75t_SL      2  3.7    84    40     115    (-,-) 
  g15022__7410/Y -       B2->Y F     AOI221x1_ASAP7_75t_SL       1  2.0    45    22     136    (-,-) 
  g15011__2802/Y -       B->Y  R     OAI211xp5_ASAP7_75t_SL      2  3.3    73    30     166    (-,-) 
  g14989__2802/Y -       A2->Y F     AOI221xp5_ASAP7_75t_SL      1  1.9    51    26     192    (-,-) 
  g14952__7098/Y -       B->Y  F     OA211x2_ASAP7_75t_SL        2  4.1    22    42     234    (-,-) 
  g14818__1705/Y -       B->Y  R     OAI21x1_ASAP7_75t_SL        3  4.7    37    14     248    (-,-) 
  g14751__2883/Y -       A2->Y R     AO21x2_ASAP7_75t_SL         2  3.5    17    22     270    (-,-) 
  g14672__2883/Y -       A1->Y R     AO21x2_ASAP7_75t_SL         2  4.0    19    19     289    (-,-) 
  g14587__1881/Y -       A2->Y F     AOI21x1_ASAP7_75t_SL        2  3.5    40    12     301    (-,-) 
  g14506__3680/Y -       A2->Y F     OA21x2_ASAP7_75t_SL         3  5.8    21    30     331    (-,-) 
  g14457__5526/Y -       A2->Y R     OAI21x1_ASAP7_75t_SL        1  3.4    30    17     347    (-,-) 
  fopt16029/Y    -       A->Y  F     INVx3_ASAP7_75t_SL          2  4.0    15     8     356    (-,-) 
  g14438__6260/Y -       A2->Y R     OAI21x1_ASAP7_75t_SL        1  2.6    36    14     369    (-,-) 
  g14434__2398/Y -       A->Y  R     XNOR2xp5_ASAP7_75t_SL       1  1.5    37    15     385    (-,-) 
  sum[255]       <<<     -     R     (port)                      -    -     -     0     385    (-,-) 
#----------------------------------------------------------------------------------------------------

