============================================================
  Generated by:           Genus(TM) Synthesis Solution 21.18-s082_1
  Generated on:           Sep 24 2025  12:02:17 am
  Module:                 otbn
  Operating conditions:   PVT_0P7V_25C 
  Interconnect mode:      global
  Area mode:              physical library
============================================================


Path 1: MET (1 ps) Setup Check with Pin u_reg_u_intr_state/q_reg[0]/CLK->D
          Group: clk_i
     Startpoint: (R) u_otbn_core_u_otbn_instruction_fetch_u_insn_fetch_resp_data_intg_flop/q_o_reg[4]/CLK
          Clock: (R) clk_i
       Endpoint: (R) u_reg_u_intr_state/q_reg[0]/D
          Clock: (R) clk_i

                     Capture       Launch     
        Clock Edge:+    3030            0     
       Src Latency:+       0            0     
       Net Latency:+       0 (I)        0 (I) 
           Arrival:=    3030            0     
                                              
             Setup:-      17                  
     Required Time:=    3014                  
      Launch Clock:-       0                  
         Data Path:-    3013                  
             Slack:=       1                  

#------------------------------------------------------------------------------------------------------------------------------------------------------------------------------
#                                    Timing Point                                      Flags    Arc    Edge           Cell            Fanout Load Trans Delay Arrival Instance 
#                                                                                                                                            (fF)  (ps)  (ps)   (ps)  Location 
#------------------------------------------------------------------------------------------------------------------------------------------------------------------------------
  u_otbn_core_u_otbn_instruction_fetch_u_insn_fetch_resp_data_intg_flop/q_o_reg[4]/CLK -       -       R     (arrival)                 17626    -     0     0       0    (-,-) 
  u_otbn_core_u_otbn_instruction_fetch_u_insn_fetch_resp_data_intg_flop/q_o_reg[4]/QN  -       CLK->QN F     DFFASRHQNx1_ASAP7_75t_SL      2  3.5    32    42      42    (-,-) 
  fopt891456/Y                                                                         -       A->Y    F     BUFx3_ASAP7_75t_SL            3  6.5    16    22      64    (-,-) 
  fopt891455/Y                                                                         -       A->Y    R     INVx3_ASAP7_75t_SL            2  4.7    15    10      74    (-,-) 
  fopt891454/Y                                                                         -       A->Y    F     INVx3_ASAP7_75t_SL            2  5.7    14     9      83    (-,-) 
  fopt891453/Y                                                                         -       A->Y    R     INVx4_ASAP7_75t_SL            3  7.3    16    10      94    (-,-) 
  fopt891452/Y                                                                         -       A->Y    F     INVx2_ASAP7_75t_SL            2  3.4    13     8     102    (-,-) 
  fopt891451/Y                                                                         -       A->Y    F     BUFx3_ASAP7_75t_SL            2  4.8    12    17     119    (-,-) 
  fopt891449/Y                                                                         -       A->Y    F     BUFx3_ASAP7_75t_SL            2  3.4    10    15     134    (-,-) 
  g704074/Y                                                                            -       A->Y    R     NAND2xp5_ASAP7_75t_SL         6  9.1    95    45     179    (-,-) 
  g704065/Y                                                                            -       C->Y    R     OR3x1_ASAP7_75t_SL            2  3.2    26    21     200    (-,-) 
  g704056/Y                                                                            -       B->Y    R     OR2x2_ASAP7_75t_SL            2  3.3    17    19     220    (-,-) 
  g704048/Y                                                                            -       A->Y    F     NAND3xp33_ASAP7_75t_SL        1  2.1    38    19     238    (-,-) 
  g704043/Y                                                                            -       A->Y    R     NOR4xp25_ASAP7_75t_SL         1  2.0    69    35     274    (-,-) 
  g704040/Y                                                                            -       A1->Y   F     AOI31xp33_ASAP7_75t_SL        1  2.0    48    24     298    (-,-) 
  g704038/Y                                                                            -       A->Y    R     NAND2xp5_ASAP7_75t_SL         7  9.4   102    56     354    (-,-) 
  g704036/Y                                                                            -       B->Y    F     NOR2xp33_ASAP7_75t_SL         2  3.5    78    49     403    (-,-) 
  g704035/Y                                                                            -       A->Y    R     INVx1_ASAP7_75t_SL            1  2.2    34    22     424    (-,-) 
  g705624/Y                                                                            -       A->Y    F     INVx1_ASAP7_75t_SL            1  2.0    19    11     436    (-,-) 
  g885661/Y                                                                            -       B2->Y   F     AO22x1_ASAP7_75t_SL          13 17.6    96    62     498    (-,-) 
  g717535/Y                                                                            -       B1->Y   F     AO22x2_ASAP7_75t_SL          36 51.1   143    99     597    (-,-) 
  g717403/Y                                                                            -       A->Y    F     XOR2xp5_ASAP7_75t_SL          2  4.3    81    34     631    (-,-) 
  u_otbn_core_u_otbn_alu_base_add_51_36_g736/Y                                         -       C->Y    R     MAJIxp5_ASAP7_75t_SL          2  4.0    75    39     670    (-,-) 
  u_otbn_core_u_otbn_alu_base_add_51_36_g735/Y                                         -       A->Y    F     INVx1_ASAP7_75t_SL            1  2.1    29    14     684    (-,-) 
  u_otbn_core_u_otbn_alu_base_add_51_36_g733/Y                                         -       A->Y    R     MAJIxp5_ASAP7_75t_SL          2  4.0    69    33     717    (-,-) 
  u_otbn_core_u_otbn_alu_base_add_51_36_g732/Y                                         -       A->Y    F     INVx1_ASAP7_75t_SL            1  2.1    28    14     730    (-,-) 
  u_otbn_core_u_otbn_alu_base_add_51_36_g730/Y                                         -       A->Y    R     MAJIxp5_ASAP7_75t_SL          2  4.0    71    33     763    (-,-) 
  u_otbn_core_u_otbn_alu_base_add_51_36_g729/Y                                         -       A->Y    F     INVx1_ASAP7_75t_SL            1  2.1    28    14     777    (-,-) 
  u_otbn_core_u_otbn_alu_base_add_51_36_g727/Y                                         -       A->Y    R     MAJIxp5_ASAP7_75t_SL          2  4.0    72    33     810    (-,-) 
  u_otbn_core_u_otbn_alu_base_add_51_36_g726/Y                                         -       A->Y    F     INVx1_ASAP7_75t_SL            1  2.1    28    14     824    (-,-) 
  u_otbn_core_u_otbn_alu_base_add_51_36_g724/Y                                         -       A->Y    R     MAJIxp5_ASAP7_75t_SL          2  4.0    75    33     856    (-,-) 
  u_otbn_core_u_otbn_alu_base_add_51_36_g723/Y                                         -       A->Y    F     INVx1_ASAP7_75t_SL            1  2.1    29    14     870    (-,-) 
  u_otbn_core_u_otbn_alu_base_add_51_36_g721/Y                                         -       A->Y    R     MAJIxp5_ASAP7_75t_SL          2  4.0    67    33     903    (-,-) 
  u_otbn_core_u_otbn_alu_base_add_51_36_g720/Y                                         -       A->Y    F     INVx1_ASAP7_75t_SL            1  2.1    27    14     917    (-,-) 
  u_otbn_core_u_otbn_alu_base_add_51_36_g718/Y                                         -       A->Y    R     MAJIxp5_ASAP7_75t_SL          2  4.0    67    33     949    (-,-) 
  u_otbn_core_u_otbn_alu_base_add_51_36_g717/Y                                         -       A->Y    F     INVx1_ASAP7_75t_SL            1  2.1    27    14     963    (-,-) 
  u_otbn_core_u_otbn_alu_base_add_51_36_g715/Y                                         -       A->Y    R     MAJIxp5_ASAP7_75t_SL          2  4.0    67    33     996    (-,-) 
  u_otbn_core_u_otbn_alu_base_add_51_36_g714/Y                                         -       A->Y    F     INVx1_ASAP7_75t_SL            1  2.1    27    14    1009    (-,-) 
  u_otbn_core_u_otbn_alu_base_add_51_36_g712/Y                                         -       A->Y    R     MAJIxp5_ASAP7_75t_SL          2  4.0    67    33    1042    (-,-) 
  u_otbn_core_u_otbn_alu_base_add_51_36_g711/Y                                         -       A->Y    F     INVx1_ASAP7_75t_SL            1  2.1    27    14    1055    (-,-) 
  u_otbn_core_u_otbn_alu_base_add_51_36_g709/Y                                         -       A->Y    R     MAJIxp5_ASAP7_75t_SL          2  4.0    67    33    1088    (-,-) 
  u_otbn_core_u_otbn_alu_base_add_51_36_g708/Y                                         -       A->Y    F     INVx1_ASAP7_75t_SL            1  2.1    27    14    1102    (-,-) 
  u_otbn_core_u_otbn_alu_base_add_51_36_g706/Y                                         -       A->Y    R     MAJIxp5_ASAP7_75t_SL          2  4.0    69    33    1134    (-,-) 
  u_otbn_core_u_otbn_alu_base_add_51_36_g705/Y                                         -       A->Y    F     INVx1_ASAP7_75t_SL            1  2.1    28    14    1148    (-,-) 
  u_otbn_core_u_otbn_alu_base_add_51_36_g703/Y                                         -       A->Y    R     MAJIxp5_ASAP7_75t_SL          2  4.0    67    33    1180    (-,-) 
  u_otbn_core_u_otbn_alu_base_add_51_36_g702/Y                                         -       A->Y    F     INVx1_ASAP7_75t_SL            1  2.1    27    14    1194    (-,-) 
  u_otbn_core_u_otbn_alu_base_add_51_36_g700/Y                                         -       A->Y    R     MAJIxp5_ASAP7_75t_SL          2  4.0    67    33    1227    (-,-) 
  u_otbn_core_u_otbn_alu_base_add_51_36_g699/Y                                         -       A->Y    F     INVx1_ASAP7_75t_SL            1  2.1    27    14    1240    (-,-) 
  u_otbn_core_u_otbn_alu_base_add_51_36_g697/Y                                         -       A->Y    R     MAJIxp5_ASAP7_75t_SL          2  4.0    69    33    1273    (-,-) 
  u_otbn_core_u_otbn_alu_base_add_51_36_g696/Y                                         -       A->Y    F     INVx1_ASAP7_75t_SL            1  2.1    28    14    1286    (-,-) 
  u_otbn_core_u_otbn_alu_base_add_51_36_g694/Y                                         -       A->Y    R     MAJIxp5_ASAP7_75t_SL          2  4.0    69    33    1319    (-,-) 
  u_otbn_core_u_otbn_alu_base_add_51_36_g693/Y                                         -       A->Y    F     INVx1_ASAP7_75t_SL            1  2.1    28    14    1333    (-,-) 
  u_otbn_core_u_otbn_alu_base_add_51_36_g691/Y                                         -       A->Y    R     MAJIxp5_ASAP7_75t_SL          2  4.0    69    33    1366    (-,-) 
  u_otbn_core_u_otbn_alu_base_add_51_36_g690/Y                                         -       A->Y    F     INVx1_ASAP7_75t_SL            1  2.1    28    14    1379    (-,-) 
  u_otbn_core_u_otbn_alu_base_add_51_36_g688/Y                                         -       A->Y    R     MAJIxp5_ASAP7_75t_SL          2  4.0    69    33    1412    (-,-) 
  u_otbn_core_u_otbn_alu_base_add_51_36_g687/Y                                         -       A->Y    F     INVx1_ASAP7_75t_SL            1  2.1    28    14    1426    (-,-) 
  u_otbn_core_u_otbn_alu_base_add_51_36_g685/Y                                         -       A->Y    R     MAJIxp5_ASAP7_75t_SL          2  3.8    68    32    1457    (-,-) 
  u_otbn_core_u_otbn_alu_base_add_51_36_g684/Y                                         -       A->Y    F     INVx1_ASAP7_75t_SL            1  2.1    27    14    1471    (-,-) 
  u_otbn_core_u_otbn_alu_base_add_51_36_g682/Y                                         -       A->Y    R     MAJIxp5_ASAP7_75t_SL          2  4.0    70    33    1503    (-,-) 
  u_otbn_core_u_otbn_alu_base_add_51_36_g681/Y                                         -       A->Y    F     INVx1_ASAP7_75t_SL            1  2.1    28    14    1517    (-,-) 
  u_otbn_core_u_otbn_alu_base_add_51_36_g679/Y                                         -       A->Y    R     MAJIxp5_ASAP7_75t_SL          2  4.0    70    33    1550    (-,-) 
  u_otbn_core_u_otbn_alu_base_add_51_36_g678/Y                                         -       A->Y    F     INVx1_ASAP7_75t_SL            1  2.1    28    14    1564    (-,-) 
  u_otbn_core_u_otbn_alu_base_add_51_36_g676/Y                                         -       A->Y    R     MAJIxp5_ASAP7_75t_SL          2  4.0    70    33    1596    (-,-) 
  u_otbn_core_u_otbn_alu_base_add_51_36_g675/Y                                         -       A->Y    F     INVx1_ASAP7_75t_SL            1  2.1    28    14    1610    (-,-) 
  u_otbn_core_u_otbn_alu_base_add_51_36_g673/Y                                         -       A->Y    R     MAJIxp5_ASAP7_75t_SL          2  4.0    70    33    1643    (-,-) 
  u_otbn_core_u_otbn_alu_base_add_51_36_g672/Y                                         -       A->Y    F     INVx1_ASAP7_75t_SL            1  2.1    28    14    1656    (-,-) 
  u_otbn_core_u_otbn_alu_base_add_51_36_g670/Y                                         -       A->Y    R     MAJIxp5_ASAP7_75t_SL          2  4.0    70    33    1689    (-,-) 
  u_otbn_core_u_otbn_alu_base_add_51_36_g669/Y                                         -       A->Y    F     INVx1_ASAP7_75t_SL            1  2.1    28    14    1703    (-,-) 
  u_otbn_core_u_otbn_alu_base_add_51_36_g667/Y                                         -       A->Y    R     MAJIxp5_ASAP7_75t_SL          2  4.0    70    33    1735    (-,-) 
  u_otbn_core_u_otbn_alu_base_add_51_36_g666/Y                                         -       A->Y    F     INVx1_ASAP7_75t_SL            1  2.1    28    14    1749    (-,-) 
  u_otbn_core_u_otbn_alu_base_add_51_36_g664/Y                                         -       A->Y    R     MAJIxp5_ASAP7_75t_SL          2  4.0    70    33    1782    (-,-) 
  u_otbn_core_u_otbn_alu_base_add_51_36_g663/Y                                         -       A->Y    F     INVx1_ASAP7_75t_SL            1  2.1    28    14    1796    (-,-) 
  u_otbn_core_u_otbn_alu_base_add_51_36_g661/Y                                         -       A->Y    R     MAJIxp5_ASAP7_75t_SL          2  4.0    70    33    1828    (-,-) 
  u_otbn_core_u_otbn_alu_base_add_51_36_g660/Y                                         -       A->Y    F     INVx1_ASAP7_75t_SL            1  2.1    28    14    1842    (-,-) 
  u_otbn_core_u_otbn_alu_base_add_51_36_g658/Y                                         -       A->Y    R     MAJIxp5_ASAP7_75t_SL          2  4.0    70    33    1875    (-,-) 
  u_otbn_core_u_otbn_alu_base_add_51_36_g657/Y                                         -       A->Y    F     INVx1_ASAP7_75t_SL            1  2.1    28    14    1888    (-,-) 
  u_otbn_core_u_otbn_alu_base_add_51_36_g655/Y                                         -       A->Y    R     MAJIxp5_ASAP7_75t_SL          2  4.0    70    33    1921    (-,-) 
  u_otbn_core_u_otbn_alu_base_add_51_36_g654/Y                                         -       A->Y    F     INVx1_ASAP7_75t_SL            1  2.1    28    14    1935    (-,-) 
  u_otbn_core_u_otbn_alu_base_add_51_36_g652/Y                                         -       A->Y    R     MAJIxp5_ASAP7_75t_SL          2  4.0    70    33    1967    (-,-) 
  u_otbn_core_u_otbn_alu_base_add_51_36_g651/Y                                         -       A->Y    F     INVx1_ASAP7_75t_SL            1  2.1    28    14    1981    (-,-) 
  u_otbn_core_u_otbn_alu_base_add_51_36_g649/Y                                         -       A->Y    R     MAJIxp5_ASAP7_75t_SL          2  4.0    70    33    2014    (-,-) 
  u_otbn_core_u_otbn_alu_base_add_51_36_g648/Y                                         -       A->Y    F     INVx1_ASAP7_75t_SL            1  2.1    28    14    2028    (-,-) 
  u_otbn_core_u_otbn_alu_base_add_51_36_g646/Y                                         -       A->Y    R     MAJIxp5_ASAP7_75t_SL          1  2.6    54    25    2053    (-,-) 
  u_otbn_core_u_otbn_alu_base_add_51_36_g644/Y                                         -       A->Y    F     XOR2xp5_ASAP7_75t_SL          1  2.0    35    16    2068    (-,-) 
  g738607/Y                                                                            -       C1->Y   R     AOI222xp33_ASAP7_75t_SL       1  2.1    72    29    2097    (-,-) 
  g738248/Y                                                                            -       A->Y    F     NAND3xp33_ASAP7_75t_SL        2  3.3    64    34    2132    (-,-) 
  g738030/Y                                                                            -       A->Y    F     OR4x1_ASAP7_75t_SL            2  3.3    26    42    2174    (-,-) 
  g752593/Y                                                                            -       D->Y    R     NOR5xp2_ASAP7_75t_SL          1  2.1    86    42    2216    (-,-) 
  g752528/Y                                                                            -       B->Y    F     O2A1O1Ixp33_ASAP7_75t_SL      1  2.0    71    18    2234    (-,-) 
  g752519/Y                                                                            -       B1->Y   R     OAI311xp33_ASAP7_75t_SL       3  4.6   105    42    2276    (-,-) 
  g752405/Y                                                                            -       B->Y    F     NAND3xp33_ASAP7_75t_SL        2  3.5    70    33    2309    (-,-) 
  g752391/Y                                                                            -       A->Y    R     NAND3xp33_ASAP7_75t_SL        5  9.6   112    63    2372    (-,-) 
  g752375/Y                                                                            -       B->Y    F     NAND2xp5_ASAP7_75t_SL         2  3.6    60    31    2403    (-,-) 
  g752373/Y                                                                            -       A->Y    R     INVx1_ASAP7_75t_SL            1  2.1    29    19    2421    (-,-) 
  g752321/Y                                                                            -       B->Y    R     OR3x1_ASAP7_75t_SL            2  3.2    25    20    2441    (-,-) 
  g752320/Y                                                                            -       E->Y    F     NOR5xp2_ASAP7_75t_SL          2  3.5    73    23    2464    (-,-) 
  g752319/Y                                                                            -       D->Y    F     OR4x1_ASAP7_75t_SL            1  2.1    20    36    2500    (-,-) 
  g752317/Y                                                                            -       A->Y    R     NOR4xp25_ASAP7_75t_SL         1  2.6    84    37    2537    (-,-) 
  g752316/Y                                                                            -       A->Y    R     AND2x4_ASAP7_75t_SL           2  4.5    14    17    2554    (-,-) 
  g703799/Y                                                                            -       A->Y    F     NAND4xp75_ASAP7_75t_SL        2  3.8    42    16    2570    (-,-) 
  g723609/Y                                                                            -       A->Y    F     OR2x6_ASAP7_75t_SL            3  8.0    16    28    2598    (-,-) 
  g723607/Y                                                                            -       B->Y    R     NOR2x2_ASAP7_75t_SL           2  4.0    22    11    2609    (-,-) 
  g723606/Y                                                                            -       B->Y    R     OR2x6_ASAP7_75t_SL            2  5.2    12    20    2629    (-,-) 
  g723605/Y                                                                            -       C->Y    F     NOR3x2_ASAP7_75t_SL           3  7.6    54    19    2647    (-,-) 
  fopt896618/Y                                                                         -       A->Y    R     INVx4_ASAP7_75t_SL            5 10.8    32    20    2668    (-,-) 
  g759307/Y                                                                            -       A->Y    R     OR2x2_ASAP7_75t_SL            1  2.6    14    20    2688    (-,-) 
  g759188/Y                                                                            -       A->Y    R     OR2x6_ASAP7_75t_SL            1  4.3    11    17    2704    (-,-) 
  g759051/Y                                                                            -       A->Y    F     NAND3x2_ASAP7_75t_SL          2  3.9    20     8    2713    (-,-) 
  g759027/Y                                                                            -       C->Y    F     AND3x4_ASAP7_75t_SL           1  4.0    14    24    2737    (-,-) 
  g759022/Y                                                                            -       C->Y    R     NAND3x2_ASAP7_75t_SL          3  4.7    30    18    2755    (-,-) 
  g797916/Y                                                                            -       B->Y    R     OR3x2_ASAP7_75t_SL            1  2.6    16    16    2772    (-,-) 
  g794801/Y                                                                            -       A2->Y   F     AOI21x1_ASAP7_75t_SL          2  3.9    40    13    2784    (-,-) 
  g794371/Y                                                                            -       A2->Y   R     OAI21x1_ASAP7_75t_SL          2  3.9    42    21    2805    (-,-) 
  g793728/Y                                                                            -       B->Y    R     AND2x4_ASAP7_75t_SL           2  5.2    14    19    2825    (-,-) 
  g793436/Y                                                                            -       B->Y    R     AND2x4_ASAP7_75t_SL           1  4.3    13    16    2840    (-,-) 
  g793131/Y                                                                            -       A->Y    F     NAND3x2_ASAP7_75t_SL          3  7.3    24    12    2853    (-,-) 
  g792959/Y                                                                            -       C->Y    R     NAND3x2_ASAP7_75t_SL          3  6.0    36    23    2876    (-,-) 
  g792898/Y                                                                            -       A->Y    F     INVx3_ASAP7_75t_SL            3  4.8    18    10    2886    (-,-) 
  g792713/Y                                                                            -       A->Y    F     OR4x2_ASAP7_75t_SL            1  4.2    22    33    2919    (-,-) 
  g792575/Y                                                                            -       B->Y    R     NAND3x2_ASAP7_75t_SL          1  3.5    28    17    2936    (-,-) 
  g792475/Y                                                                            -       A->Y    F     NOR2x2_ASAP7_75t_SL           1  3.6    20    13    2950    (-,-) 
  u_intr_hw_done/g37__5477/Y                                                           -       A->Y    R     NOR2x2_ASAP7_75t_SL           2  6.3    26    15    2964    (-,-) 
  u_intr_hw_done/g35__6417/Y                                                           -       A->Y    F     NAND2x1p5_ASAP7_75t_SL        1  3.1    20     9    2973    (-,-) 
  u_reg_u_intr_state/wr_en_data_arb/g70/Y                                              -       B->Y    R     NAND2x1p5_ASAP7_75t_SL        1  2.7    18    12    2985    (-,-) 
  u_reg_u_intr_state/wr_en_data_arb/g68/Y                                              -       A1->Y   F     AOI22x1_ASAP7_75t_SL          1  2.7    47    11    2996    (-,-) 
  u_reg_u_intr_state/g25/Y                                                             -       B2->Y   R     AOI22x1_ASAP7_75t_SL          1  2.1    34    17    3013    (-,-) 
  u_reg_u_intr_state/q_reg[0]/D                                                        <<<     -       R     DFFASRHQNx1_ASAP7_75t_SL      1    -     -     0    3013    (-,-) 
#------------------------------------------------------------------------------------------------------------------------------------------------------------------------------

