============================================================
  Generated by:           Genus(TM) Synthesis Solution 21.18-s082_1
  Generated on:           Sep 17 2025  06:19:28 am
  Module:                 unified_mul
  Operating conditions:   PVT_0P7V_25C 
  Interconnect mode:      global
  Area mode:              physical library
============================================================


Path 1: MET (0 ps) Path Delay Check
     Startpoint: (R) word_sel_B[1]
       Endpoint: (F) result[161]

                   Capture    Launch  
      Path Delay:+    1010         -  
      Drv Adjust:+       0         0  
         Arrival:=    1010            
                                      
   Required Time:=    1010            
       Data Path:-    1010            
           Slack:=       0            

Exceptions/Constraints:
  max_delay             1010            del_1 

#-------------------------------------------------------------------------------------------------------------------------------
#               Timing Point                Flags   Arc   Edge          Cell           Fanout Load Trans Delay Arrival Instance 
#                                                                                             (fF)  (ps)  (ps)   (ps)  Location 
#-------------------------------------------------------------------------------------------------------------------------------
  word_sel_B[1]                             -       -     R     (arrival)                   6 18.7     0     0       0    (-,-) 
  g30566/Y                                  -       A->Y  F     NOR2x2_ASAP7_75t_SL         2  7.2    24    13      13    (-,-) 
  g30538/Y                                  -       A->Y  F     BUFx16f_ASAP7_75t_SL       34 56.2    31    28      41    (-,-) 
  g30240/Y                                  -       A2->Y F     AO22x2_ASAP7_75t_SL         1  2.6    13    22      63    (-,-) 
  g30042/Y                                  -       B->Y  R     NOR2x1_ASAP7_75t_SL         2  4.1    30    16      80    (-,-) 
  g29825/Y                                  -       A1->Y F     OAI22x1_ASAP7_75t_SL        2  4.1    31    18      98    (-,-) 
  g29613/Y                                  -       A2->Y F     OA21x2_ASAP7_75t_SL         2  5.5    20    27     125    (-,-) 
  g29563/Y                                  -       B->Y  R     NAND2x2_ASAP7_75t_SL        5 10.9    45    24     149    (-,-) 
  g28750__5526/Y                            -       C->Y  F     NAND4xp75_ASAP7_75t_SL      2  3.9    39    19     168    (-,-) 
  g31408/Y                                  -       A->Y  F     AND2x4_ASAP7_75t_SL         3  5.5    13    23     192    (-,-) 
  mul_193_36_I2_g15665/Y                    -       B->Y  R     XNOR2x2_ASAP7_75t_L         2  4.6    22    30     222    (-,-) 
  fopt33350/Y                               -       A->Y  R     BUFx6f_ASAP7_75t_SL         4 14.3    20    20     242    (-,-) 
  fopt33346/Y                               -       A->Y  F     INVx4_ASAP7_75t_SL          6 11.7    20    13     254    (-,-) 
  mul_193_36_I2_g15303/Y                    -       B2->Y R     AOI22xp5_ASAP7_75t_SL       2  3.9    62    30     284    (-,-) 
  mul_193_36_I2_g15097/Y                    -       B->Y  F     XNOR2x2_ASAP7_75t_SL        1  3.2    16    29     314    (-,-) 
  mul_193_36_I2_g14949/Y                    -       A->Y  F     XNOR2x1_ASAP7_75t_SL        2  5.0    30    23     336    (-,-) 
  g34245/Y                                  -       C->Y  R     MAJIxp5_ASAP7_75t_SL        2  3.9    59    31     368    (-,-) 
  mul_193_36_I2_g14778/Y                    -       B->Y  F     XOR2xp5_ASAP7_75t_SL        1  2.6    42    24     392    (-,-) 
  mul_193_36_I2_g14722/Y                    -       B->Y  R     XOR2x2_ASAP7_75t_SL         3  5.1    22    36     428    (-,-) 
  mul_193_36_I2_g14685/Y                    -       B->Y  F     NOR2x1_ASAP7_75t_SL         3  4.6    32    19     447    (-,-) 
  mul_193_36_I2_g14605/Y                    -       A1->Y F     AO21x2_ASAP7_75t_SL         3  5.3    20    28     475    (-,-) 
  mul_193_36_I2_g14535/Y                    -       A1->Y R     AOI21x1_ASAP7_75t_SL        1  4.3    37    18     493    (-,-) 
  mul_193_36_I2_g14491/Y                    -       B->Y  F     NAND3x2_ASAP7_75t_SL        2  4.0    20    10     503    (-,-) 
  mul_193_36_I2_g14485/Y                    -       B->Y  F     AND2x4_ASAP7_75t_SL         3  7.7    15    20     523    (-,-) 
  mul_193_36_I2_g14474/Y                    -       B->Y  R     NAND3x2_ASAP7_75t_SL        1  4.6    30    17     539    (-,-) 
  fopt33783/Y                               -       A->Y  F     INVx5_ASAP7_75t_SL          2  5.8    14     8     547    (-,-) 
  fopt33782/Y                               -       A->Y  R     INVx4_ASAP7_75t_SL          2  6.5    15    10     557    (-,-) 
  fopt33781/Y                               -       A->Y  F     INVx5_ASAP7_75t_SL          3  6.1    11     7     564    (-,-) 
  mul_193_36_I2_g14453/Y                    -       A2->Y R     AOI21x1_ASAP7_75t_L         1  2.6    29    15     579    (-,-) 
  mul_193_36_I2_g14439/Y                    -       B->Y  F     XOR2x2_ASAP7_75t_SL         2  4.0    17    22     601    (-,-) 
  fopt33235/Y                               -       A->Y  F     BUFx3_ASAP7_75t_SL          3  4.9    13    18     619    (-,-) 
  addinc_csa_285_39:add_263_46_I47_g17/Y    -       A2->Y F     AO221x2_ASAP7_75t_SL        2  3.8    18    28     647    (-,-) 
  addinc_csa_298_36_I1:add_263_46_I48_g21/Y -       B->Y  R     XOR2x2_ASAP7_75t_SL         2  5.0    22    32     679    (-,-) 
  addinc_csa_300_36_I2:add_263_46_I48_g20/Y -       B->Y  R     XNOR2x1_ASAP7_75t_SL        1  3.2    28    19     698    (-,-) 
  addinc_csa_300_36_I2:add_263_46_I48_g2/Y  -       B->Y  R     XNOR2x1_ASAP7_75t_SL        2  4.4    36    21     719    (-,-) 
  addinc_csa_300_36_I3:add_263_46_I48_g20/Y -       B->Y  R     XNOR2x1_ASAP7_75t_L         1  2.5    28    23     742    (-,-) 
  addinc_csa_300_36_I3:add_263_46_I48_g18/Y -       B->Y  F     XNOR2x2_ASAP7_75t_SL        2  3.8    17    29     770    (-,-) 
  add_315_35_g6016/Y                        -       A->Y  R     NOR2x1_ASAP7_75t_SL         3  5.4    39    20     791    (-,-) 
  add_315_35_g5595/Y                        -       A->Y  F     NOR2x1p5_ASAP7_75t_L        2  3.9    26    19     810    (-,-) 
  add_315_35_g5467/Y                        -       A->Y  F     AND2x4_ASAP7_75t_SL         2  4.5    11    20     830    (-,-) 
  add_315_35_g5389/Y                        -       A->Y  F     AND2x4_ASAP7_75t_SL         2  5.8    12    17     847    (-,-) 
  add_315_35_g5002/Y                        -       A->Y  R     NAND2x1p5_ASAP7_75t_SL      1  2.6    17    11     859    (-,-) 
  add_315_35_g4991/Y                        -       B->Y  R     AND2x4_ASAP7_75t_SL         3  5.7    14    17     876    (-,-) 
  add_315_35_g4939/Y                        -       B->Y  F     NOR2x1_ASAP7_75t_SL         1  2.4    24    12     888    (-,-) 
  add_315_35_g4895/Y                        -       C->Y  F     AO211x2_ASAP7_75t_SL        1  4.0    16    22     910    (-,-) 
  fopt32291/Y                               -       A->Y  F     BUFx16f_ASAP7_75t_SL       29 49.6    28    25     935    (-,-) 
  add_315_35_g4860/Y                        -       A1->Y F     AO221x2_ASAP7_75t_SL        1  3.2    17    28     962    (-,-) 
  add_315_35_g4753/Y                        -       B->Y  F     XNOR2x1_ASAP7_75t_SL        3  4.5    31    23     985    (-,-) 
  g30957/Y                                  -       B1->Y F     AO221x1_ASAP7_75t_SL        1  1.5    23    25    1010    (-,-) 
  result[161]                               <<<     -     F     (port)                      -    -     -     0    1010    (-,-) 
#-------------------------------------------------------------------------------------------------------------------------------

