============================================================
  Generated by:           Genus(TM) Synthesis Solution 21.18-s082_1
  Generated on:           Sep 22 2025  09:16:49 am
  Module:                 otbn_mac_bignum
  Operating conditions:   PVT_0P7V_25C 
  Interconnect mode:      global
  Area mode:              physical library
============================================================


Path 1: MET (0 ps) Setup Check with Pin acc_intg_q_reg[305]/CLK->D
          Group: clk_i
     Startpoint: (F) operation_i[operand_b_qw_sel][1]
       Endpoint: (F) acc_intg_q_reg[305]/D
          Clock: (R) clk_i

                        Capture       Launch  
           Path Delay:+    1124            -  
           Drv Adjust:+       0            0  
          Src Latency:+       0               
          Net Latency:+       0 (I)           
        Capture Clock:+       0               
              Arrival:=    1124               
                                              
                Setup:-      13               
        Required Time:=    1111               
            Data Path:-    1111               
                Slack:=       0               

Exceptions/Constraints:
  max_delay             1124            del_1 

#--------------------------------------------------------------------------------------------------------------------------------
#               Timing Point                Flags   Arc   Edge          Cell            Fanout Load Trans Delay Arrival Instance 
#                                                                                              (fF)  (ps)  (ps)   (ps)  Location 
#--------------------------------------------------------------------------------------------------------------------------------
  operation_i[operand_b_qw_sel][1]          -       -     F     (arrival)                    8 27.2     0     0       0    (-,-) 
  fopt25116/Y                               -       A->Y  R     CKINVDCx14_ASAP7_75t_SL      1  2.6     2     3       3    (-,-) 
  g24473/Y                                  -       B->Y  R     AND2x4_ASAP7_75t_SL          2  6.0    14    15      18    (-,-) 
  g24330/Y                                  -       A->Y  R     BUFx6f_ASAP7_75t_SL          4  7.7    12    15      33    (-,-) 
  g24329/Y                                  -       A->Y  R     BUFx12f_ASAP7_75t_SL        13 18.4    16    16      50    (-,-) 
  g24260/Y                                  -       B->Y  R     AND2x4_ASAP7_75t_SL          1  2.7     9    15      64    (-,-) 
  g23930__4733/Y                            -       A1->Y F     AOI22x1_ASAP7_75t_SL         1  3.5    27    12      76    (-,-) 
  g23771__1666/Y                            -       A->Y  R     NAND2x2_ASAP7_75t_SL         4  8.0    37    23      99    (-,-) 
  mul_mul_41_29_g233316/Y                   -       A->Y  F     INVx4_ASAP7_75t_SL           3  4.7    16     8     107    (-,-) 
  mul_mul_41_29_g230888/Y                   -       A1->Y F     OA22x2_ASAP7_75t_SL          3  6.9    24    26     133    (-,-) 
  mul_mul_41_29_g229167/Y                   -       B->Y  F     AND2x4_ASAP7_75t_SL         14 20.9    32    29     162    (-,-) 
  mul_mul_41_29_g228961/Y                   -       A->Y  F     BUFx6f_ASAP7_75t_SL          9 13.9    18    22     184    (-,-) 
  mul_mul_41_29_g227107/Y                   -       A2->Y F     AO22x1_ASAP7_75t_SL          2  4.5    29    28     213    (-,-) 
  mul_mul_41_29_g225678/Y                   -       B->Y  R     XOR2x2_ASAP7_75t_SL          1  2.4    14    29     242    (-,-) 
  mul_mul_41_29_g234380/Y                   -       A->Y  F     XOR2x2_ASAP7_75t_SL          2  4.5    18    23     265    (-,-) 
  mul_mul_41_29_g223125/Y                   -       B->Y  F     XNOR2x1_ASAP7_75t_SL         1  3.2    22    20     286    (-,-) 
  mul_mul_41_29_g222202/Y                   -       B->Y  F     XNOR2x1_ASAP7_75t_SL         1  3.4    27    22     307    (-,-) 
  fopt234951/Y                              -       A->Y  R     INVx3_ASAP7_75t_SL           2  4.6    18    12     319    (-,-) 
  fopt234950/Y                              -       A->Y  F     INVx2_ASAP7_75t_SL           1  3.2    13     8     327    (-,-) 
  mul_mul_41_29_g221233/Y                   -       A->Y  F     XNOR2x1_ASAP7_75t_SL         2  3.9    25    20     347    (-,-) 
  fopt234957/Y                              -       A->Y  F     BUFx3_ASAP7_75t_SL           1  2.6    10    17     364    (-,-) 
  mul_mul_41_29_g220638/Y                   -       C->Y  F     MAJx2_ASAP7_75t_SL           2  4.5    19    24     388    (-,-) 
  mul_mul_41_29_g220027/Y                   -       B->Y  F     MAJx2_ASAP7_75t_SL           2  5.3    20    28     416    (-,-) 
  mul_mul_41_29_g219964/Y                   -       A->Y  R     INVx3_ASAP7_75t_SL           1  3.2    13     9     425    (-,-) 
  mul_mul_41_29_g219523/Y                   -       B->Y  R     XNOR2x1_ASAP7_75t_SL         2  3.7    31    19     444    (-,-) 
  mul_mul_41_29_g219226/Y                   -       A->Y  F     XOR2x2_ASAP7_75t_SL          1  3.2    15    23     467    (-,-) 
  mul_mul_41_29_g219003/Y                   -       B->Y  F     XNOR2x1_ASAP7_75t_SL         2  4.6    28    22     489    (-,-) 
  mul_mul_41_29_g218835/Y                   -       A->Y  F     AND2x4_ASAP7_75t_SL          3  5.2    12    21     510    (-,-) 
  mul_mul_41_29_g218673/Y                   -       A1->Y R     AOI21x1_ASAP7_75t_SL         3  5.4    43    20     530    (-,-) 
  mul_mul_41_29_g218500/Y                   -       A1->Y R     OA21x2_ASAP7_75t_SL          3  5.4    23    27     557    (-,-) 
  mul_mul_41_29_g218379/Y                   -       A1->Y R     OA211x2_ASAP7_75t_SL         2  5.8    26    29     586    (-,-) 
  mul_mul_41_29_g218309/Y                   -       A2->Y F     OAI21x1_ASAP7_75t_SL         1  2.1    22    10     595    (-,-) 
  mul_mul_41_29_g218244/Y                   -       B->Y  F     AO21x2_ASAP7_75t_SL          1  4.0    17    23     618    (-,-) 
  mul_mul_41_29_fopt7/Y                     -       A->Y  F     BUFx12f_ASAP7_75t_SL         4 14.4    12    17     635    (-,-) 
  mul_mul_41_29_fopt233897/Y                -       A->Y  R     INVx6_ASAP7_75t_SL           4  7.7    12     8     643    (-,-) 
  mul_mul_41_29_g218228/Y                   -       A->Y  R     AND2x6_ASAP7_75t_SL         11 21.6    29    26     669    (-,-) 
  mul_mul_41_29_g218128/Y                   -       A3->Y F     OAI31xp67_ASAP7_75t_SL       1  3.2    25    13     682    (-,-) 
  mul_mul_41_29_g218090/Y                   -       A->Y  F     XNOR2x1_ASAP7_75t_SL         3  4.1    31    23     705    (-,-) 
  g22893/Y                                  -       A1->Y F     AO22x1_ASAP7_75t_SL          2  4.8    37    32     737    (-,-) 
  add_715_36_g14709/Y                       -       A->Y  R     NOR2x1p5_ASAP7_75t_L         4  6.8    41    26     762    (-,-) 
  add_715_36_g14262/Y                       -       B->Y  F     NOR2x1p5_ASAP7_75t_SL        2  5.0    27    17     779    (-,-) 
  add_715_36_g13620/Y                       -       A->Y  R     NAND2x1p5_ASAP7_75t_SL       2  5.0    30    19     799    (-,-) 
  add_715_36_g13432/Y                       -       A->Y  F     NOR2x1p5_ASAP7_75t_SL        2  4.0    23    15     814    (-,-) 
  add_715_36_g13182/Y                       -       A->Y  F     AND2x4_ASAP7_75t_SL          2  4.5    11    19     833    (-,-) 
  add_715_36_g13033/Y                       -       A->Y  F     AND2x4_ASAP7_75t_SL          3  6.1    12    18     850    (-,-) 
  add_715_36_g12444/Y                       -       A->Y  R     NAND2x1_ASAP7_75t_SL         1  2.5    24    15     865    (-,-) 
  add_715_36_g12082/Y                       -       B->Y  R     AND3x4_ASAP7_75t_SL          2  7.2    19    24     890    (-,-) 
  add_715_36_fopt9/Y                        -       A->Y  F     INVx4_ASAP7_75t_SL           2  8.5    16    10     900    (-,-) 
  add_715_36_fopt15152/Y                    -       A->Y  R     INVx8_ASAP7_75t_SL          12 21.8    23    14     914    (-,-) 
  add_715_36_fopt1/Y                        -       A->Y  R     BUFx6f_ASAP7_75t_SL          8 15.3    21    20     934    (-,-) 
  add_715_36_g11918/Y                       -       A2->Y F     OAI21x1_ASAP7_75t_SL         1  2.6    26    11     945    (-,-) 
  add_715_36_g11789/Y                       -       B->Y  F     XOR2x2_ASAP7_75t_SL          4  5.5    22    27     971    (-,-) 
  g33529/Y                                  -       A1->Y F     AO22x2_ASAP7_75t_SL          5  9.7    38    32    1003    (-,-) 
  g_acc_words[7].i_secded_enc/g1828/Y       -       A->Y  R     INVx2_ASAP7_75t_SL           2  4.1    23    15    1018    (-,-) 
  g_acc_words[7].i_secded_enc/g1792__1705/Y -       A2->Y F     AOI22x1_ASAP7_75t_SL         1  2.6    28    13    1032    (-,-) 
  g_acc_words[7].i_secded_enc/g1770__7482/Y -       B->Y  R     XOR2x2_ASAP7_75t_SL          1  3.2    16    30    1062    (-,-) 
  g_acc_words[7].i_secded_enc/g1751__6417/Y -       B->Y  R     XNOR2x1_ASAP7_75t_SL         1  3.1    33    18    1080    (-,-) 
  g_acc_words[7].i_secded_enc/g1739__1881/Y -       A->Y  R     XNOR2x1_ASAP7_75t_SL         1  2.6    27    21    1101    (-,-) 
  g25315/Y                                  -       A2->Y F     AOI21x1_ASAP7_75t_SL         1  2.1    37    10    1111    (-,-) 
  acc_intg_q_reg[305]/D                     <<<     -     F     DFFHQNx1_ASAP7_75t_SL        1    -     -     0    1111    (-,-) 
#--------------------------------------------------------------------------------------------------------------------------------

