============================================================
  Generated by:           Genus(TM) Synthesis Solution 21.18-s082_1
  Generated on:           Sep 24 2025  07:46:39 pm
  Module:                 otbn
  Operating conditions:   PVT_0P7V_25C 
  Interconnect mode:      global
  Area mode:              physical library
============================================================


Path 1: MET (2 ps) Setup Check with Pin u_otbn_core_u_otbn_rf_bignum_gen_rf_bignum_ff.u_otbn_rf_bignum_inner_rf_reg[8][77]/CLK->D
          Group: clk_i
     Startpoint: (R) u_otbn_core_u_otbn_instruction_fetch_u_insn_fetch_resp_data_intg_flop/q_o_reg[1]/CLK
          Clock: (R) clk_i
       Endpoint: (R) u_otbn_core_u_otbn_rf_bignum_gen_rf_bignum_ff.u_otbn_rf_bignum_inner_rf_reg[8][77]/D
          Clock: (R) clk_i

                     Capture       Launch     
        Clock Edge:+    1961            0     
       Src Latency:+       0            0     
       Net Latency:+       0 (I)        0 (I) 
           Arrival:=    1961            0     
                                              
             Setup:-      18                  
     Required Time:=    1943                  
      Launch Clock:-       0                  
         Data Path:-    1941                  
             Slack:=       2                  

#------------------------------------------------------------------------------------------------------------------------------------------------------------------------------
#                                    Timing Point                                      Flags    Arc    Edge           Cell            Fanout Load Trans Delay Arrival Instance 
#                                                                                                                                            (fF)  (ps)  (ps)   (ps)  Location 
#------------------------------------------------------------------------------------------------------------------------------------------------------------------------------
  u_otbn_core_u_otbn_instruction_fetch_u_insn_fetch_resp_data_intg_flop/q_o_reg[1]/CLK -       -       R     (arrival)                 17725    -     0     0       0    (-,-) 
  u_otbn_core_u_otbn_instruction_fetch_u_insn_fetch_resp_data_intg_flop/q_o_reg[1]/QN  -       CLK->QN F     DFFASRHQNx1_ASAP7_75t_SL      4  7.0    50    54      54    (-,-) 
  g751616/Y                                                                            -       C->Y    F     AND3x4_ASAP7_75t_SL           2  3.7    14    31      84    (-,-) 
  g751615/Y                                                                            -       B->Y    F     AND3x4_ASAP7_75t_SL           3  5.7    15    22     107    (-,-) 
  g751612/Y                                                                            -       B->Y    F     AND2x4_ASAP7_75t_SL           2  4.6    11    16     123    (-,-) 
  g752336/Y                                                                            -       A2->Y   R     OAI21x1_ASAP7_75t_SL          1  2.6    24    13     136    (-,-) 
  g752334/Y                                                                            -       B->Y    R     AND2x6_ASAP7_75t_SL           5 11.3    19    23     159    (-,-) 
  g76884/Y                                                                             -       B->Y    R     AND2x4_ASAP7_75t_SL           3  9.2    20    20     180    (-,-) 
  g76486/Y                                                                             -       A->Y    R     BUFx12f_ASAP7_75t_SL          4 16.1    15    17     196    (-,-) 
  g76475/Y                                                                             -       A->Y    F     INVx8_ASAP7_75t_SL            4 10.8    12     8     204    (-,-) 
  g76477/Y                                                                             -       A->Y    R     INVx6_ASAP7_75t_SL            4 12.4    17    11     215    (-,-) 
  g76473/Y                                                                             -       A->Y    F     INVx8_ASAP7_75t_SL            8 13.4    14     9     224    (-,-) 
  g75206/Y                                                                             -       A1->Y   R     OAI22x1_ASAP7_75t_SL          1  3.7    35    17     240    (-,-) 
  g74504/Y                                                                             -       B->Y    F     NOR2x2_ASAP7_75t_SL           2  3.4    19    12     253    (-,-) 
  g74190/Y                                                                             -       B2->Y   F     OA22x2_ASAP7_75t_SL           2  4.5    18    26     278    (-,-) 
  g73694/Y                                                                             -       B->Y    R     NOR2x1p5_ASAP7_75t_SL         1  2.7    22    11     290    (-,-) 
  g73668/Y                                                                             -       B->Y    F     AOI21x1_ASAP7_75t_SL          2  4.1    33    15     305    (-,-) 
  g73554/Y                                                                             -       A->Y    F     BUFx6f_ASAP7_75t_SL           3  6.4    11    19     323    (-,-) 
  g73262/Y                                                                             -       B->Y    F     OR2x6_ASAP7_75t_SL            2  4.4    11    19     342    (-,-) 
  g72647/Y                                                                             -       D->Y    R     NAND4xp75_ASAP7_75t_SL        4  6.7    34    18     360    (-,-) 
  g72512/Y                                                                             -       B->Y    R     AND2x2_ASAP7_75t_SL           1  3.4    18    20     381    (-,-) 
  u_otbn_core_u_otbn_mac_bignum_mul_mul_193_36_I2_g11720/Y                             -       A->Y    F     INVx3_ASAP7_75t_SL            2  4.6    13     8     389    (-,-) 
  u_otbn_core_u_otbn_mac_bignum_mul_mul_193_36_I2_g11719/Y                             -       A->Y    R     INVx2_ASAP7_75t_SL            2  5.7    22    13     402    (-,-) 
  u_otbn_core_u_otbn_mac_bignum_mul_mul_193_36_I2_g11718/Y                             -       A->Y    R     BUFx12f_ASAP7_75t_SL         17 29.5    23    21     423    (-,-) 
  u_otbn_core_u_otbn_mac_bignum_mul_mul_193_36_I2_g11716/Y                             -       A->Y    F     INVx1_ASAP7_75t_SL            4  8.1    46    27     449    (-,-) 
  u_otbn_core_u_otbn_mac_bignum_mul_mul_193_36_I2_g11627/Y                             -       B->Y    R     XNOR2xp5_ASAP7_75t_SL         2  3.3    64    33     483    (-,-) 
  u_otbn_core_u_otbn_mac_bignum_mul_mul_193_36_I2_g11372/Y                             -       A1->Y   R     AO22x1_ASAP7_75t_SL           2  3.9    31    29     511    (-,-) 
  u_otbn_core_u_otbn_mac_bignum_mul_mul_193_36_I2_g11777/Y                             -       A->Y    F     XNOR2x2_ASAP7_75t_SL          2  4.3    19    31     542    (-,-) 
  u_otbn_core_u_otbn_mac_bignum_mul_mul_193_36_I2_g11119/Y                             -       A->Y    F     XOR2xp5_ASAP7_75t_L           1  2.5    45    23     565    (-,-) 
  u_otbn_core_u_otbn_mac_bignum_mul_mul_193_36_I2_g11767/Y                             -       A->Y    R     XOR2x2_ASAP7_75t_SL           2  3.8    19    33     598    (-,-) 
  u_otbn_core_u_otbn_mac_bignum_mul_mul_193_36_I2_g10946/Y                             -       A->Y    F     XOR2x2_ASAP7_75t_SL           2  4.0    18    23     621    (-,-) 
  u_otbn_core_u_otbn_mac_bignum_mul_mul_193_36_I2_g10942/Y                             -       A->Y    R     INVx1_ASAP7_75t_SL            1  2.1    19    12     633    (-,-) 
  u_otbn_core_u_otbn_mac_bignum_mul_mul_193_36_I2_g10897/Y                             -       B->Y    R     AND2x2_ASAP7_75t_SL           2  4.1    18    20     653    (-,-) 
  u_otbn_core_u_otbn_mac_bignum_mul_mul_193_36_I2_g10838/Y                             -       B->Y    F     AOI21x1_ASAP7_75t_SL          2  3.9    30    14     667    (-,-) 
  u_otbn_core_u_otbn_mac_bignum_mul_mul_193_36_I2_g10706/Y                             -       A1->Y   R     OAI21x1_ASAP7_75t_SL          3  5.2    43    25     692    (-,-) 
  u_otbn_core_u_otbn_mac_bignum_mul_mul_193_36_I2_g10670/Y                             -       A2->Y   R     AO21x2_ASAP7_75t_SL           1  2.4    14    21     713    (-,-) 
  u_otbn_core_u_otbn_mac_bignum_mul_mul_193_36_I2_g10651/Y                             -       B->Y    R     AO211x2_ASAP7_75t_SL          2  5.8    25    26     739    (-,-) 
  u_otbn_core_u_otbn_mac_bignum_mul_mul_193_36_I2_g10643/Y                             -       B->Y    R     AND2x4_ASAP7_75t_SL           5  9.1    20    21     760    (-,-) 
  u_otbn_core_u_otbn_mac_bignum_mul_mul_193_36_I2_g10621/Y                             -       A2->Y   R     AO221x1_ASAP7_75t_SL          1  2.6    23    26     786    (-,-) 
  u_otbn_core_u_otbn_mac_bignum_mul_mul_193_36_I2_g10609/Y                             -       B->Y    F     XOR2x2_ASAP7_75t_SL           5  8.1    28    28     813    (-,-) 
  csa_tree_u_otbn_core_u_otbn_mac_bignum_mul_add_239_60_I1_g1856/Y                     -       A->Y    F     MAJx2_ASAP7_75t_SL            4  8.1    28    32     845    (-,-) 
  WALLACE_CSA_DUMMY_OP123_groupi_g13866/Y                                              -       B->Y    R     XNOR2xp5_ASAP7_75t_L          2  4.3    73    40     885    (-,-) 
  WALLACE_CSA_DUMMY_OP123_groupi_g13652/Y                                              -       A->Y    F     XNOR2x2_ASAP7_75t_L           1  2.5    15    38     923    (-,-) 
  WALLACE_CSA_DUMMY_OP123_groupi_g13467/Y                                              -       A->Y    F     XNOR2x2_ASAP7_75t_L           2  5.5    23    30     953    (-,-) 
  WALLACE_CSA_DUMMY_OP123_groupi_g14456/Y                                              -       B->Y    R     NOR2x1_ASAP7_75t_SL           3  5.1    38    21     975    (-,-) 
  WALLACE_CSA_DUMMY_OP123_groupi_g13104/Y                                              -       A1->Y   F     AOI21x1_ASAP7_75t_SL          3  4.8    34    20     995    (-,-) 
  WALLACE_CSA_DUMMY_OP123_groupi_g12934/Y                                              -       A2->Y   R     OAI21xp5_ASAP7_75t_L          1  2.4    44    29    1024    (-,-) 
  WALLACE_CSA_DUMMY_OP123_groupi_g12853/Y                                              -       B->Y    R     AO211x2_ASAP7_75t_SL          1  2.6    16    26    1050    (-,-) 
  WALLACE_CSA_DUMMY_OP123_groupi_g12745/Y                                              -       A->Y    R     OR2x6_ASAP7_75t_SL            7 12.9    20    22    1072    (-,-) 
  WALLACE_CSA_DUMMY_OP123_groupi_g12744/Y                                              -       A->Y    F     INVx4_ASAP7_75t_SL            6 10.0    18    12    1084    (-,-) 
  WALLACE_CSA_DUMMY_OP123_groupi_g12730/Y                                              -       B->Y    F     AND2x4_ASAP7_75t_SL           5  9.0    16    20    1104    (-,-) 
  WALLACE_CSA_DUMMY_OP123_groupi_g12714/Y                                              -       B->Y    R     NOR2x1_ASAP7_75t_SL           2  3.9    30    17    1121    (-,-) 
  WALLACE_CSA_DUMMY_OP123_groupi_g12700/Y                                              -       B->Y    F     NOR2x1_ASAP7_75t_SL           1  2.6    22    15    1135    (-,-) 
  WALLACE_CSA_DUMMY_OP123_groupi_g12673/Y                                              -       B->Y    R     XOR2x2_ASAP7_75t_SL           4  5.6    24    33    1168    (-,-) 
  g5642/Y                                                                              -       A1->Y   R     AO21x1_ASAP7_75t_L            2  3.8    32    26    1195    (-,-) 
  u_otbn_core_u_otbn_mac_bignum_adder_add_49_30_g9444/Y                                -       A->Y    F     NOR2x1_ASAP7_75t_SL           3  4.6    35    22    1217    (-,-) 
  u_otbn_core_u_otbn_mac_bignum_adder_add_49_30_g8783/Y                                -       A->Y    R     NOR2xp33_ASAP7_75t_L          2  3.2    74    41    1258    (-,-) 
  u_otbn_core_u_otbn_mac_bignum_adder_add_49_30_g8489/Y                                -       A->Y    F     NAND2xp5_ASAP7_75t_SL         1  2.0    34    14    1272    (-,-) 
  u_otbn_core_u_otbn_mac_bignum_adder_add_49_30_g8401/Y                                -       C->Y    R     OAI211xp5_ASAP7_75t_SL        2  3.7    81    30    1302    (-,-) 
  u_otbn_core_u_otbn_mac_bignum_adder_add_49_30_g8340/Y                                -       A2->Y   R     AO211x2_ASAP7_75t_SL          1  2.1    16    28    1330    (-,-) 
  u_otbn_core_u_otbn_mac_bignum_adder_add_49_30_g8227/Y                                -       B->Y    F     AOI21xp5_ASAP7_75t_SL         1  2.1    29    14    1344    (-,-) 
  u_otbn_core_u_otbn_mac_bignum_adder_add_49_30_g8217/Y                                -       B->Y    F     AND2x2_ASAP7_75t_SL           4  7.6    24    27    1370    (-,-) 
  u_otbn_core_u_otbn_mac_bignum_adder_add_49_30_g8210/Y                                -       A->Y    R     INVx2_ASAP7_75t_SL            4  6.9    28    17    1388    (-,-) 
  u_otbn_core_u_otbn_mac_bignum_adder_add_49_30_g8204/Y                                -       B->Y    F     NAND2x1_ASAP7_75t_SL          1  2.6    21    12    1399    (-,-) 
  u_otbn_core_u_otbn_mac_bignum_adder_add_49_30_g8189/Y                                -       B->Y    R     NAND2x1_ASAP7_75t_SL          4  6.5    50    27    1427    (-,-) 
  u_otbn_core_u_otbn_mac_bignum_adder_add_49_30_g8150/Y                                -       A2->Y   R     AO21x1_ASAP7_75t_L            3  5.3    43    36    1462    (-,-) 
  u_otbn_core_u_otbn_mac_bignum_adder_add_49_30_g8090/Y                                -       A2->Y   R     AO21x1_ASAP7_75t_L            3  5.2    42    35    1497    (-,-) 
  u_otbn_core_u_otbn_mac_bignum_adder_add_49_30_g8071/Y                                -       A->Y    F     INVx1_ASAP7_75t_SL            1  2.1    22    12    1509    (-,-) 
  u_otbn_core_u_otbn_mac_bignum_adder_add_49_30_g7996/Y                                -       A2->Y   R     OAI21xp5_ASAP7_75t_L          1  2.5    44    26    1535    (-,-) 
  u_otbn_core_u_otbn_mac_bignum_adder_add_49_30_g2/Y                                   -       B->Y    R     XNOR2x2_ASAP7_75t_SL          6  8.3    33    33    1568    (-,-) 
  g761179/Y                                                                            -       A1->Y   F     AOI222xp33_ASAP7_75t_SL       1  1.9    74    24    1592    (-,-) 
  g761178/Y                                                                            -       B->Y    F     OA211x2_ASAP7_75t_SL          2  3.5    21    47    1638    (-,-) 
  g26753/Y                                                                             -       A2->Y   R     OAI211xp5_ASAP7_75t_SL        3  5.4   121    53    1692    (-,-) 
  u_otbn_core_u_otbn_rf_bignum_g_rf_intg_calc[1].u_wr_data_intg_enc/g1899/Y            -       A->Y    F     XOR2x2_ASAP7_75t_L            2  4.2    21    34    1726    (-,-) 
  u_otbn_core_u_otbn_rf_bignum_g_rf_intg_calc[1].u_wr_data_intg_enc/g1866/Y            -       B->Y    R     XNOR2xp5_ASAP7_75t_SL         1  2.6    42    23    1749    (-,-) 
  u_otbn_core_u_otbn_rf_bignum_g_rf_intg_calc[1].u_wr_data_intg_enc/g1835/Y            -       A->Y    R     XOR2xp5_ASAP7_75t_SL          1  3.2    64    32    1782    (-,-) 
  u_otbn_core_u_otbn_rf_bignum_g_rf_intg_calc[1].u_wr_data_intg_enc/g1829/Y            -       B->Y    R     XNOR2x1_ASAP7_75t_SL          1  2.6    37    20    1802    (-,-) 
  u_otbn_core_u_otbn_rf_bignum_g_rf_intg_calc[1].u_wr_data_intg_enc/g1823/Y            -       B->Y    F     XOR2xp5_ASAP7_75t_SL          1  2.0    34    18    1820    (-,-) 
  g763717/Y                                                                            -       A->Y    F     AND2x2_ASAP7_75t_SL           1  2.1    11    22    1842    (-,-) 
  g751270/Y                                                                            -       B->Y    F     OR3x4_ASAP7_75t_SL           32 46.0    74    64    1906    (-,-) 
  g43007/Y                                                                             -       A1->Y   R     AOI32xp33_ASAP7_75t_SL        1  2.1    82    35    1941    (-,-) 
  u_otbn_core_u_otbn_rf_bignum_gen_rf_bignum_ff.u_otbn_rf_bignum_inner_rf_reg[8][77]/D <<<     -       R     DFFHQNx1_ASAP7_75t_SL         1    -     -     0    1941    (-,-) 
#------------------------------------------------------------------------------------------------------------------------------------------------------------------------------

