============================================================
  Generated by:           Genus(TM) Synthesis Solution 21.18-s082_1
  Generated on:           Sep 24 2025  06:46:31 am
  Module:                 otbn
  Operating conditions:   PVT_0P7V_25C 
  Interconnect mode:      global
  Area mode:              physical library
============================================================


Path 1: MET (1 ps) Setup Check with Pin u_otbn_core_u_otbn_rf_bignum_gen_rf_bignum_ff.u_otbn_rf_bignum_inner_rf_reg[17][271]/CLK->SI
          Group: clk_i
     Startpoint: (R) u_otbn_core_u_otbn_instruction_fetch_u_rf_predec_bignum_flop/q_o_reg[63]/CLK
          Clock: (R) clk_i
       Endpoint: (R) u_otbn_core_u_otbn_rf_bignum_gen_rf_bignum_ff.u_otbn_rf_bignum_inner_rf_reg[17][271]/SI
          Clock: (R) clk_i

                     Capture       Launch     
        Clock Edge:+    1852            0     
       Src Latency:+       0            0     
       Net Latency:+       0 (I)        0 (I) 
           Arrival:=    1852            0     
                                              
             Setup:-      13                  
     Required Time:=    1838                  
      Launch Clock:-       0                  
         Data Path:-    1838                  
             Slack:=       1                  

#----------------------------------------------------------------------------------------------------------------------------------------------------------------------------------
#                                      Timing Point                                       Flags    Arc    Edge           Cell            Fanout  Load Trans Delay Arrival Instance 
#                                                                                                                                                (fF)  (ps)  (ps)   (ps)  Location 
#----------------------------------------------------------------------------------------------------------------------------------------------------------------------------------
  u_otbn_core_u_otbn_instruction_fetch_u_rf_predec_bignum_flop/q_o_reg[63]/CLK            -       -       R     (arrival)                 17410     -     0     0       0    (-,-) 
  u_otbn_core_u_otbn_instruction_fetch_u_rf_predec_bignum_flop/q_o_reg[63]/QN             -       CLK->QN F     DFFASRHQNx1_ASAP7_75t_SL      1   2.6    27    39      39    (-,-) 
  u_otbn_core_u_otbn_instruction_fetch_u_rf_predec_bignum_flop/g109/Y                     -       A->Y    F     BUFx4f_ASAP7_75t_SL           4  14.3    23    25      64    (-,-) 
  g745407/Y                                                                               -       A->Y    F     BUFx16f_ASAP7_75t_SL         87 106.5    54    37     101    (-,-) 
  g745406/Y                                                                               -       A->Y    F     BUFx6f_ASAP7_75t_SL          13  17.5    22    27     128    (-,-) 
  g739721/Y                                                                               -       B1->Y   R     AOI22xp5_ASAP7_75t_SL         1   3.1    55    26     155    (-,-) 
  g812147/Y                                                                               -       A->Y    F     NAND4xp75_ASAP7_75t_SL        1   2.6    37    18     173    (-,-) 
  g811836/Y                                                                               -       A->Y    R     NOR2x1_ASAP7_75t_SL           1   3.1    37    16     189    (-,-) 
  g811429/Y                                                                               -       D->Y    F     NAND4xp75_ASAP7_75t_SL        3   4.4    47    19     208    (-,-) 
  g712995/Y                                                                               -       B->Y    F     AND2x2_ASAP7_75t_SL           2   3.2    15    24     233    (-,-) 
  g710870/Y                                                                               -       A1->Y   F     AO22x2_ASAP7_75t_SL           2   3.9    16    23     256    (-,-) 
  g710543/Y                                                                               -       A->Y    R     NOR2x1_ASAP7_75t_SL           1   2.1    20    11     267    (-,-) 
  g710299/Y                                                                               -       B2->Y   R     OA22x2_ASAP7_75t_SL           2   5.2    22    23     290    (-,-) 
  g710219/Y                                                                               -       B->Y    F     NAND2x1_ASAP7_75t_SL          1   2.6    19    11     301    (-,-) 
  g710066/Y                                                                               -       A->Y    F     AND2x4_ASAP7_75t_SL           2   5.2    12    19     320    (-,-) 
  g710031/Y                                                                               -       A->Y    R     INVx3_ASAP7_75t_SL            4   9.2    23    13     333    (-,-) 
  g709682/Y                                                                               -       D->Y    F     NAND4xp75_ASAP7_75t_SL        4   7.6    62    27     360    (-,-) 
  g709598/Y                                                                               -       B->Y    R     NAND2x1p5_ASAP7_75t_SL        1   2.8    28    19     380    (-,-) 
  g709392/Y                                                                               -       B->Y    F     OAI21x1_ASAP7_75t_SL          1   2.8    24    14     394    (-,-) 
  g709364/Y                                                                               -       A->Y    F     BUFx10_ASAP7_75t_SL          19  32.2    25    28     422    (-,-) 
  u_otbn_core_u_otbn_mac_bignum_mul_mul_193_36_I8_g15047/Y                                -       A->Y    R     INVx6_ASAP7_75t_SL           10  14.8    23    15     436    (-,-) 
  u_otbn_core_u_otbn_mac_bignum_mul_mul_193_36_I8_g14903/Y                                -       B1->Y   R     OA22x2_ASAP7_75t_SL           8  12.5    45    34     471    (-,-) 
  u_otbn_core_u_otbn_mac_bignum_mul_mul_193_36_I8_g14831/Y                                -       A->Y    F     INVx2_ASAP7_75t_SL           11  15.9    51    30     501    (-,-) 
  u_otbn_core_u_otbn_mac_bignum_mul_mul_193_36_I8_g14696/Y                                -       B2->Y   F     AO22x2_ASAP7_75t_SL           2   5.0    20    32     532    (-,-) 
  u_otbn_core_u_otbn_mac_bignum_mul_mul_193_36_I8_g14546/Y                                -       A->Y    F     XNOR2x1_ASAP7_75t_SL          1   2.5    26    19     551    (-,-) 
  u_otbn_core_u_otbn_mac_bignum_mul_mul_193_36_I8_g14450/Y                                -       A->Y    R     XOR2x2_ASAP7_75t_SL           2   5.0    22    32     583    (-,-) 
  u_otbn_core_u_otbn_mac_bignum_mul_mul_193_36_I8_g14343/Y                                -       B->Y    R     XNOR2x1_ASAP7_75t_SL          1   3.1    34    19     602    (-,-) 
  u_otbn_core_u_otbn_mac_bignum_mul_mul_193_36_I8_g14269/Y                                -       A->Y    R     XNOR2x1_ASAP7_75t_SL          2   4.2    36    24     625    (-,-) 
  u_otbn_core_u_otbn_mac_bignum_mul_mul_193_36_I8_g14191/Y                                -       A->Y    F     XOR2x2_ASAP7_75t_SL           1   2.6    14    22     648    (-,-) 
  u_otbn_core_u_otbn_mac_bignum_mul_mul_193_36_I8_g14138/Y                                -       B->Y    R     XOR2x2_ASAP7_75t_SL           2   3.9    18    28     676    (-,-) 
  u_otbn_core_u_otbn_mac_bignum_mul_mul_193_36_I8_g14109/Y                                -       B->Y    R     OR2x6_ASAP7_75t_SL            4   7.5    14    20     696    (-,-) 
  u_otbn_core_u_otbn_mac_bignum_mul_mul_193_36_I8_g14050/Y                                -       A->Y    R     AND2x4_ASAP7_75t_SL           2   4.4    12    15     712    (-,-) 
  u_otbn_core_u_otbn_mac_bignum_mul_mul_193_36_I8_g14023/Y                                -       B->Y    R     AND2x4_ASAP7_75t_SL           2   5.0    13    16     728    (-,-) 
  u_otbn_core_u_otbn_mac_bignum_mul_mul_193_36_I8_g13990/Y                                -       A1->Y   F     AOI21x1_ASAP7_75t_SL          1   4.2    28    14     742    (-,-) 
  u_otbn_core_u_otbn_mac_bignum_mul_mul_193_36_I8_g13964/Y                                -       B->Y    R     NAND3x2_ASAP7_75t_SL          4   8.7    45    26     768    (-,-) 
  u_otbn_core_u_otbn_mac_bignum_mul_mul_193_36_I8_g13956/Y                                -       B->Y    F     NAND2x1p5_ASAP7_75t_SL        1   2.0    19     8     777    (-,-) 
  u_otbn_core_u_otbn_mac_bignum_mul_mul_193_36_I8_g13951/Y                                -       A->Y    F     AND2x2_ASAP7_75t_SL           2   3.7    15    21     798    (-,-) 
  u_otbn_core_u_otbn_mac_bignum_mul_mul_193_36_I8_g13939/Y                                -       A1->Y   R     OAI21xp5_ASAP7_75t_L          1   3.1    49    27     824    (-,-) 
  u_otbn_core_u_otbn_mac_bignum_mul_mul_193_36_I8_g13929/Y                                -       A->Y    F     XNOR2x1_ASAP7_75t_SL          3   4.9    34    17     841    (-,-) 
  WALLACE_CSA_DUMMY_OP8310_groupi_g4545/Y                                                 -       A->Y    R     NAND2xp5_ASAP7_75t_SL         2   3.8    47    28     869    (-,-) 
  WALLACE_CSA_DUMMY_OP8310_groupi_g4293/Y                                                 -       A->Y    F     NOR2x1_ASAP7_75t_SL           3   4.8    40    25     895    (-,-) 
  WALLACE_CSA_DUMMY_OP8310_groupi_g4270/Y                                                 -       A->Y    R     INVx1_ASAP7_75t_SL            3   5.6    45    28     923    (-,-) 
  WALLACE_CSA_DUMMY_OP8310_groupi_g4231/Y                                                 -       B->Y    F     NOR2xp33_ASAP7_75t_L          1   2.1    47    33     956    (-,-) 
  WALLACE_CSA_DUMMY_OP8310_groupi_g4100/Y                                                 -       B->Y    R     O2A1O1Ixp5_ASAP7_75t_SL       1   3.1    54    28     984    (-,-) 
  WALLACE_CSA_DUMMY_OP8310_groupi_g4071/Y                                                 -       A->Y    R     XNOR2x1_ASAP7_75t_SL          3   6.4    54    29    1013    (-,-) 
  WALLACE_CSA_DUMMY_OP8314_groupi_g14030/Y                                                -       A->Y    F     INVx4_ASAP7_75t_SL            2   3.9    18     8    1020    (-,-) 
  WALLACE_CSA_DUMMY_OP8314_groupi_g13505/Y                                                -       A1->Y   F     OA22x2_ASAP7_75t_SL           2   3.9    17    22    1042    (-,-) 
  WALLACE_CSA_DUMMY_OP8314_groupi_g13349/Y                                                -       A->Y    R     XOR2x2_ASAP7_75t_SL           1   2.4    16    26    1069    (-,-) 
  WALLACE_CSA_DUMMY_OP8314_groupi_g14252/Y                                                -       A->Y    F     XOR2x2_ASAP7_75t_SL           2   4.9    19    24    1093    (-,-) 
  WALLACE_CSA_DUMMY_OP8314_groupi_g13060/Y                                                -       B->Y    R     NAND2x1p5_ASAP7_75t_SL        2   4.5    26    15    1108    (-,-) 
  WALLACE_CSA_DUMMY_OP8314_groupi_g12898/Y                                                -       B->Y    F     NAND2x1p5_ASAP7_75t_SL        2   4.1    21    12    1120    (-,-) 
  WALLACE_CSA_DUMMY_OP8314_groupi_g12863/Y                                                -       A->Y    R     INVx2_ASAP7_75t_SL            1   3.1    16    11    1131    (-,-) 
  WALLACE_CSA_DUMMY_OP8314_groupi_g12758/Y                                                -       B->Y    F     NAND2x1p5_ASAP7_75t_SL        2   3.8    18    10    1141    (-,-) 
  WALLACE_CSA_DUMMY_OP8314_groupi_g12682/Y                                                -       B->Y    F     OR2x6_ASAP7_75t_SL            3   7.6    14    22    1163    (-,-) 
  WALLACE_CSA_DUMMY_OP8314_groupi_g12609/Y                                                -       A->Y    F     OR2x6_ASAP7_75t_SL            2   4.6    12    20    1183    (-,-) 
  WALLACE_CSA_DUMMY_OP8314_groupi_g12596/Y                                                -       A->Y    R     INVx2_ASAP7_75t_SL            1   2.6    12     8    1191    (-,-) 
  WALLACE_CSA_DUMMY_OP8314_groupi_g12364/Y                                                -       B->Y    R     AND2x4_ASAP7_75t_SL           2   6.0    15    17    1208    (-,-) 
  WALLACE_CSA_DUMMY_OP8314_groupi_fopt7/Y                                                 -       A->Y    R     BUFx12f_ASAP7_75t_SL         12  19.0    16    17    1224    (-,-) 
  WALLACE_CSA_DUMMY_OP8314_groupi_fopt6/Y                                                 -       A->Y    F     INVx2_ASAP7_75t_SL            3   6.2    20    12    1237    (-,-) 
  WALLACE_CSA_DUMMY_OP8314_groupi_g12307/Y                                                -       A2->Y   R     OAI21x1_ASAP7_75t_SL          1   2.4    27    14    1250    (-,-) 
  WALLACE_CSA_DUMMY_OP8314_groupi_g12277/Y                                                -       B->Y    R     AO211x2_ASAP7_75t_SL          1   3.2    17    24    1275    (-,-) 
  WALLACE_CSA_DUMMY_OP8314_groupi_g12211/Y                                                -       B->Y    R     XNOR2x1_ASAP7_75t_SL          3   4.6    42    21    1296    (-,-) 
  g779390/Y                                                                               -       A1->Y   R     AO221x1_ASAP7_75t_SL          2   3.2    32    34    1329    (-,-) 
  u_otbn_core_u_otbn_mac_bignum_adder_add_49_30_g15206/Y                                  -       A->Y    R     OR2x2_ASAP7_75t_SL            4   7.1    28    27    1356    (-,-) 
  u_otbn_core_u_otbn_mac_bignum_adder_add_49_30_g14579/Y                                  -       B->Y    F     NAND2x1p5_ASAP7_75t_SL        4   6.7    30    17    1373    (-,-) 
  u_otbn_core_u_otbn_mac_bignum_adder_add_49_30_g14180/Y                                  -       B->Y    F     OR2x2_ASAP7_75t_SL            3   5.8    21    27    1400    (-,-) 
  u_otbn_core_u_otbn_mac_bignum_adder_add_49_30_g13940/Y                                  -       B->Y    F     OR2x6_ASAP7_75t_SL            3   5.9    13    21    1420    (-,-) 
  u_otbn_core_u_otbn_mac_bignum_adder_add_49_30_g13656/Y                                  -       A->Y    F     OR2x2_ASAP7_75t_SL            2   4.7    18    21    1442    (-,-) 
  u_otbn_core_u_otbn_mac_bignum_adder_add_49_30_g13515/Y                                  -       A->Y    R     NOR2x1p5_ASAP7_75t_SL         2   5.4    30    16    1458    (-,-) 
  u_otbn_core_u_otbn_mac_bignum_adder_add_49_30_g12763/Y                                  -       A->Y    F     NAND2x1p5_ASAP7_75t_SL        2   4.8    29    12    1469    (-,-) 
  u_otbn_core_u_otbn_mac_bignum_adder_add_49_30_g12709/Y                                  -       C->Y    F     AND3x4_ASAP7_75t_SL           5  14.1    26    34    1503    (-,-) 
  u_otbn_core_u_otbn_mac_bignum_adder_add_49_30_g12593/Y                                  -       A2->Y   R     OAI21x1_ASAP7_75t_SL          1   2.6    27    15    1518    (-,-) 
  u_otbn_core_u_otbn_mac_bignum_adder_add_49_30_g12527/Y                                  -       B->Y    R     OR2x6_ASAP7_75t_SL            6  11.6    19    24    1542    (-,-) 
  u_otbn_core_u_otbn_mac_bignum_adder_add_49_30_g12518/Y                                  -       A->Y    F     INVx5_ASAP7_75t_SL           10  18.5    24    15    1556    (-,-) 
  u_otbn_core_u_otbn_mac_bignum_adder_add_49_30_g12385/Y                                  -       A2->Y   R     OAI21x1_ASAP7_75t_SL          1   2.5    28    15    1571    (-,-) 
  u_otbn_core_u_otbn_mac_bignum_adder_add_49_30_g12378/Y                                  -       B->Y    R     XNOR2x2_ASAP7_75t_SL          6   9.0    35    32    1603    (-,-) 
  g823861/Y                                                                               -       B1->Y   F     AOI22x1_ASAP7_75t_L           1   2.5    44    16    1618    (-,-) 
  g823555/Y                                                                               -       C->Y    F     OA221x2_ASAP7_75t_SL          1   3.5    20    30    1649    (-,-) 
  g822445/Y                                                                               -       A->Y    R     NAND2x2_ASAP7_75t_SL          3   5.5    27    18    1666    (-,-) 
  u_otbn_core_u_otbn_rf_bignum_g_rf_intg_calc[6].u_wr_data_intg_enc/fopt/Y                -       A->Y    R     HB1xp67_ASAP7_75t_SL          1   2.4    27    23    1690    (-,-) 
  u_otbn_core_u_otbn_rf_bignum_g_rf_intg_calc[6].u_wr_data_intg_enc/g1787/Y               -       A->Y    F     XOR2x2_ASAP7_75t_SL           1   2.5    14    22    1711    (-,-) 
  u_otbn_core_u_otbn_rf_bignum_g_rf_intg_calc[6].u_wr_data_intg_enc/g1764/Y               -       A->Y    F     XOR2x2_ASAP7_75t_SL           1   3.2    15    22    1734    (-,-) 
  u_otbn_core_u_otbn_rf_bignum_g_rf_intg_calc[6].u_wr_data_intg_enc/g1730/Y               -       B->Y    F     XNOR2x1_ASAP7_75t_SL          1   2.1    18    17    1751    (-,-) 
  g805633/Y                                                                               -       A1->Y   F     AO21x2_ASAP7_75t_SL           1   2.6    13    21    1772    (-,-) 
  g804655/Y                                                                               -       B->Y    F     OR2x6_ASAP7_75t_SL           27  37.8    42    35    1807    (-,-) 
  g804370/Y                                                                               -       A->Y    R     INVx6_ASAP7_75t_SL            6   8.7    21    13    1821    (-,-) 
  g726837/Y                                                                               -       B->Y    R     OR2x2_ASAP7_75t_SL            1   2.1    12    17    1838    (-,-) 
  u_otbn_core_u_otbn_rf_bignum_gen_rf_bignum_ff.u_otbn_rf_bignum_inner_rf_reg[17][271]/SI <<<     -       R     SDFHx1_ASAP7_75t_SL           1     -     -     0    1838    (-,-) 
#----------------------------------------------------------------------------------------------------------------------------------------------------------------------------------

