============================================================
  Generated by:           Genus(TM) Synthesis Solution 21.18-s082_1
  Generated on:           Sep 22 2025  10:33:37 pm
  Module:                 otbn_alu_bignum
  Operating conditions:   PVT_0P7V_25C 
  Interconnect mode:      global
  Area mode:              physical library
============================================================

                     Instance                                       Module                   Cell Count  Cell Area  Net Area   Total Area 
------------------------------------------------------------------------------------------------------------------------------------------
otbn_alu_bignum                                                                                   44794  79103.615 40887.882   119991.497 
  g_kmac_digest_words[0].i_kmac_digest_secded_enc prim_secded_inv_39_32_enc_12186                    77    161.663    37.586      199.249 
  g_kmac_digest_words[1].i_kmac_digest_secded_enc prim_secded_inv_39_32_enc_12185                    77    161.663    37.586      199.249 
  g_kmac_digest_words[2].i_kmac_digest_secded_enc prim_secded_inv_39_32_enc_12184                    77    161.663    37.586      199.249 
  g_kmac_digest_words[3].i_kmac_digest_secded_enc prim_secded_inv_39_32_enc_12183                    77    161.663    37.586      199.249 
  g_kmac_digest_words[4].i_kmac_digest_secded_enc prim_secded_inv_39_32_enc_12182                    77    161.663    37.586      199.249 
  g_kmac_digest_words[5].i_kmac_digest_secded_enc prim_secded_inv_39_32_enc_12181                    77    161.663    37.586      199.249 
  g_kmac_digest_words[6].i_kmac_digest_secded_enc prim_secded_inv_39_32_enc_12180                    77    161.663    37.586      199.249 
  g_kmac_digest_words[7].i_kmac_digest_secded_enc prim_secded_inv_39_32_enc_12179                    77    161.663    37.586      199.249 
  g_kmac_msg_words[0].i_kmac_msg_secded_enc       prim_secded_inv_39_32_enc_12194                    77    161.663    37.586      199.249 
  g_kmac_msg_words[1].i_kmac_msg_secded_enc       prim_secded_inv_39_32_enc_12193                    77    161.663    37.586      199.249 
  g_kmac_msg_words[2].i_kmac_msg_secded_enc       prim_secded_inv_39_32_enc_12192                    77    161.663    37.586      199.249 
  g_kmac_msg_words[3].i_kmac_msg_secded_enc       prim_secded_inv_39_32_enc_12191                    77    161.663    37.586      199.249 
  g_kmac_msg_words[4].i_kmac_msg_secded_enc       prim_secded_inv_39_32_enc_12190                    77    161.663    37.586      199.249 
  g_kmac_msg_words[5].i_kmac_msg_secded_enc       prim_secded_inv_39_32_enc_12189                    77    161.663    37.586      199.249 
  g_kmac_msg_words[6].i_kmac_msg_secded_enc       prim_secded_inv_39_32_enc_12188                    77    161.663    37.586      199.249 
  g_kmac_msg_words[7].i_kmac_msg_secded_enc       prim_secded_inv_39_32_enc_12187                    77    161.663    37.586      199.249 
  g_mod_words[0].i_secded_enc                     prim_secded_inv_39_32_enc                          77    161.663    37.586      199.249 
  g_mod_words[1].i_secded_enc                     prim_secded_inv_39_32_enc_12202                    77    161.663    37.586      199.249 
  g_mod_words[2].i_secded_enc                     prim_secded_inv_39_32_enc_12201                    77    161.663    37.586      199.249 
  g_mod_words[3].i_secded_enc                     prim_secded_inv_39_32_enc_12200                    77    161.663    37.586      199.249 
  g_mod_words[4].i_secded_enc                     prim_secded_inv_39_32_enc_12199                    77    161.663    37.586      199.249 
  g_mod_words[5].i_secded_enc                     prim_secded_inv_39_32_enc_12198                    77    161.663    37.586      199.249 
  g_mod_words[6].i_secded_enc                     prim_secded_inv_39_32_enc_12197                    77    161.663    37.586      199.249 
  g_mod_words[7].i_secded_enc                     prim_secded_inv_39_32_enc_12196                    77    161.663    37.586      199.249 
  g_rdata_enc[0].i_secded_enc                     prim_secded_inv_39_32_enc_12178                    76    159.564    37.330      196.894 
  g_rdata_enc[1].i_secded_enc                     prim_secded_inv_39_32_enc_12177                    77    161.663    37.586      199.249 
  g_rdata_enc[2].i_secded_enc                     prim_secded_inv_39_32_enc_12176                    77    161.663    37.586      199.249 
  g_rdata_enc[3].i_secded_enc                     prim_secded_inv_39_32_enc_12175                    77    161.663    37.586      199.249 
  g_rdata_enc[4].i_secded_enc                     prim_secded_inv_39_32_enc_12174                    76    159.564    37.330      196.894 
  g_rdata_enc[5].i_secded_enc                     prim_secded_inv_39_32_enc_12173                    76    159.564    37.330      196.894 
  g_rdata_enc[6].i_secded_enc                     prim_secded_inv_39_32_enc_12172                    76    159.564    37.330      196.894 
  g_rdata_enc[7].i_secded_enc                     prim_secded_inv_39_32_enc_12171                    77    161.663    37.586      199.249 
  g_update_flag_groups[0].u_mac_z_flag_en_blanker prim_blanker_Width1                                 1      1.400     0.000        1.400 
    u_blank_and                                   prim_and2_Width1                                    1      1.400     0.000        1.400 
  g_update_flag_groups[1].u_mac_z_flag_en_blanker prim_blanker_Width1_12169                           1      1.400     0.000        1.400 
    u_blank_and                                   prim_and2_Width1_12165                              1      1.400     0.000        1.400 
  u_expected_ispr_rd_en_enc                       prim_onehot_enc_OneHotWidth13                      20     26.361    10.538       36.899 
  u_expected_ispr_wr_en_enc                       prim_onehot_enc_OneHotWidth13_12170                20     26.361    10.538       36.899 
  u_flags_q_mux_g_in_mux_outer[0].u_mux_bit_and   prim_and2_Width2                                    2      2.799     0.000        2.799 
  u_flags_q_mux_g_in_mux_outer[1].u_mux_bit_and   prim_and2_Width2_12168                              2      2.799     0.000        2.799 
  u_flags_q_mux_g_in_mux_outer[2].u_mux_bit_and   prim_and2_Width2_12167                              2      2.799     0.000        2.799 
  u_flags_q_mux_g_in_mux_outer[3].u_mux_bit_and   prim_and2_Width2_12166                              2      2.799     0.000        2.799 
  u_kmac_cfg_secded_enc                           prim_secded_inv_39_32_enc_12195                    77    161.663    37.586      199.249 
  u_kmac_msg_ctr                                  prim_count_Width12_EnableAlertTriggerSVA0         151    330.091    93.127      423.218 
    gen_cnts[0].u_cnt_flop                        prim_flop_Width12_ResetValue0                      24     81.181     5.985       87.167 
    gen_cnts[1].u_cnt_flop                        prim_flop_Width12_ResetValue4095                   24     81.181     5.985       87.167 
  u_kmac_status_secded_enc                        prim_secded_inv_39_32_enc_17                        3      6.299     0.000        6.299 
