============================================================
  Generated by:           Genus(TM) Synthesis Solution 21.18-s082_1
  Generated on:           Sep 22 2025  10:33:37 pm
  Module:                 otbn_alu_bignum
  Operating conditions:   PVT_0P7V_25C 
  Interconnect mode:      global
  Area mode:              physical library
============================================================


Path 1: MET (0 ps) Setup Check with Pin flags_q_reg[1][Z]/CLK->D
          Group: clk_i
     Startpoint: (R) operation_i[op][3]
       Endpoint: (F) flags_q_reg[1][Z]/D
          Clock: (R) clk_i

                        Capture       Launch  
           Path Delay:+     769            -  
           Drv Adjust:+       0            0  
          Src Latency:+       0               
          Net Latency:+       0 (I)           
        Capture Clock:+       0               
              Arrival:=     769               
                                              
                Setup:-       5               
        Required Time:=     765               
            Data Path:-     765               
                Slack:=       0               

Exceptions/Constraints:
  max_delay             769             del_1 

#-------------------------------------------------------------------------------------------------------------------------
#           Timing Point            Flags   Arc   Edge           Cell            Fanout Load Trans Delay Arrival Instance 
#                                                                                       (fF)  (ps)  (ps)   (ps)  Location 
#-------------------------------------------------------------------------------------------------------------------------
  operation_i[op][3]                -       -     R     (arrival)                     9 19.9     0     0       0    (-,-) 
  g160443/Y                         -       A->Y  F     INVx8_ASAP7_75t_SL            2  5.5     4     4       4    (-,-) 
  g159342/Y                         -       B->Y  R     NOR3x2_ASAP7_75t_SL           1  2.7    15     9      13    (-,-) 
  g159102/Y                         -       B2->Y F     AOI22x1_ASAP7_75t_SL          1  4.0    28    16      29    (-,-) 
  fopt219552/Y                      -       A->Y  F     BUFx12f_ASAP7_75t_SL          8 19.9    16    20      49    (-,-) 
  fopt219538/Y                      -       A->Y  F     BUFx12f_ASAP7_75t_SL         18 41.8    26    23      72    (-,-) 
  fopt219537/Y                      -       A->Y  F     BUFx12f_ASAP7_75t_SL          8 16.6    14    19      91    (-,-) 
  g158792/Y                         -       B->Y  F     OR2x2_ASAP7_75t_SL            1  2.6    12    19     110    (-,-) 
  g158401/Y                         -       A2->Y R     AOI21x1_ASAP7_75t_SL          2  3.4    29    15     125    (-,-) 
  addinc_adder_x_add_49_41_g14759/Y -       B->Y  R     OR2x2_ASAP7_75t_SL            4  6.1    24    24     149    (-,-) 
  addinc_adder_x_add_49_41_g13558/Y -       B->Y  R     AND2x2_ASAP7_75t_SL           2  4.3    19    21     170    (-,-) 
  addinc_adder_x_add_49_41_g12977/Y -       A1->Y R     AO211x2_ASAP7_75t_SL          3  5.0    23    28     198    (-,-) 
  addinc_adder_x_add_49_41_g12631/Y -       A2->Y R     AO211x2_ASAP7_75t_SL          5  7.7    31    31     229    (-,-) 
  addinc_adder_x_add_49_41_g12314/Y -       A2->Y F     AOI21x1_ASAP7_75t_SL          1  2.8    24    12     241    (-,-) 
  addinc_adder_x_add_49_41_g12208/Y -       B->Y  R     OAI21x1_ASAP7_75t_SL          2  3.5    32    13     253    (-,-) 
  addinc_adder_x_add_49_41_g12074/Y -       A1->Y R     AO21x2_ASAP7_75t_SL           1  4.0    18    20     273    (-,-) 
  fopt219760/Y                      -       A->Y  R     BUFx12f_ASAP7_75t_SL          5 16.3    15    17     290    (-,-) 
  fopt219744/Y                      -       A->Y  F     INVx4_ASAP7_75t_SL            3  7.2    14     9     299    (-,-) 
  fopt219736/Y                      -       A->Y  R     INVx5_ASAP7_75t_SL            4  6.8    13     9     307    (-,-) 
  fopt219735/Y                      -       A->Y  R     BUFx3_ASAP7_75t_SL            4  6.4    18    18     325    (-,-) 
  addinc_adder_x_add_49_41_g11895/Y -       A1->Y R     AO21x2_ASAP7_75t_SL           1  2.7    16    17     342    (-,-) 
  addinc_adder_x_add_49_41_g11649/Y -       B->Y  F     AOI21x1_ASAP7_75t_SL          1  3.2    22    12     354    (-,-) 
  addinc_adder_x_add_49_41_g11477/Y -       B->Y  F     XNOR2x1_ASAP7_75t_SL          2  4.0    33    23     377    (-,-) 
  g212847/Y                         -       A2->Y F     AO21x2_ASAP7_75t_SL           2  5.3    20    27     404    (-,-) 
  addinc_adder_y_add_49_41_g15400/Y -       A->Y  R     NAND2x1_ASAP7_75t_SL          2  4.0    35    21     425    (-,-) 
  addinc_adder_y_add_49_41_g14319/Y -       B->Y  F     OAI21x1_ASAP7_75t_SL          3  4.7    33    20     445    (-,-) 
  addinc_adder_y_add_49_41_g13840/Y -       A2->Y F     AO21x2_ASAP7_75t_SL           5  7.9    26    31     476    (-,-) 
  addinc_adder_y_add_49_41_g13394/Y -       A2->Y R     AOI21x1_ASAP7_75t_SL          1  2.8    27    16     491    (-,-) 
  addinc_adder_y_add_49_41_g13050/Y -       B->Y  F     OAI21x1_ASAP7_75t_SL          1  2.1    20    12     503    (-,-) 
  addinc_adder_y_add_49_41_g12899/Y -       B->Y  F     AO21x2_ASAP7_75t_SL           2  6.4    22    26     530    (-,-) 
  addinc_adder_y_add_49_41_g12829/Y -       A->Y  R     INVx5_ASAP7_75t_SL            5 11.3    21    14     543    (-,-) 
  addinc_adder_y_add_49_41_g12828/Y -       A->Y  F     INVx6_ASAP7_75t_SL           10 18.9    22    14     557    (-,-) 
  addinc_adder_y_add_49_41_g12743/Y -       A2->Y R     AOI21x1_ASAP7_75t_SL          1  2.5    25    14     571    (-,-) 
  addinc_adder_y_add_49_41_g12348/Y -       C->Y  R     OA221x2_ASAP7_75t_SL          1  2.6    14    19     590    (-,-) 
  addinc_adder_y_add_49_41_g12218/Y -       B->Y  F     XOR2x2_ASAP7_75t_SL           2  3.5    16    21     611    (-,-) 
  g166895/Y                         -       B->Y  F     OR4x1_ASAP7_75t_SL            1  2.1    19    28     639    (-,-) 
  g166215/Y                         -       A->Y  R     NOR5xp2_ASAP7_75t_SL          1  2.1    85    38     676    (-,-) 
  g165793/Y                         -       A->Y  R     AND4x2_ASAP7_75t_SL           2  4.0    24    41     717    (-,-) 
  g163896/Y                         -       E->Y  F     NAND5xp2_ASAP7_75t_SL         1  2.1    62    29     746    (-,-) 
  g163225/Y                         -       A->Y  F     AND4x1_ASAP7_75t_SL           1  2.1    16    18     765    (-,-) 
  flags_q_reg[1][Z]/D               <<<     -     F     DFFASRHQNx1_ASAP7_75t_SL      1    -     -     0     765    (-,-) 
#-------------------------------------------------------------------------------------------------------------------------

