============================================================
  Generated by:           Genus(TM) Synthesis Solution 21.18-s082_1
  Generated on:           Sep 16 2025  02:39:14 pm
  Module:                 sklansky
  Operating conditions:   PVT_0P7V_25C 
  Interconnect mode:      global
  Area mode:              physical library
============================================================


Path 1: MET (0 ps) Path Delay Check
     Startpoint: (R) B[112]
       Endpoint: (R) res[124]

                   Capture    Launch  
      Path Delay:+     385         -  
      Drv Adjust:+       0         0  
         Arrival:=     385            
                                      
   Required Time:=     385            
       Data Path:-     385            
           Slack:=       0            

Exceptions/Constraints:
  max_delay             385             del_1 

#--------------------------------------------------------------------------------------------------------
# Timing Point   Flags   Arc   Edge            Cell             Fanout Load Trans Delay Arrival Instance 
#                                                                      (fF)  (ps)  (ps)   (ps)  Location 
#--------------------------------------------------------------------------------------------------------
  B[112]         -       -     R     (arrival)                       2  4.9     0     0       0    (-,-) 
  g72923/Y       -       B->Y  F     XOR2x2_ASAP7_75t_SL             4  6.1    22    24      24    (-,-) 
  g72654/Y       -       B->Y  R     NAND2xp5_ASAP7_75t_SL           3  5.4    59    32      55    (-,-) 
  g72310/Y       -       B->Y  R     OR2x2_ASAP7_75t_SL              5  8.9    34    31      86    (-,-) 
  g72161/Y       -       B->Y  F     NOR2x1_ASAP7_75t_SL             5  8.6    52    32     118    (-,-) 
  g72090/Y       -       A->Y  R     INVx3_ASAP7_75t_SL              7 10.9    37    24     141    (-,-) 
  g71859/Y       -       B->Y  F     NOR2xp33_ASAP7_75t_SL           3  4.6    80    45     186    (-,-) 
  g71769/Y       -       B->Y  F     AND2x2_ASAP7_75t_SL             1  2.1    14    27     214    (-,-) 
  g71047/Y       -       A1->Y F     OA21x2_ASAP7_75t_SL             1  2.2    13    18     232    (-,-) 
  g70840/Y       -       D->Y  R     A2O1A1O1Ixp25_ASAP7_75t_SL      2  3.4    86    37     269    (-,-) 
  g70518/Y       -       B->Y  F     O2A1O1Ixp33_ASAP7_75t_SL        1  2.1    68    19     288    (-,-) 
  g70395__9945/Y -       B->Y  F     AO21x1_ASAP7_75t_SL             2  3.4    23    30     318    (-,-) 
  g70298__7410/Y -       A2->Y F     OA21x2_ASAP7_75t_SL             1  2.2    12    21     339    (-,-) 
  g69891__5526/Y -       D->Y  R     A2O1A1O1Ixp25_ASAP7_75t_SL      1  2.6    67    31     369    (-,-) 
  g69819__9945/Y -       A->Y  R     XNOR2xp5_ASAP7_75t_SL           1  1.5    38    15     385    (-,-) 
  res[124]       <<<     -     R     (port)                          -    -     -     0     385    (-,-) 
#--------------------------------------------------------------------------------------------------------

