============================================================
  Generated by:           Genus(TM) Synthesis Solution 21.18-s082_1
  Generated on:           Sep 23 2025  09:42:46 am
  Module:                 otbn
  Operating conditions:   PVT_0P7V_25C 
  Interconnect mode:      global
  Area mode:              physical library
============================================================


Path 1: MET (0 ps) Setup Check with Pin u_reg_u_intr_state/q_reg[0]/CLK->D
          Group: clk_i
     Startpoint: (R) u_otbn_core_u_otbn_rnd_u_xoshiro256pp_xoshiro_q_reg[133]/CLK
          Clock: (R) clk_i
       Endpoint: (R) u_reg_u_intr_state/q_reg[0]/D
          Clock: (R) clk_i

                     Capture       Launch     
        Clock Edge:+    1471            0     
       Src Latency:+       0            0     
       Net Latency:+       0 (I)        0 (I) 
           Arrival:=    1471            0     
                                              
             Setup:-      17                  
     Required Time:=    1454                  
      Launch Clock:-       0                  
         Data Path:-    1454                  
             Slack:=       0                  

#-----------------------------------------------------------------------------------------------------------------------------------------------------------
#                           Timing Point                            Flags    Arc    Edge           Cell            Fanout Load Trans Delay Arrival Instance 
#                                                                                                                         (fF)  (ps)  (ps)   (ps)  Location 
#-----------------------------------------------------------------------------------------------------------------------------------------------------------
  u_otbn_core_u_otbn_rnd_u_xoshiro256pp_xoshiro_q_reg[133]/CLK      -       -       R     (arrival)                 16446    -     0     0       0    (-,-) 
  u_otbn_core_u_otbn_rnd_u_xoshiro256pp_xoshiro_q_reg[133]/QN       -       CLK->QN F     DFFASRHQNx1_ASAP7_75t_SL      3  5.6    43    50      50    (-,-) 
  g677501/Y                                                         -       B->Y    R     XOR2x2_ASAP7_75t_SL           2  4.0    19    34      84    (-,-) 
  g677338/Y                                                         -       A->Y    F     XOR2x2_ASAP7_75t_SL           2  4.9    21    24     108    (-,-) 
  g611069/Y                                                         -       A->Y    F     BUFx4f_ASAP7_75t_SL           5  8.6    16    20     128    (-,-) 
  u_otbn_core_u_otbn_rnd_u_xoshiro256pp_add_61_48_I2_g2735/Y        -       A->Y    F     OR2x2_ASAP7_75t_SL            3  4.6    18    21     150    (-,-) 
  u_otbn_core_u_otbn_rnd_u_xoshiro256pp_add_61_48_I2_g2553/Y        -       A2->Y   F     AO21x2_ASAP7_75t_SL           3  4.7    18    23     173    (-,-) 
  u_otbn_core_u_otbn_rnd_u_xoshiro256pp_add_61_48_I2_g2451/Y        -       A2->Y   F     AO21x2_ASAP7_75t_SL           1  2.5    13    20     193    (-,-) 
  u_otbn_core_u_otbn_rnd_u_xoshiro256pp_add_61_48_I2_g2379/Y        -       B->Y    F     AO31x2_ASAP7_75t_SL           2  5.2    18    20     213    (-,-) 
  u_otbn_core_u_otbn_rnd_u_xoshiro256pp_add_61_48_I2_g2348/Y        -       A3->Y   F     AO31x2_ASAP7_75t_SL           2  6.3    21    22     236    (-,-) 
  u_otbn_core_u_otbn_rnd_u_xoshiro256pp_add_61_48_I2_g2317/Y        -       A->Y    R     NAND2x1p5_ASAP7_75t_SL        1  2.6    20    14     249    (-,-) 
  u_otbn_core_u_otbn_rnd_u_xoshiro256pp_add_61_48_I2_g2316/Y        -       B->Y    R     AND2x6_ASAP7_75t_SL          19 34.9    44    35     284    (-,-) 
  u_otbn_core_u_otbn_rnd_u_xoshiro256pp_add_61_48_I2_g2266/Y        -       A2->Y   F     OAI21xp5_ASAP7_75t_SL         1  2.4    34    20     304    (-,-) 
  u_otbn_core_u_otbn_rnd_u_xoshiro256pp_add_61_48_I2_g2227/Y        -       B->Y    R     XNOR2x2_ASAP7_75t_L           2  3.8    20    33     336    (-,-) 
  u_otbn_core_u_otbn_rnd_u_xoshiro256pp_add_62_68_I2_g2679/Y        -       A->Y    F     NOR2x1_ASAP7_75t_SL           4  6.1    39    23     360    (-,-) 
  u_otbn_core_u_otbn_rnd_u_xoshiro256pp_add_62_68_I2_g2572/Y        -       B->Y    F     OR2x2_ASAP7_75t_SL            2  3.8    16    26     385    (-,-) 
  u_otbn_core_u_otbn_rnd_u_xoshiro256pp_add_62_68_I2_g2382/Y        -       A1->Y   F     OA211x2_ASAP7_75t_SL          3  5.3    24    29     414    (-,-) 
  u_otbn_core_u_otbn_rnd_u_xoshiro256pp_add_62_68_I2_g2311/Y        -       A2->Y   R     OAI21x1_ASAP7_75t_SL          1  2.1    23    13     427    (-,-) 
  u_otbn_core_u_otbn_rnd_u_xoshiro256pp_add_62_68_I2_g2274/Y        -       B->Y    R     AO21x2_ASAP7_75t_SL           2  5.1    22    20     447    (-,-) 
  u_otbn_core_u_otbn_rnd_u_xoshiro256pp_add_62_68_I2_g2252/Y        -       B->Y    F     NAND2x1p5_ASAP7_75t_SL        1  2.6    16     9     456    (-,-) 
  u_otbn_core_u_otbn_rnd_u_xoshiro256pp_add_62_68_I2_g2251/Y        -       B->Y    F     AND2x4_ASAP7_75t_SL           2  6.0    13    18     474    (-,-) 
  u_otbn_core_u_otbn_rnd_u_xoshiro256pp_add_62_68_I2_fopt3/Y        -       A->Y    F     BUFx6f_ASAP7_75t_SL           6 14.2    17    19     492    (-,-) 
  u_otbn_core_u_otbn_rnd_u_xoshiro256pp_add_62_68_I2_g2204/Y        -       B->Y    R     XOR2x2_ASAP7_75t_SL           5  7.4    29    35     527    (-,-) 
  g622101/Y                                                         -       A2->Y   R     AO21x1_ASAP7_75t_L            2  3.4    29    27     554    (-,-) 
  g610682/Y                                                         -       A->Y    R     BUFx2_ASAP7_75t_SL            3  5.9    23    23     577    (-,-) 
  u_otbn_core_u_otbn_alu_bignum_g_rdata_enc[3].i_secded_enc/g1893/Y -       B->Y    R     XOR2xp5_ASAP7_75t_L           1  2.5    46    31     609    (-,-) 
  u_otbn_core_u_otbn_alu_bignum_g_rdata_enc[3].i_secded_enc/g1870/Y -       B->Y    R     XOR2xp5_ASAP7_75t_L           1  2.5    48    34     642    (-,-) 
  u_otbn_core_u_otbn_alu_bignum_g_rdata_enc[3].i_secded_enc/g1855/Y -       A->Y    F     XNOR2x2_ASAP7_75t_L           1  2.4    14    35     678    (-,-) 
  u_otbn_core_u_otbn_alu_bignum_g_rdata_enc[3].i_secded_enc/g1844/Y -       B->Y    R     XNOR2x2_ASAP7_75t_L           1  2.7    16    27     705    (-,-) 
  g689271/Y                                                         -       A1->Y   F     AOI22x1_ASAP7_75t_SL          1  2.1    68     9     714    (-,-) 
  g645721/Y                                                         -       B->Y    F     AND2x2_ASAP7_75t_SL           2  3.9    17    28     742    (-,-) 
  g687122/Y                                                         -       A->Y    R     XNOR2x2_ASAP7_75t_L           2  3.8    20    29     772    (-,-) 
  g687022/Y                                                         -       B->Y    R     XOR2xp5_ASAP7_75t_SL          1  2.5    40    26     798    (-,-) 
  g686955/Y                                                         -       B->Y    F     XNOR2x2_ASAP7_75t_SL          1  3.2    15    29     826    (-,-) 
  g686896/Y                                                         -       B->Y    R     XNOR2x1_ASAP7_75t_SL          1  2.6    25    13     840    (-,-) 
  g686843/Y                                                         -       A3->Y   F     AOI31xp67_ASAP7_75t_SL        1  2.6    32    14     853    (-,-) 
  g685415/Y                                                         -       A->Y    R     NOR2x1_ASAP7_75t_SL           1  2.1    24    13     866    (-,-) 
  g685332/Y                                                         -       A->Y    R     AND4x2_ASAP7_75t_SL           1  2.7    19    28     894    (-,-) 
  g685331/Y                                                         -       A1->Y   F     AOI31xp67_ASAP7_75t_SL        1  2.6    39    16     910    (-,-) 
  g685330/Y                                                         -       A3->Y   R     AOI31xp67_ASAP7_75t_SL        2  3.5    38    20     929    (-,-) 
  g685329/Y                                                         -       C->Y    R     AND3x2_ASAP7_75t_SL           2  6.6    29    29     959    (-,-) 
  g610030/Y                                                         -       B->Y    F     NAND3x2_ASAP7_75t_SL          2  4.5    34    10     969    (-,-) 
  g677269/Y                                                         -       A->Y    R     NAND4xp75_ASAP7_75t_SL        1  2.6    55    13     982    (-,-) 
  g677268/Y                                                         -       B->Y    R     OR2x6_ASAP7_75t_SL            2  4.9    13    24    1006    (-,-) 
  g610026/Y                                                         -       A->Y    F     NOR2x2_ASAP7_75t_SL           2  3.8    17    11    1017    (-,-) 
  g610023/Y                                                         -       A->Y    F     AND3x4_ASAP7_75t_SL           3  7.8    20    23    1040    (-,-) 
  g610021/Y                                                         -       B->Y    R     NAND2x2_ASAP7_75t_SL          2  3.8    24    14    1054    (-,-) 
  g610019/Y                                                         -       B->Y    R     AND2x4_ASAP7_75t_SL           2  4.5    12    17    1071    (-,-) 
  g610017/Y                                                         -       A->Y    F     NAND2x1p5_ASAP7_75t_SL        1  2.6    13     8    1078    (-,-) 
  g610016/Y                                                         -       B->Y    F     OR2x6_ASAP7_75t_SL            6 15.5    21    25    1103    (-,-) 
  g610081/Y                                                         -       A->Y    R     NAND2x1p5_ASAP7_75t_SL        3  5.3    42    18    1122    (-,-) 
  g610060/Y                                                         -       C->Y    R     AND3x2_ASAP7_75t_SL           1  2.4    16    22    1144    (-,-) 
  g610057/Y                                                         -       B->Y    R     AO211x2_ASAP7_75t_SL          2  4.0    18    23    1168    (-,-) 
  g610053/Y                                                         -       B->Y    R     AND2x4_ASAP7_75t_SL           1  4.3    13    16    1184    (-,-) 
  g610052/Y                                                         -       A->Y    F     NAND3x2_ASAP7_75t_SL          1  5.3    24    10    1194    (-,-) 
  fopt724704/Y                                                      -       A->Y    R     INVx6_ASAP7_75t_SL            3  8.5    16    11    1205    (-,-) 
  fopt724703/Y                                                      -       A->Y    F     INVx4_ASAP7_75t_SL            1  4.1    10     6    1211    (-,-) 
  g652058/Y                                                         -       C->Y    R     NOR3x2_ASAP7_75t_SL           2  4.0    32    12    1224    (-,-) 
  g650630/Y                                                         -       A2->Y   F     OAI21x1_ASAP7_75t_SL          2  4.0    29    14    1238    (-,-) 
  g649625/Y                                                         -       A2->Y   R     AOI21x1_ASAP7_75t_SL          2  3.4    36    18    1255    (-,-) 
  g647325/Y                                                         -       A->Y    R     OR2x2_ASAP7_75t_SL            2  5.3    24    25    1280    (-,-) 
  g647291/Y                                                         -       C->Y    F     NOR3x2_ASAP7_75t_SL           2  5.6    29    19    1299    (-,-) 
  g647287/Y                                                         -       C->Y    F     AO211x2_ASAP7_75t_SL          2  6.3    22    26    1325    (-,-) 
  g647286/Y                                                         -       A->Y    R     INVx4_ASAP7_75t_SL            4  8.7    20    13    1338    (-,-) 
  g647281/Y                                                         -       B->Y    F     NAND4xp75_ASAP7_75t_SL        1  4.2    43    19    1357    (-,-) 
  g647278/Y                                                         -       B->Y    R     NAND3x2_ASAP7_75t_SL          1  3.7    32    22    1379    (-,-) 
  g647276/Y                                                         -       B->Y    F     NOR2x2_ASAP7_75t_SL           1  3.6    19    12    1392    (-,-) 
  u_intr_hw_done/g37__6417/Y                                        -       A->Y    R     NOR2x2_ASAP7_75t_SL           2  6.3    26    15    1406    (-,-) 
  u_intr_hw_done/g35__7410/Y                                        -       A->Y    F     NAND2x1p5_ASAP7_75t_SL        1  3.1    20     9    1415    (-,-) 
  u_reg_u_intr_state/wr_en_data_arb/g70/Y                           -       B->Y    R     NAND2x1p5_ASAP7_75t_SL        1  2.7    18    12    1427    (-,-) 
  u_reg_u_intr_state/wr_en_data_arb/g68/Y                           -       A1->Y   F     AOI22x1_ASAP7_75t_SL          1  2.7    39    11    1438    (-,-) 
  u_reg_u_intr_state/g25/Y                                          -       B2->Y   R     AOI22x1_ASAP7_75t_SL          1  2.1    34    16    1454    (-,-) 
  u_reg_u_intr_state/q_reg[0]/D                                     <<<     -       R     DFFASRHQNx1_ASAP7_75t_SL      1    -     -     0    1454    (-,-) 
#-----------------------------------------------------------------------------------------------------------------------------------------------------------

