============================================================
  Generated by:           Genus(TM) Synthesis Solution 21.18-s082_1
  Generated on:           Sep 22 2025  08:03:54 pm
  Module:                 otbn_alu_bignum
  Operating conditions:   PVT_0P7V_25C 
  Interconnect mode:      global
  Area mode:              physical library
============================================================

                     Instance                                       Module                   Cell Count  Cell Area  Net Area   Total Area 
------------------------------------------------------------------------------------------------------------------------------------------
otbn_alu_bignum                                                                                   41693  69924.980 38287.652   108212.632 
  g_kmac_digest_words[0].i_kmac_digest_secded_enc prim_secded_inv_39_32_enc_12431                    77    161.663    37.586      199.249 
  g_kmac_digest_words[1].i_kmac_digest_secded_enc prim_secded_inv_39_32_enc_12430                    77    161.663    37.586      199.249 
  g_kmac_digest_words[2].i_kmac_digest_secded_enc prim_secded_inv_39_32_enc_12429                    77    161.663    37.586      199.249 
  g_kmac_digest_words[3].i_kmac_digest_secded_enc prim_secded_inv_39_32_enc_12428                    77    161.663    37.586      199.249 
  g_kmac_digest_words[4].i_kmac_digest_secded_enc prim_secded_inv_39_32_enc_12427                    77    161.663    37.586      199.249 
  g_kmac_digest_words[5].i_kmac_digest_secded_enc prim_secded_inv_39_32_enc_12426                    77    161.663    37.586      199.249 
  g_kmac_digest_words[6].i_kmac_digest_secded_enc prim_secded_inv_39_32_enc_12425                    77    161.663    37.586      199.249 
  g_kmac_digest_words[7].i_kmac_digest_secded_enc prim_secded_inv_39_32_enc_12424                    77    161.663    37.586      199.249 
  g_kmac_msg_words[0].i_kmac_msg_secded_enc       prim_secded_inv_39_32_enc_12439                    76    159.564    37.330      196.894 
  g_kmac_msg_words[1].i_kmac_msg_secded_enc       prim_secded_inv_39_32_enc_12438                    77    161.663    37.586      199.249 
  g_kmac_msg_words[2].i_kmac_msg_secded_enc       prim_secded_inv_39_32_enc_12437                    77    161.663    37.586      199.249 
  g_kmac_msg_words[3].i_kmac_msg_secded_enc       prim_secded_inv_39_32_enc_12436                    77    161.663    37.586      199.249 
  g_kmac_msg_words[4].i_kmac_msg_secded_enc       prim_secded_inv_39_32_enc_12435                    76    159.564    37.330      196.894 
  g_kmac_msg_words[5].i_kmac_msg_secded_enc       prim_secded_inv_39_32_enc_12434                    76    159.564    37.330      196.894 
  g_kmac_msg_words[6].i_kmac_msg_secded_enc       prim_secded_inv_39_32_enc_12433                    76    159.564    37.330      196.894 
  g_kmac_msg_words[7].i_kmac_msg_secded_enc       prim_secded_inv_39_32_enc_12432                    76    159.564    37.330      196.894 
  g_mod_words[0].i_secded_enc                     prim_secded_inv_39_32_enc                          77    161.663    37.586      199.249 
  g_mod_words[1].i_secded_enc                     prim_secded_inv_39_32_enc_12447                    77    161.663    37.586      199.249 
  g_mod_words[2].i_secded_enc                     prim_secded_inv_39_32_enc_12446                    77    161.663    37.586      199.249 
  g_mod_words[3].i_secded_enc                     prim_secded_inv_39_32_enc_12445                    77    161.663    37.586      199.249 
  g_mod_words[4].i_secded_enc                     prim_secded_inv_39_32_enc_12444                    77    161.663    37.586      199.249 
  g_mod_words[5].i_secded_enc                     prim_secded_inv_39_32_enc_12443                    77    161.663    37.586      199.249 
  g_mod_words[6].i_secded_enc                     prim_secded_inv_39_32_enc_12442                    77    161.663    37.586      199.249 
  g_mod_words[7].i_secded_enc                     prim_secded_inv_39_32_enc_12441                    77    161.663    37.586      199.249 
  g_rdata_enc[0].i_secded_enc                     prim_secded_inv_39_32_enc_12423                    76    159.564    37.330      196.894 
  g_rdata_enc[1].i_secded_enc                     prim_secded_inv_39_32_enc_12422                    77    161.663    37.586      199.249 
  g_rdata_enc[2].i_secded_enc                     prim_secded_inv_39_32_enc_12421                    77    161.663    37.586      199.249 
  g_rdata_enc[3].i_secded_enc                     prim_secded_inv_39_32_enc_12420                    77    161.663    37.586      199.249 
  g_rdata_enc[4].i_secded_enc                     prim_secded_inv_39_32_enc_12419                    77    161.663    37.586      199.249 
  g_rdata_enc[5].i_secded_enc                     prim_secded_inv_39_32_enc_12418                    77    161.663    37.586      199.249 
  g_rdata_enc[6].i_secded_enc                     prim_secded_inv_39_32_enc_12417                    77    161.663    37.586      199.249 
  g_rdata_enc[7].i_secded_enc                     prim_secded_inv_39_32_enc_12416                    76    159.564    37.330      196.894 
  g_update_flag_groups[0].u_mac_z_flag_en_blanker prim_blanker_Width1                                 1      1.400     0.000        1.400 
    u_blank_and                                   prim_and2_Width1                                    1      1.400     0.000        1.400 
  g_update_flag_groups[1].u_mac_z_flag_en_blanker prim_blanker_Width1_12414                           1      1.400     0.000        1.400 
    u_blank_and                                   prim_and2_Width1_12409                              1      1.400     0.000        1.400 
  u_adder_op_b_blanked                            prim_blanker_Width1_12413                           1      1.400     0.000        1.400 
    u_blank_and                                   prim_and2_Width1_12408                              1      1.400     0.000        1.400 
  u_expected_ispr_rd_en_enc                       prim_onehot_enc_OneHotWidth13                      20     26.361    10.538       36.899 
  u_expected_ispr_wr_en_enc                       prim_onehot_enc_OneHotWidth13_12415                20     26.361    10.538       36.899 
  u_flags_q_mux_g_in_mux_outer[0].u_mux_bit_and   prim_and2_Width2                                    2      2.799     0.000        2.799 
  u_flags_q_mux_g_in_mux_outer[1].u_mux_bit_and   prim_and2_Width2_12412                              2      2.799     0.000        2.799 
  u_flags_q_mux_g_in_mux_outer[2].u_mux_bit_and   prim_and2_Width2_12411                              2      2.799     0.000        2.799 
  u_flags_q_mux_g_in_mux_outer[3].u_mux_bit_and   prim_and2_Width2_12410                              2      2.799     0.000        2.799 
  u_kmac_cfg_secded_enc                           prim_secded_inv_39_32_enc_12440                    77    161.663    37.586      199.249 
  u_kmac_msg_ctr                                  prim_count_Width12_EnableAlertTriggerSVA0         152    315.161    92.168      407.329 
    gen_cnts[0].u_cnt_flop                        prim_flop_Width12_ResetValue0                      24     81.181     5.985       87.167 
    gen_cnts[1].u_cnt_flop                        prim_flop_Width12_ResetValue4095                   24     81.181     5.985       87.167 
  u_kmac_status_secded_enc                        prim_secded_inv_39_32_enc_17                        3      6.299     0.000        6.299 
