============================================================
  Generated by:           Genus(TM) Synthesis Solution 21.18-s082_1
  Generated on:           Sep 22 2025  08:03:54 pm
  Module:                 otbn_alu_bignum
  Operating conditions:   PVT_0P7V_25C 
  Interconnect mode:      global
  Area mode:              physical library
============================================================


Path 1: MET (0 ps) Path Delay Check
     Startpoint: (F) alu_predec_bignum_i[shift_amt][0]
       Endpoint: (F) operation_result_o[2]

                   Capture    Launch  
      Path Delay:+    2564         -  
      Drv Adjust:+       0         0  
         Arrival:=    2564            
                                      
   Required Time:=    2564            
       Data Path:-    2564            
           Slack:=       0            

Exceptions/Constraints:
  max_delay             2564            del_3 

#-----------------------------------------------------------------------------------------------------------------------
#           Timing Point            Flags   Arc   Edge          Cell           Fanout Load Trans Delay Arrival Instance 
#                                                                                     (fF)  (ps)  (ps)   (ps)  Location 
#-----------------------------------------------------------------------------------------------------------------------
  alu_predec_bignum_i[shift_amt][0] -       -     F     (arrival)                  14 44.9     0     0       0    (-,-) 
  fopt219228/Y                      -       A->Y  F     BUFx12f_ASAP7_75t_SL        8 25.4    17    15      15    (-,-) 
  fopt219196/Y                      -       A->Y  F     BUFx6f_ASAP7_75t_SL         6 17.7    20    21      36    (-,-) 
  fopt219192/Y                      -       A->Y  R     INVx6_ASAP7_75t_SL          4  8.9    16    10      47    (-,-) 
  srl_1120_3156_g63655/Y            -       A2->Y F     AOI22x1_ASAP7_75t_SL        2  4.6    33    16      63    (-,-) 
  srl_1120_3156_g63248/Y            -       A2->Y R     OAI22x1_ASAP7_75t_SL        2  4.7    44    25      88    (-,-) 
  srl_1120_3156_g62725/Y            -       A2->Y F     AOI22x1_ASAP7_75t_SL        2  4.7    50    21     108    (-,-) 
  srl_1120_3156_g62003/Y            -       A2->Y R     OAI22x1_ASAP7_75t_L         2  4.1    46    31     139    (-,-) 
  srl_1120_3156_g61711/Y            -       A2->Y F     AOI22x1_ASAP7_75t_SL        2  4.1    36    19     159    (-,-) 
  srl_1120_3156_g61244/Y            -       A2->Y R     OAI22x1_ASAP7_75t_SL        2  4.1    41    24     182    (-,-) 
  srl_1120_3156_g60785/Y            -       A2->Y F     AOI22x1_ASAP7_75t_SL        2  3.9    34    18     200    (-,-) 
  srl_1120_3156_g60326/Y            -       B1->Y R     OAI22x1_ASAP7_75t_SL        1  2.5    32    18     218    (-,-) 
  g152000/Y                         -       B1->Y F     AOI22x1_ASAP7_75t_L         1  2.8    32    16     234    (-,-) 
  g151935/Y                         -       C->Y  R     NAND3x1_ASAP7_75t_SL        2  3.4    40    26     260    (-,-) 
  g151911/Y                         -       A3->Y R     AO32x1_ASAP7_75t_SL         1  2.4    25    22     282    (-,-) 
  g151894/Y                         -       A->Y  F     XOR2x2_ASAP7_75t_SL         2  3.9    21    23     306    (-,-) 
  add_1396_25_I1_g540/Y             -       B->Y  R     NAND2xp5_ASAP7_75t_SL       2  3.5    42    23     329    (-,-) 
  add_1396_25_I1_g474/Y             -       B->Y  R     OA21x2_ASAP7_75t_SL         1  2.8    15    20     349    (-,-) 
  add_1396_25_I1_g458/Y             -       B->Y  F     OAI21x1_ASAP7_75t_SL        1  2.7    19    12     361    (-,-) 
  add_1396_25_I1_g448/Y             -       B->Y  R     AOI21x1_ASAP7_75t_SL        1  2.1    23    14     375    (-,-) 
  add_1396_25_I1_g433/Y             -       B->Y  R     OA21x2_ASAP7_75t_SL         2  4.0    18    21     396    (-,-) 
  add_1396_25_I1_g419/Y             -       A2->Y F     OAI21x1_ASAP7_75t_SL        1  3.4    30    12     408    (-,-) 
  fopt217816/Y                      -       A->Y  R     INVx3_ASAP7_75t_SL          2  4.0    17    11     419    (-,-) 
  g157704/Y                         -       A2->Y F     OAI21x1_ASAP7_75t_SL        2  4.4    57    14     433    (-,-) 
  add_1396_25_I2_g448/Y             -       A1->Y R     AOI21x1_ASAP7_75t_SL        2  4.0    39    22     455    (-,-) 
  add_1396_25_I2_g520/Y             -       A2->Y F     OAI21x1_ASAP7_75t_SL        2  3.5    32    14     469    (-,-) 
  add_1396_25_I2_g434/Y             -       A2->Y F     AO21x2_ASAP7_75t_SL         2  5.3    20    27     496    (-,-) 
  add_1396_25_I2_g428/Y             -       C->Y  R     NAND3x2_ASAP7_75t_SL        1  3.1    28    18     513    (-,-) 
  add_1396_25_I2_g424/Y             -       D->Y  F     NAND4xp75_ASAP7_75t_SL      2  4.0    42    18     532    (-,-) 
  add_1396_25_I2_g414/Y             -       A2->Y F     AO31x2_ASAP7_75t_SL         2  3.5    14    20     552    (-,-) 
  add_1396_25_I2_g406/Y             -       A2->Y F     AO21x2_ASAP7_75t_SL         2  3.5    15    21     572    (-,-) 
  g149768/Y                         -       A1->Y F     AO21x2_ASAP7_75t_SL         2  3.6    18    22     594    (-,-) 
  add_1396_25_I3_g470/Y             -       A2->Y R     AOI21x1_ASAP7_75t_SL        2  4.5    35    19     613    (-,-) 
  add_1396_25_I3_g455/Y             -       A->Y  F     NOR2x1p5_ASAP7_75t_SL       2  3.7    24    15     628    (-,-) 
  add_1396_25_I3_g445/Y             -       A2->Y R     AOI21x1_ASAP7_75t_SL        2  3.5    30    17     645    (-,-) 
  add_1396_25_I3_g437/Y             -       A2->Y R     OA21x2_ASAP7_75t_SL         2  3.8    18    22     667    (-,-) 
  add_1396_25_I3_g428/Y             -       B1->Y R     OA221x2_ASAP7_75t_SL        2  4.0    19    20     687    (-,-) 
  add_1396_25_I3_g414/Y             -       A2->Y F     OAI21x1_ASAP7_75t_SL        2  3.3    37    12     699    (-,-) 
  g154586/Y                         -       A1->Y F     AO21x2_ASAP7_75t_SL         2  4.0    19    28     727    (-,-) 
  add_1396_25_I4_g475/Y             -       A2->Y R     AOI21x1_ASAP7_75t_SL        2  4.0    34    18     744    (-,-) 
  add_1396_25_I4_g454/Y             -       A2->Y F     OAI21x1_ASAP7_75t_SL        2  4.0    28    14     759    (-,-) 
  add_1396_25_I4_g443/Y             -       A2->Y R     AOI21x1_ASAP7_75t_SL        2  3.5    35    18     777    (-,-) 
  add_1396_25_I4_g438/Y             -       A->Y  R     OR3x2_ASAP7_75t_SL          1  3.6    16    18     794    (-,-) 
  add_1396_25_I4_g430/Y             -       A->Y  F     NAND2x2_ASAP7_75t_SL        2  3.5    19     8     802    (-,-) 
  add_1396_25_I4_g416/Y             -       A2->Y F     AO21x2_ASAP7_75t_SL         2  3.5    15    22     824    (-,-) 
  g154207/Y                         -       A1->Y F     AO21x2_ASAP7_75t_SL         2  3.5    18    22     846    (-,-) 
  add_1396_25_I5_g510/Y             -       A1->Y F     AO21x2_ASAP7_75t_SL         2  4.0    16    23     869    (-,-) 
  add_1396_25_I5_g487/Y             -       A2->Y F     AO31x2_ASAP7_75t_SL         2  5.7    20    20     889    (-,-) 
  add_1396_25_I5_g484/Y             -       A->Y  R     NAND3x2_ASAP7_75t_SL        1  2.6    49    13     902    (-,-) 
  add_1396_25_I5_g479/Y             -       B->Y  R     AND2x4_ASAP7_75t_SL         2  3.9    12    19     921    (-,-) 
  add_1396_25_I5_g470/Y             -       B2->Y R     OA221x2_ASAP7_75t_SL        2  4.0    19    19     940    (-,-) 
  add_1396_25_I5_g456/Y             -       A2->Y F     OAI21x1_ASAP7_75t_SL        2  3.3    32    12     952    (-,-) 
  g154416/Y                         -       A1->Y F     AO21x2_ASAP7_75t_SL         2  3.5    18    26     978    (-,-) 
  add_1396_25_I6_g500/Y             -       A1->Y F     AO21x2_ASAP7_75t_SL         2  4.5    17    24    1002    (-,-) 
  add_1396_25_I6_g485/Y             -       A->Y  R     NAND2x1p5_ASAP7_75t_SL      2  3.9    23    15    1017    (-,-) 
  add_1396_25_I6_g475/Y             -       A2->Y F     OAI21x1_ASAP7_75t_SL        2  5.7    36    17    1034    (-,-) 
  add_1396_25_I6_g471/Y             -       A->Y  R     NAND3x2_ASAP7_75t_SL        1  2.6    32    16    1050    (-,-) 
  add_1396_25_I6_g466/Y             -       B->Y  R     AND2x4_ASAP7_75t_SL         3  5.9    15    19    1069    (-,-) 
  add_1396_25_I6_g457/Y             -       B2->Y R     OA221x2_ASAP7_75t_SL        2  4.0    19    20    1089    (-,-) 
  add_1396_25_I6_g443/Y             -       A2->Y F     OAI21x1_ASAP7_75t_SL        2  3.5    38    12    1101    (-,-) 
  g154226/Y                         -       A1->Y F     AO21x2_ASAP7_75t_SL         2  4.1    19    28    1129    (-,-) 
  add_1396_25_I7_g519/Y             -       A1->Y R     AOI21x1_ASAP7_75t_SL        2  4.4    35    18    1147    (-,-) 
  add_1396_25_I7_g505/Y             -       B->Y  F     NOR2x1p5_ASAP7_75t_SL       2  3.2    25    13    1160    (-,-) 
  add_1396_25_I7_g495/Y             -       A2->Y F     AO21x2_ASAP7_75t_SL         2  5.7    21    26    1186    (-,-) 
  add_1396_25_I7_g491/Y             -       A->Y  R     NAND3x2_ASAP7_75t_SL        1  2.6    32    13    1199    (-,-) 
  add_1396_25_I7_g486/Y             -       B->Y  R     AND2x4_ASAP7_75t_SL         2  3.9    12    18    1217    (-,-) 
  add_1396_25_I7_g477/Y             -       B2->Y R     OA221x2_ASAP7_75t_SL        2  4.0    19    19    1236    (-,-) 
  add_1396_25_I7_g463/Y             -       A2->Y F     OAI21x1_ASAP7_75t_SL        2  3.3    37    12    1248    (-,-) 
  g154396/Y                         -       A1->Y F     AO21x2_ASAP7_75t_SL         2  3.1    17    26    1274    (-,-) 
  add_1396_25_I8_g493/Y             -       A1->Y F     AO21x2_ASAP7_75t_SL         2  3.5    15    22    1296    (-,-) 
  add_1396_25_I8_g473/Y             -       A1->Y F     AO21x2_ASAP7_75t_SL         2  4.0    17    22    1319    (-,-) 
  add_1396_25_I8_g463/Y             -       A2->Y R     AOI21x1_ASAP7_75t_SL        2  3.5    30    16    1335    (-,-) 
  add_1396_25_I8_g459/Y             -       A->Y  R     OR3x2_ASAP7_75t_SL          1  3.6    17    17    1352    (-,-) 
  add_1396_25_I8_g451/Y             -       A->Y  F     NAND2x2_ASAP7_75t_SL        2  3.1    17     7    1360    (-,-) 
  add_1396_25_I8_g437/Y             -       A2->Y F     AO21x2_ASAP7_75t_SL         2  3.5    15    22    1381    (-,-) 
  g154245/Y                         -       A1->Y F     AO21x2_ASAP7_75t_SL         2  3.5    18    22    1403    (-,-) 
  add_1396_25_I9_g502/Y             -       A1->Y F     AO21x2_ASAP7_75t_SL         2  3.5    15    22    1425    (-,-) 
  add_1396_25_I9_g482/Y             -       A2->Y F     AO21x2_ASAP7_75t_SL         3  6.9    24    26    1451    (-,-) 
  add_1396_25_I9_g476/Y             -       A->Y  R     NAND3x2_ASAP7_75t_SL        1  2.6    25    14    1465    (-,-) 
  add_1396_25_I9_g470/Y             -       B->Y  R     AND2x4_ASAP7_75t_SL         2  5.7    15    18    1483    (-,-) 
  add_1396_25_I9_g461/Y             -       A2->Y R     OA221x2_ASAP7_75t_SL        2  4.0    19    19    1502    (-,-) 
  add_1396_25_I9_g447/Y             -       A2->Y F     OAI21x1_ASAP7_75t_SL        2  3.3    33    12    1514    (-,-) 
  g154376/Y                         -       A1->Y F     AO21x2_ASAP7_75t_SL         2  4.1    20    27    1541    (-,-) 
  add_1396_25_I10_g501/Y            -       A1->Y R     AOI21x1_ASAP7_75t_SL        2  3.9    32    17    1558    (-,-) 
  add_1396_25_I10_g479/Y            -       A2->Y R     OA31x2_ASAP7_75t_SL         2  5.1    25    30    1588    (-,-) 
  add_1396_25_I10_g474/Y            -       B->Y  F     NOR2x1p5_ASAP7_75t_SL       1  3.6    22    12    1600    (-,-) 
  add_1396_25_I10_g467/Y            -       A->Y  R     NOR2x2_ASAP7_75t_SL         2  3.5    20    11    1611    (-,-) 
  add_1396_25_I10_g463/Y            -       A->Y  R     OR3x2_ASAP7_75t_SL          1  3.6    16    17    1628    (-,-) 
  add_1396_25_I10_g455/Y            -       A->Y  F     NAND2x2_ASAP7_75t_SL        2  3.5    18     8    1636    (-,-) 
  add_1396_25_I10_g441/Y            -       A2->Y F     AO21x2_ASAP7_75t_SL         2  3.5    15    22    1657    (-,-) 
  g154264/Y                         -       A1->Y F     AO21x2_ASAP7_75t_SL         2  4.1    19    23    1680    (-,-) 
  add_1396_25_I11_g449/Y            -       A1->Y R     AOI21x1_ASAP7_75t_SL        2  3.4    29    16    1696    (-,-) 
  add_1396_25_I11_g438/Y            -       A2->Y R     OA21x2_ASAP7_75t_SL         1  2.6    15    20    1715    (-,-) 
  add_1396_25_I11_g433/Y            -       A2->Y F     OAI21x1_ASAP7_75t_SL        2  5.1    38    15    1730    (-,-) 
  add_1396_25_I11_g431/Y            -       B->Y  R     NAND2x2_ASAP7_75t_SL        1  2.1    18    14    1744    (-,-) 
  add_1396_25_I11_g424/Y            -       A2->Y R     OA211x2_ASAP7_75t_SL        3  5.8    26    27    1772    (-,-) 
  add_1396_25_I11_g421/Y            -       B->Y  F     NOR2x1p5_ASAP7_75t_SL       1  2.6    27    11    1782    (-,-) 
  add_1396_25_I11_g415/Y            -       A2->Y R     AOI21x1_ASAP7_75t_SL        2  4.0    34    19    1801    (-,-) 
  add_1396_25_I11_g406/Y            -       A2->Y F     OAI21x1_ASAP7_75t_SL        2  3.3    31    13    1814    (-,-) 
  g154356/Y                         -       A1->Y F     AO21x2_ASAP7_75t_SL         2  3.5    18    25    1839    (-,-) 
  add_1396_25_I12_g511/Y            -       A1->Y F     AO21x2_ASAP7_75t_SL         2  3.5    15    23    1862    (-,-) 
  add_1396_25_I12_g484/Y            -       A2->Y F     AO21x2_ASAP7_75t_SL         4  6.7    24    25    1887    (-,-) 
  add_1396_25_I12_g469/Y            -       A2->Y R     AOI21x1_ASAP7_75t_SL        2  4.4    36    20    1907    (-,-) 
  add_1396_25_I12_g455/Y            -       A2->Y F     OAI21x1_ASAP7_75t_SL        2  3.5    26    14    1920    (-,-) 
  add_1396_25_I12_g441/Y            -       A2->Y F     AO21x2_ASAP7_75t_SL         2  3.5    15    23    1944    (-,-) 
  g154283/Y                         -       A1->Y F     AO21x2_ASAP7_75t_SL         2  4.1    19    23    1966    (-,-) 
  add_1396_25_I13_g511/Y            -       A1->Y R     AOI21x1_ASAP7_75t_SL        2  3.9    32    17    1983    (-,-) 
  add_1396_25_I13_g484/Y            -       A2->Y F     OAI21x1_ASAP7_75t_SL        2  4.0    32    14    1998    (-,-) 
  add_1396_25_I13_g471/Y            -       A2->Y R     AOI21x1_ASAP7_75t_SL        2  4.0    35    20    2017    (-,-) 
  add_1396_25_I13_g461/Y            -       A2->Y F     OAI21x1_ASAP7_75t_SL        2  3.5    27    13    2031    (-,-) 
  add_1396_25_I13_g447/Y            -       A2->Y F     AO21x2_ASAP7_75t_SL         2  3.4    15    23    2054    (-,-) 
  g154336/Y                         -       A1->Y F     AO21x2_ASAP7_75t_SL         2  4.1    20    23    2076    (-,-) 
  add_1396_25_I14_g504/Y            -       A1->Y R     AOI21x1_ASAP7_75t_SL        2  4.0    33    17    2094    (-,-) 
  add_1396_25_I14_g479/Y            -       A2->Y F     OAI21x1_ASAP7_75t_SL        2  4.0    32    14    2108    (-,-) 
  add_1396_25_I14_g467/Y            -       A2->Y R     AOI21x1_ASAP7_75t_SL        2  3.5    32    18    2126    (-,-) 
  add_1396_25_I14_g462/Y            -       A->Y  R     OR3x2_ASAP7_75t_SL          1  3.6    16    17    2144    (-,-) 
  add_1396_25_I14_g455/Y            -       A->Y  F     NAND2x2_ASAP7_75t_SL        2  3.5    18     8    2152    (-,-) 
  add_1396_25_I14_g441/Y            -       A2->Y F     AO21x2_ASAP7_75t_SL         2  3.5    15    22    2173    (-,-) 
  g154302/Y                         -       A1->Y F     AO21x2_ASAP7_75t_SL         2  3.7    18    22    2195    (-,-) 
  add_1396_25_I15_g532/Y            -       A1->Y R     AOI21x1_ASAP7_75t_SL        3  5.0    38    20    2215    (-,-) 
  add_1396_25_I15_g504/Y            -       A2->Y F     OAI21x1_ASAP7_75t_SL        2  3.5    27    14    2229    (-,-) 
  add_1396_25_I15_g490/Y            -       A2->Y F     AO21x2_ASAP7_75t_SL         2  4.7    18    25    2254    (-,-) 
  add_1396_25_I15_g484/Y            -       A->Y  F     AND3x2_ASAP7_75t_SL         1  3.6    14    17    2271    (-,-) 
  add_1396_25_I15_g477/Y            -       A->Y  R     NOR2x2_ASAP7_75t_SL         2  4.0    21    11    2282    (-,-) 
  add_1396_25_I15_g462/Y            -       A2->Y F     OAI21x1_ASAP7_75t_SL        2  3.2    33    12    2294    (-,-) 
  g154314/Y                         -       A1->Y F     AO21x2_ASAP7_75t_SL         2  3.6    18    26    2320    (-,-) 
  add_1396_25_I16_g534/Y            -       A->Y  F     AND2x4_ASAP7_75t_SL         2  5.5    12    19    2339    (-,-) 
  add_1396_25_I16_g510/Y            -       B->Y  R     NOR2x2_ASAP7_75t_SL         1  2.6    16     9    2348    (-,-) 
  add_1396_25_I16_g489/Y            -       A2->Y F     OAI21x1_ASAP7_75t_SL        2  3.4    23    12    2359    (-,-) 
  add_1396_25_I16_g2/Y              -       A1->Y F     AO21x2_ASAP7_75t_SL         2  5.7    20    27    2386    (-,-) 
  add_1396_25_I16_g473/Y            -       A->Y  R     NAND3x2_ASAP7_75t_SL        1  3.6    29    15    2401    (-,-) 
  add_1396_25_I16_g466/Y            -       A->Y  F     NAND2x2_ASAP7_75t_SL        2  3.4    18     8    2409    (-,-) 
  add_1396_25_I16_g452/Y            -       A1->Y F     AO21x2_ASAP7_75t_SL         3  6.8    23    27    2436    (-,-) 
  g213230/Y                         -       A->Y  R     INVx4_ASAP7_75t_SL          3  4.7    14    10    2445    (-,-) 
  g208847/Y                         -       A1->Y R     AO21x2_ASAP7_75t_SL         1  4.0    18    19    2464    (-,-) 
  g208386/Y                         -       A->Y  R     BUFx12f_ASAP7_75t_SL       16 37.2    28    22    2486    (-,-) 
  g207157/Y                         -       C->Y  F     NAND3x1_ASAP7_75t_SL        1  2.6    21    10    2496    (-,-) 
  g206835/Y                         -       A->Y  F     OR2x6_ASAP7_75t_SL         16 30.4    34    34    2530    (-,-) 
  g205511/Y                         -       B->Y  R     NAND2x1_ASAP7_75t_SL        1  3.1    38    20    2551    (-,-) 
  g204807/Y                         -       A->Y  F     NAND4xp75_ASAP7_75t_SL      1  1.5    39    13    2564    (-,-) 
  operation_result_o[2]             <<<     -     F     (port)                      -    -     -     0    2564    (-,-) 
#-----------------------------------------------------------------------------------------------------------------------

