============================================================
  Generated by:           Genus(TM) Synthesis Solution 21.18-s082_1
  Generated on:           Sep 22 2025  02:52:51 pm
  Module:                 otbn_mac_bignum
  Operating conditions:   PVT_0P7V_25C 
  Interconnect mode:      global
  Area mode:              physical library
============================================================

            Instance                        Module             Cell Count  Cell Area  Net Area   Total Area 
------------------------------------------------------------------------------------------------------------
otbn_mac_bignum                                                     41214  70926.218 33960.441   104886.659 
  g_acc_words[0].i_secded_enc   prim_secded_inv_39_32_enc              99    215.084    52.932      268.016 
  g_acc_words[1].i_secded_enc   prim_secded_inv_39_32_enc_568          96    206.220    49.492      255.712 
  g_acc_words[2].i_secded_enc   prim_secded_inv_39_32_enc_567          98    222.782    50.733      273.515 
  g_acc_words[3].i_secded_enc   prim_secded_inv_39_32_enc_566          88    208.086    44.773      252.859 
  g_acc_words[4].i_secded_enc   prim_secded_inv_39_32_enc_565          94    211.352    49.467      260.818 
  g_acc_words[5].i_secded_enc   prim_secded_inv_39_32_enc_564          88    194.556    44.773      239.329 
  g_acc_words[6].i_secded_enc   prim_secded_inv_39_32_enc_563         100    218.350    52.216      270.566 
  g_acc_words[7].i_secded_enc   prim_secded_inv_39_32_enc_562          91    211.818    46.026      257.845 
  g_acch_words[0].i_secdedh_enc prim_secded_inv_39_32_enc_561          78    163.763    37.842      201.604 
  g_acch_words[1].i_secdedh_enc prim_secded_inv_39_32_enc_560          76    159.564    37.330      196.894 
  g_acch_words[2].i_secdedh_enc prim_secded_inv_39_32_enc_559          78    163.763    37.842      201.604 
  g_acch_words[3].i_secdedh_enc prim_secded_inv_39_32_enc_558          76    159.564    37.330      196.894 
  g_acch_words[4].i_secdedh_enc prim_secded_inv_39_32_enc_557          78    163.763    37.842      201.604 
  g_acch_words[5].i_secdedh_enc prim_secded_inv_39_32_enc_556          76    159.564    37.330      196.894 
  g_acch_words[6].i_secdedh_enc prim_secded_inv_39_32_enc_555          78    163.763    37.842      201.604 
  g_acch_words[7].i_secdedh_enc prim_secded_inv_39_32_enc_554          76    159.564    37.330      196.894 
