============================================================
  Generated by:           Genus(TM) Synthesis Solution 21.18-s082_1
  Generated on:           Sep 22 2025  02:52:51 pm
  Module:                 otbn_mac_bignum
  Operating conditions:   PVT_0P7V_25C 
  Interconnect mode:      global
  Area mode:              physical library
============================================================


Path 1: MET (0 ps) Setup Check with Pin acc_intg_q_reg[270]/CLK->D
          Group: clk_i
     Startpoint: (F) mac_predec_bignum_i[op_en]
       Endpoint: (R) acc_intg_q_reg[270]/D
          Clock: (R) clk_i

                        Capture       Launch  
           Path Delay:+    1562            -  
           Drv Adjust:+       0            0  
          Src Latency:+       0               
          Net Latency:+       0 (I)           
        Capture Clock:+       0               
              Arrival:=    1562               
                                              
                Setup:-      13               
        Required Time:=    1550               
            Data Path:-    1550               
                Slack:=       0               

Exceptions/Constraints:
  max_delay             1562            del_1 

#--------------------------------------------------------------------------------------------------------------------------------
#               Timing Point                Flags   Arc   Edge          Cell            Fanout Load Trans Delay Arrival Instance 
#                                                                                              (fF)  (ps)  (ps)   (ps)  Location 
#--------------------------------------------------------------------------------------------------------------------------------
  mac_predec_bignum_i[op_en]                -       -     F     (arrival)                    9 35.8     0     0       0    (-,-) 
  fopt107665/Y                              -       A->Y  R     CKINVDCx16_ASAP7_75t_SL      7 19.1    11     6       6    (-,-) 
  fopt107651/Y                              -       A->Y  R     BUFx6f_ASAP7_75t_SL          3 13.5    19    17      24    (-,-) 
  fopt107642/Y                              -       A->Y  F     INVx8_ASAP7_75t_SL           7 16.1    17    10      34    (-,-) 
  fopt107641/Y                              -       A->Y  F     BUFx16f_ASAP7_75t_L          2  5.8     8    19      53    (-,-) 
  g89210/Y                                  -       B->Y  F     AND2x4_ASAP7_75t_SL          3  5.2    11    15      68    (-,-) 
  g88831/Y                                  -       B1->Y R     AOI22x1_ASAP7_75t_SL         1  3.1    30    16      84    (-,-) 
  g88646/Y                                  -       B->Y  F     NAND2x1p5_ASAP7_75t_SL       1  2.1    16     8      92    (-,-) 
  g88416/Y                                  -       B2->Y F     AO22x2_ASAP7_75t_SL          3  5.2    20    25     117    (-,-) 
  g88233/Y                                  -       B2->Y F     AO22x2_ASAP7_75t_SL          3  7.2    24    29     146    (-,-) 
  g86611/Y                                  -       A->Y  R     NAND2x2_ASAP7_75t_SL         2  6.1    30    20     165    (-,-) 
  g90338/Y                                  -       B->Y  F     NAND3x2_ASAP7_75t_SL         2  4.5    22    10     176    (-,-) 
  g90223/Y                                  -       A->Y  F     OR2x6_ASAP7_75t_SL           3  5.5    14    22     198    (-,-) 
  g85973/Y                                  -       B->Y  F     AND2x4_ASAP7_75t_SL          4  7.2    16    18     216    (-,-) 
  mul_mul_193_36_I1_g11665/Y                -       B->Y  R     XOR2x2_ASAP7_75t_SL          5  8.6    33    36     252    (-,-) 
  mul_mul_193_36_I1_g11337/Y                -       B->Y  R     OR2x6_ASAP7_75t_SL          17 24.1    33    32     284    (-,-) 
  mul_mul_193_36_I1_g11326/Y                -       A->Y  F     INVx1_ASAP7_75t_SL           1  2.1    20    12     295    (-,-) 
  mul_mul_193_36_I1_g11264/Y                -       A2->Y R     AOI22xp5_ASAP7_75t_SL        2  4.4    70    31     326    (-,-) 
  mul_mul_193_36_I1_g11131/Y                -       B->Y  R     XOR2xp5_ASAP7_75t_SL         1  2.5    46    28     354    (-,-) 
  mul_mul_193_36_I1_g11021/Y                -       A->Y  F     XNOR2x2_ASAP7_75t_L          2  4.5    20    39     394    (-,-) 
  mul_mul_193_36_I1_g10942/Y                -       A->Y  F     XOR2xp5_ASAP7_75t_SL         1  2.5    45    19     413    (-,-) 
  mul_mul_193_36_I1_g10866/Y                -       B->Y  R     XOR2x2_ASAP7_75t_L           2  3.9    21    40     453    (-,-) 
  mul_mul_193_36_I1_g10796/Y                -       A->Y  F     MAJIxp5_ASAP7_75t_SL         2  3.8    56    24     477    (-,-) 
  mul_mul_193_36_I1_g10721/Y                -       A->Y  F     AND2x2_ASAP7_75t_SL          4  7.4    25    33     510    (-,-) 
  mul_mul_193_36_I1_g10622/Y                -       A->Y  R     NOR2x1p5_ASAP7_75t_SL        2  4.6    26    15     525    (-,-) 
  mul_mul_193_36_I1_g10615/Y                -       A->Y  F     INVx2_ASAP7_75t_SL           2  4.9    19    12     537    (-,-) 
  mul_mul_193_36_I1_g10603/Y                -       B->Y  R     NOR2x1p5_ASAP7_75t_SL        1  2.5    18    11     548    (-,-) 
  mul_mul_193_36_I1_g10573/Y                -       A1->Y R     AO211x2_ASAP7_75t_SL         2  6.8    28    31     580    (-,-) 
  mul_mul_193_36_I1_g10572/Y                -       A->Y  F     INVx4_ASAP7_75t_SL           5  9.5    20    12     592    (-,-) 
  mul_mul_193_36_I1_g10563/Y                -       A2->Y R     OAI21x1_ASAP7_75t_SL         2  4.1    34    18     610    (-,-) 
  mul_mul_193_36_I1_g10551/Y                -       A1->Y F     AOI21xp5_ASAP7_75t_SL        1  2.4    33    19     629    (-,-) 
  mul_mul_193_36_I1_g10539/Y                -       B->Y  R     XNOR2x2_ASAP7_75t_SL         5  9.2    35    36     665    (-,-) 
  csa_tree_mul_add_239_60_I1_g1417/Y        -       A->Y  F     XNOR2x2_ASAP7_75t_SL         4  8.0    27    36     701    (-,-) 
  WALLACE_CSA_DUMMY_OP19_groupi_g13980/Y    -       B->Y  R     NAND2x1_ASAP7_75t_L          3  4.5    43    26     727    (-,-) 
  WALLACE_CSA_DUMMY_OP19_groupi_g14178/Y    -       A->Y  R     OR2x2_ASAP7_75t_SL           1  2.8    14    22     749    (-,-) 
  WALLACE_CSA_DUMMY_OP19_groupi_g13404/Y    -       B->Y  F     OAI21x1_ASAP7_75t_SL         1  2.4    18    11     760    (-,-) 
  WALLACE_CSA_DUMMY_OP19_groupi_g12759/Y    -       B->Y  F     AO211x2_ASAP7_75t_SL         3  5.8    20    24     784    (-,-) 
  WALLACE_CSA_DUMMY_OP19_groupi_g12672/Y    -       B->Y  F     AND2x4_ASAP7_75t_SL          2  4.2    12    17     801    (-,-) 
  WALLACE_CSA_DUMMY_OP19_groupi_g12615/Y    -       B->Y  R     NAND2x1p5_ASAP7_75t_SL       2  4.1    29    13     814    (-,-) 
  WALLACE_CSA_DUMMY_OP19_groupi_g12608/Y    -       A->Y  F     INVx2_ASAP7_75t_SL           2  3.9    18    10     825    (-,-) 
  WALLACE_CSA_DUMMY_OP19_groupi_g12570/Y    -       A2->Y F     AO21x2_ASAP7_75t_SL          5 10.5    32    31     856    (-,-) 
  WALLACE_CSA_DUMMY_OP19_groupi_g12522/Y    -       A->Y  R     NAND3x2_ASAP7_75t_SL         5  9.2    49    26     882    (-,-) 
  WALLACE_CSA_DUMMY_OP19_groupi_g12508/Y    -       A->Y  F     INVx3_ASAP7_75t_SL           2  3.8    19     9     892    (-,-) 
  WALLACE_CSA_DUMMY_OP19_groupi_g12494/Y    -       B->Y  F     AND2x4_ASAP7_75t_SL         11 17.6    27    26     918    (-,-) 
  WALLACE_CSA_DUMMY_OP19_groupi_g12485/Y    -       A->Y  R     INVx2_ASAP7_75t_SL           2  4.3    21    14     931    (-,-) 
  WALLACE_CSA_DUMMY_OP19_groupi_g12450/Y    -       A->Y  R     AND2x4_ASAP7_75t_SL          5  9.4    20    20     951    (-,-) 
  WALLACE_CSA_DUMMY_OP19_groupi_g12437/Y    -       B->Y  F     NOR2x1_ASAP7_75t_SL          2  3.8    30    16     967    (-,-) 
  WALLACE_CSA_DUMMY_OP19_groupi_g12436/Y    -       A->Y  R     INVx1_ASAP7_75t_SL           1  2.1    22    14     982    (-,-) 
  WALLACE_CSA_DUMMY_OP19_groupi_g12425/Y    -       B->Y  F     NAND2xp5_ASAP7_75t_SL        1  2.6    30    17     999    (-,-) 
  WALLACE_CSA_DUMMY_OP19_groupi_g12399/Y    -       B->Y  F     XOR2x2_ASAP7_75t_SL          4  5.8    22    28    1027    (-,-) 
  g92066/Y                                  -       A2->Y F     AO322x2_ASAP7_75t_SL         2  3.2    29    32    1059    (-,-) 
  adder_add_49_30_g15358/Y                  -       A->Y  F     OR2x2_ASAP7_75t_SL           3  4.7    18    23    1082    (-,-) 
  adder_add_49_30_g14701/Y                  -       A->Y  R     NAND2xp5_ASAP7_75t_SL        2  3.3    39    22    1104    (-,-) 
  adder_add_49_30_g14121/Y                  -       A1->Y R     OA21x2_ASAP7_75t_SL          5  7.3    29    29    1134    (-,-) 
  adder_add_49_30_g13704/Y                  -       A2->Y F     OAI21xp5_ASAP7_75t_L         1  2.1    33    20    1154    (-,-) 
  adder_add_49_30_g13449/Y                  -       B->Y  R     AOI21xp5_ASAP7_75t_SL        1  2.8    48    27    1180    (-,-) 
  adder_add_49_30_g13360/Y                  -       B->Y  F     OAI21x1_ASAP7_75t_SL         1  2.6    27    16    1196    (-,-) 
  adder_add_49_30_g13114/Y                  -       A->Y  F     OR2x6_ASAP7_75t_SL          10 15.0    21    28    1225    (-,-) 
  adder_add_49_30_g13086/Y                  -       B->Y  R     NAND2x1p5_ASAP7_75t_L        2  4.5    29    18    1243    (-,-) 
  adder_add_49_30_g13059/Y                  -       B->Y  F     NOR2x1p5_ASAP7_75t_L         3  5.4    27    19    1262    (-,-) 
  adder_add_49_30_g12967/Y                  -       A2->Y F     AO221x2_ASAP7_75t_SL         4 11.1    37    40    1302    (-,-) 
  adder_add_49_30_fopt11/Y                  -       A->Y  F     BUFx12f_ASAP7_75t_SL        15 24.5    18    23    1325    (-,-) 
  adder_add_49_30_fopt10/Y                  -       A->Y  R     INVx6_ASAP7_75t_SL           1 10.2    17    11    1336    (-,-) 
  adder_add_49_30_fopt7/Y                   -       A->Y  F     CKINVDCx14_ASAP7_75t_L      17 26.3    18    12    1349    (-,-) 
  adder_add_49_30_g12829/Y                  -       B2->Y R     AOI221x1_ASAP7_75t_SL        1  2.6    38    18    1367    (-,-) 
  adder_add_49_30_g12709/Y                  -       B->Y  F     XOR2x2_ASAP7_75t_SL          6  8.6    29    29    1395    (-,-) 
  g104271/Y                                 -       A1->Y F     AO21x2_ASAP7_75t_SL          3  5.5    27    28    1423    (-,-) 
  g_acc_words[6].i_secded_enc/g1820__4733/Y -       A->Y  F     XOR2x1_ASAP7_75t_SL          1  2.5    23    21    1444    (-,-) 
  g_acc_words[6].i_secded_enc/g1787__6131/Y -       A->Y  R     XOR2x2_ASAP7_75t_SL          2  4.8    21    31    1476    (-,-) 
  g_acc_words[6].i_secded_enc/g1774__5107/Y -       A->Y  F     XOR2x2_ASAP7_75t_SL          1  3.2    15    22    1498    (-,-) 
  g_acc_words[6].i_secded_enc/g1763__4733/Y -       A->Y  F     XNOR2x1_ASAP7_75t_SL         1  3.2    22    19    1517    (-,-) 
  g_acc_words[6].i_secded_enc/g1755__1705/Y -       B->Y  F     XNOR2x1_ASAP7_75t_SL         1  2.6    21    20    1537    (-,-) 
  g96255/Y                                  -       A2->Y R     AOI21x1_ASAP7_75t_SL         1  2.1    43    13    1550    (-,-) 
  acc_intg_q_reg[270]/D                     <<<     -     R     DFFHQNx1_ASAP7_75t_L         1    -     -     0    1550    (-,-) 
#--------------------------------------------------------------------------------------------------------------------------------

