============================================================
  Generated by:           Genus(TM) Synthesis Solution 21.18-s082_1
  Generated on:           Sep 23 2025  03:57:15 pm
  Module:                 otbn
  Operating conditions:   PVT_0P7V_25C 
  Interconnect mode:      global
  Area mode:              physical library
============================================================


Path 1: MET (0 ps) Setup Check with Pin u_imem_gen_par_scr[0].u_prim_prince_data_state_middle_q_reg[48]/CLK->D
          Group: clk_i
     Startpoint: (R) u_otbn_core_u_otbn_instruction_fetch_u_insn_fetch_resp_data_intg_flop/q_o_reg[6]/CLK
          Clock: (R) clk_i
       Endpoint: (F) u_imem_gen_par_scr[0].u_prim_prince_data_state_middle_q_reg[48]/D
          Clock: (R) clk_i

                     Capture       Launch     
        Clock Edge:+    1515            0     
       Src Latency:+       0            0     
       Net Latency:+       0 (I)        0 (I) 
           Arrival:=    1515            0     
                                              
             Setup:-       8                  
     Required Time:=    1507                  
      Launch Clock:-       0                  
         Data Path:-    1507                  
             Slack:=       0                  

#------------------------------------------------------------------------------------------------------------------------------------------------------------------------------
#                                    Timing Point                                      Flags    Arc    Edge           Cell            Fanout Load Trans Delay Arrival Instance 
#                                                                                                                                            (fF)  (ps)  (ps)   (ps)  Location 
#------------------------------------------------------------------------------------------------------------------------------------------------------------------------------
  u_otbn_core_u_otbn_instruction_fetch_u_insn_fetch_resp_data_intg_flop/q_o_reg[6]/CLK -       -       R     (arrival)                 17420    -     0     0       0    (-,-) 
  u_otbn_core_u_otbn_instruction_fetch_u_insn_fetch_resp_data_intg_flop/q_o_reg[6]/QN  -       CLK->QN F     DFFASRHQNx1_ASAP7_75t_SL      2  6.0    45    51      51    (-,-) 
  g640012/Y                                                                            -       A->Y    F     BUFx6f_ASAP7_75t_SL           3  6.1    12    20      71    (-,-) 
  g653150/Y                                                                            -       A->Y    R     INVx3_ASAP7_75t_SL            2  5.2    15     9      81    (-,-) 
  g653149/Y                                                                            -       A->Y    F     INVx3_ASAP7_75t_SL            3  6.7    16    10      90    (-,-) 
  g653116/Y                                                                            -       A->Y    F     OR2x6_ASAP7_75t_SL            1  4.1    11    20     110    (-,-) 
  g704158/Y                                                                            -       C->Y    R     NOR3x2_ASAP7_75t_SL           2  4.6    25    13     124    (-,-) 
  g703499/Y                                                                            -       B->Y    F     NAND2x1_ASAP7_75t_SL          2  3.2    23    13     136    (-,-) 
  g703247/Y                                                                            -       B1->Y   F     OA31x2_ASAP7_75t_SL           3  5.9    23    30     167    (-,-) 
  g703143/Y                                                                            -       B->Y    F     AND2x4_ASAP7_75t_SL           2  5.3    12    19     185    (-,-) 
  g703134/Y                                                                            -       A->Y    F     BUFx4f_ASAP7_75t_SL           4  6.1    12    16     202    (-,-) 
  g703056/Y                                                                            -       B2->Y   F     OA22x2_ASAP7_75t_SL           4  7.2    25    28     229    (-,-) 
  g703031/Y                                                                            -       A->Y    F     AND2x2_ASAP7_75t_SL           1  4.6    17    23     253    (-,-) 
  g703026/Y                                                                            -       A->Y    R     INVx5_ASAP7_75t_SL            9 16.4    26    16     268    (-,-) 
  g642546/Y                                                                            -       B->Y    F     NOR3x1_ASAP7_75t_SL           3  5.2    45    24     292    (-,-) 
  g642125/Y                                                                            -       C->Y    R     NAND3xp33_ASAP7_75t_SL        1  2.1    37    24     316    (-,-) 
  g642086/Y                                                                            -       B->Y    R     AND2x2_ASAP7_75t_SL           1  2.9    15    20     336    (-,-) 
  g642034/Y                                                                            -       A->Y    F     NAND3x1_ASAP7_75t_SL          1  2.1    17     9     345    (-,-) 
  g641988/Y                                                                            -       A2->Y   F     AO21x2_ASAP7_75t_SL           3  5.9    22    25     370    (-,-) 
  g641983/Y                                                                            -       A->Y    R     INVx2_ASAP7_75t_SL            2  4.6    20    13     383    (-,-) 
  g641888/Y                                                                            -       A->Y    R     AND2x2_ASAP7_75t_SL           1  3.1    15    17     401    (-,-) 
  g641881/Y                                                                            -       D->Y    F     NAND4xp75_ASAP7_75t_SL        1  2.5    32    14     415    (-,-) 
  g702975/Y                                                                            -       A->Y    R     NAND2x1_ASAP7_75t_SL          1  2.6    29    20     435    (-,-) 
  g702927/Y                                                                            -       A->Y    R     OR2x6_ASAP7_75t_SL            6 10.5    18    23     458    (-,-) 
  g643795/Y                                                                            -       A->Y    F     INVx4_ASAP7_75t_SL            2  5.3    12     8     466    (-,-) 
  g748685/Y                                                                            -       A->Y    R     NAND2x2_ASAP7_75t_SL          3  6.7    32    17     483    (-,-) 
  g701913/Y                                                                            -       A->Y    F     INVx4_ASAP7_75t_SL            2  5.1    15     8     491    (-,-) 
  g699652/Y                                                                            -       B->Y    R     NAND2x1p5_ASAP7_75t_SL        2  4.2    31    14     505    (-,-) 
  g666503/Y                                                                            -       A->Y    R     BUFx4f_ASAP7_75t_SL           7 11.1    22    22     527    (-,-) 
  g666127/Y                                                                            -       B->Y    F     NOR2x1p5_ASAP7_75t_L          1  2.5    17    12     539    (-,-) 
  g665892/Y                                                                            -       B->Y    F     AO31x2_ASAP7_75t_SL           2  4.6    16    20     559    (-,-) 
  g665814/Y                                                                            -       A->Y    R     INVx2_ASAP7_75t_SL            2  3.9    17    11     570    (-,-) 
  g665650/Y                                                                            -       B->Y    R     OR2x6_ASAP7_75t_SL            2  6.0    12    19     589    (-,-) 
  g665485/Y                                                                            -       B->Y    R     AND5x2_ASAP7_75t_SL           2  4.6    24    29     618    (-,-) 
  g665478/Y                                                                            -       A->Y    F     INVx2_ASAP7_75t_SL            2  4.1    17    10     628    (-,-) 
  g664936/Y                                                                            -       A1->Y   R     A2O1A1Ixp33_ASAP7_75t_SL      1  2.7    52    22     651    (-,-) 
  g754988/Y                                                                            -       B->Y    F     AOI21x1_ASAP7_75t_SL          1  4.0    38    18     669    (-,-) 
  g754857/Y                                                                            -       A->Y    F     BUFx12f_ASAP7_75t_SL          6 14.0    13    20     690    (-,-) 
  g754677/Y                                                                            -       A->Y    R     NAND2x1p5_ASAP7_75t_SL        2  4.6    25    15     705    (-,-) 
  g754672/Y                                                                            -       A->Y    F     INVx2_ASAP7_75t_SL            1  2.6    13     8     713    (-,-) 
  g754664/Y                                                                            -       B->Y    F     AND2x4_ASAP7_75t_SL           9 17.4    27    25     737    (-,-) 
  g754611/Y                                                                            -       A2->Y   R     AOI21x1_ASAP7_75t_SL          1  2.5    27    15     752    (-,-) 
  g664018/Y                                                                            -       C->Y    R     OA221x2_ASAP7_75t_SL          1  3.1    16    20     772    (-,-) 
  g664004/Y                                                                            -       A->Y    F     NAND4xp75_ASAP7_75t_SL        1  2.6    34    13     785    (-,-) 
  g663985/Y                                                                            -       A->Y    F     XNOR2xp5_ASAP7_75t_SL         1  3.1    43    30     815    (-,-) 
  g663974/Y                                                                            -       D->Y    R     NAND4xp75_ASAP7_75t_SL        1  3.1    31    19     835    (-,-) 
  g663970/Y                                                                            -       B->Y    F     NOR2x1p5_ASAP7_75t_SL         1  4.2    25    14     849    (-,-) 
  g663969/Y                                                                            -       B->Y    R     NAND3x2_ASAP7_75t_SL          2  4.3    28    19     868    (-,-) 
  g663968/Y                                                                            -       B->Y    F     NOR2x1p5_ASAP7_75t_SL         2  3.7    23    13     881    (-,-) 
  g663965/Y                                                                            -       D->Y    F     AND4x2_ASAP7_75t_SL           5  9.9    35    28     909    (-,-) 
  g663960/Y                                                                            -       B->Y    F     AND2x6_ASAP7_75t_SL          14 25.0    28    32     942    (-,-) 
  g663918/Y                                                                            -       A2->Y   R     AOI22x1_ASAP7_75t_SL          1  2.5    32    18     959    (-,-) 
  g663863/Y                                                                            -       D->Y    R     AND5x2_ASAP7_75t_SL           2  4.0    22    31     990    (-,-) 
  g663851/Y                                                                            -       A2->Y   F     OAI21x1_ASAP7_75t_SL          2  4.9    35    16    1006    (-,-) 
  g867379/Y                                                                            -       A->Y    F     XNOR2x1_ASAP7_75t_SL          1  2.5    27    21    1026    (-,-) 
  g866329/Y                                                                            -       A->Y    R     XOR2x2_ASAP7_75t_SL           4  8.5    34    38    1064    (-,-) 
  g866189/Y                                                                            -       A->Y    F     INVx3_ASAP7_75t_SL            1  2.6    13     7    1071    (-,-) 
  g693603/Y                                                                            -       B->Y    F     AND2x4_ASAP7_75t_SL           2  4.0    12    16    1086    (-,-) 
  g693048/Y                                                                            -       B->Y    R     NAND2x1_ASAP7_75t_SL          1  2.8    29    14    1100    (-,-) 
  g692981/Y                                                                            -       B->Y    F     OAI21x1_ASAP7_75t_SL          1  3.1    25    15    1115    (-,-) 
  g691924/Y                                                                            -       A->Y    R     NOR2x1p5_ASAP7_75t_SL         2  4.9    28    16    1131    (-,-) 
  g691533/Y                                                                            -       B->Y    F     XOR2x2_ASAP7_75t_SL           2  4.9    19    24    1154    (-,-) 
  g710864/Y                                                                            -       A->Y    F     XNOR2x1_ASAP7_75t_SL          1  3.2    24    20    1174    (-,-) 
  g690654/Y                                                                            -       A->Y    F     XNOR2x1_ASAP7_75t_SL          3  6.0    36    26    1201    (-,-) 
  g690609/Y                                                                            -       A->Y    R     INVx3_ASAP7_75t_SL            3  6.4    24    15    1216    (-,-) 
  g690490/Y                                                                            -       B->Y    F     NAND2x1p5_ASAP7_75t_SL        1  2.6    18     9    1225    (-,-) 
  g690354/Y                                                                            -       A2->Y   R     OAI21x1_ASAP7_75t_SL          1  2.4    26    13    1238    (-,-) 
  g690218/Y                                                                            -       C->Y    R     AO211x2_ASAP7_75t_SL          2  5.6    24    26    1265    (-,-) 
  g689990/Y                                                                            -       B->Y    R     XNOR2x1_ASAP7_75t_SL          1  2.4    30    18    1282    (-,-) 
  g689835/Y                                                                            -       A->Y    F     XOR2x2_ASAP7_75t_SL           3  7.5    26    28    1311    (-,-) 
  g689795/Y                                                                            -       A->Y    R     INVx3_ASAP7_75t_SL            1  2.6    13     9    1320    (-,-) 
  g689722/Y                                                                            -       B->Y    R     AND2x4_ASAP7_75t_SL           2  4.6    13    16    1336    (-,-) 
  g689585/Y                                                                            -       B->Y    F     NOR2x1_ASAP7_75t_SL           1  2.5    27    12    1347    (-,-) 
  g689388/Y                                                                            -       B2->Y   F     OA221x2_ASAP7_75t_SL          3  5.8    24    34    1381    (-,-) 
  g689256/Y                                                                            -       A->Y    R     XNOR2x2_ASAP7_75t_SL          1  2.5    14    23    1404    (-,-) 
  g689085/Y                                                                            -       B->Y    F     XNOR2x2_ASAP7_75t_SL          5  8.4    28    34    1439    (-,-) 
  g688926/Y                                                                            -       B->Y    R     NAND2xp5_ASAP7_75t_SL         1  2.7    34    21    1460    (-,-) 
  g688788/Y                                                                            -       B2->Y   F     AOI22x1_ASAP7_75t_SL          1  2.5    27    15    1475    (-,-) 
  g688706/Y                                                                            -       A->Y    R     NAND2x1_ASAP7_75t_SL          1  2.8    29    20    1494    (-,-) 
  g688585/Y                                                                            -       A2->Y   F     AOI22x1_ASAP7_75t_SL          1  2.1    34    12    1507    (-,-) 
  u_imem_gen_par_scr[0].u_prim_prince_data_state_middle_q_reg[48]/D                    <<<     -       F     DFFASRHQNx1_ASAP7_75t_SL      1    -     -     0    1507    (-,-) 
#------------------------------------------------------------------------------------------------------------------------------------------------------------------------------

