============================================================
  Generated by:           Genus(TM) Synthesis Solution 21.18-s082_1
  Generated on:           Sep 22 2025  11:37:11 am
  Module:                 otbn_mac_bignum
  Operating conditions:   PVT_0P7V_25C 
  Interconnect mode:      global
  Area mode:              physical library
============================================================


Path 1: MET (0 ps) Setup Check with Pin acc_intg_q_reg[150]/CLK->D
          Group: clk_i
     Startpoint: (F) mac_predec_bignum_i[op_en]
       Endpoint: (R) acc_intg_q_reg[150]/D
          Clock: (R) clk_i

                        Capture       Launch  
           Path Delay:+    2326            -  
           Drv Adjust:+       0            0  
          Src Latency:+       0               
          Net Latency:+       0 (I)           
        Capture Clock:+       0               
              Arrival:=    2326               
                                              
                Setup:-       8               
        Required Time:=    2318               
            Data Path:-    2318               
                Slack:=       0               

Exceptions/Constraints:
  max_delay             2326            del_1 

#------------------------------------------------------------------------------------------------------------------------------------
#                 Timing Point                   Flags   Arc   Edge          Cell           Fanout Load Trans Delay Arrival Instance 
#                                                                                                  (fF)  (ps)  (ps)   (ps)  Location 
#------------------------------------------------------------------------------------------------------------------------------------
  mac_predec_bignum_i[op_en]                     -       -     F     (arrival)                   3  7.2     0     0       0    (-,-) 
  g53794/Y                                       -       B->Y  F     OR2x6_ASAP7_75t_SL          3  9.2    15    20      20    (-,-) 
  g53758/Y                                       -       A->Y  F     BUFx12f_ASAP7_75t_SL        8 23.4    17    19      38    (-,-) 
  g53757/Y                                       -       A->Y  F     BUFx12f_ASAP7_75t_SL       12 29.7    20    20      59    (-,-) 
  g53651/Y                                       -       B->Y  R     NAND2x1p5_ASAP7_75t_L       2  5.3    29    20      79    (-,-) 
  g52770/Y                                       -       A1->Y F     OAI22x1_ASAP7_75t_SL        1  3.7    31    17      96    (-,-) 
  g52558/Y                                       -       B->Y  R     NOR2x2_ASAP7_75t_SL         1  3.1    20    12     108    (-,-) 
  g52201__2398/Y                                 -       B->Y  F     NAND4xp75_ASAP7_75t_SL      1  3.7    35    18     126    (-,-) 
  g52147__4319/Y                                 -       B->Y  R     NAND2x2_ASAP7_75t_SL        2  4.0    24    17     142    (-,-) 
  g51976__5122/Y                                 -       C->Y  R     AND3x4_ASAP7_75t_SL         1  4.3    14    21     163    (-,-) 
  g51925__9315/Y                                 -       A->Y  F     NAND3x2_ASAP7_75t_SL        3  6.4    22    12     175    (-,-) 
  g50006/Y                                       -       A->Y  F     BUFx6f_ASAP7_75t_SL         5 14.2    17    20     195    (-,-) 
  g50005/Y                                       -       A->Y  R     INVx8_ASAP7_75t_SL          2 12.2    16    10     206    (-,-) 
  g50004/Y                                       -       A->Y  F     INVx13_ASAP7_75t_SL        21 37.2    23    13     219    (-,-) 
  U_MUL_mul_76_61_I1_I1_g15435/Y                 -       A->Y  R     INVx3_ASAP7_75t_SL          3  4.6    16    11     230    (-,-) 
  U_MUL_mul_76_61_I1_I1_g15182/Y                 -       A1->Y F     OAI22xp5_ASAP7_75t_SL       1  2.6    32    18     248    (-,-) 
  U_MUL_mul_76_61_I1_I1_g15146/Y                 -       A->Y  F     AND2x4_ASAP7_75t_SL         8 14.8    24    28     276    (-,-) 
  U_MUL_mul_76_61_I1_I1_g15133/Y                 -       A->Y  R     INVx6_ASAP7_75t_SL         10 15.2    24    15     291    (-,-) 
  U_MUL_mul_76_61_I1_I1_g15096/Y                 -       A1->Y F     OAI22xp5_ASAP7_75t_SL       2  4.3    55    26     317    (-,-) 
  U_MUL_mul_76_61_I1_I1_g14932/Y                 -       B->Y  R     XOR2x2_ASAP7_75t_L          1  3.1    18    40     357    (-,-) 
  U_MUL_mul_76_61_I1_I1_g14824/Y                 -       B->Y  R     XOR2x1_ASAP7_75t_L          2  4.9    48    30     387    (-,-) 
  U_MUL_mul_76_61_I1_I1_g14732/Y                 -       B->Y  R     XNOR2x1_ASAP7_75t_L         1  3.2    41    25     413    (-,-) 
  U_MUL_mul_76_61_I1_I1_g14632/Y                 -       B->Y  R     XNOR2x1_ASAP7_75t_SL        2  4.4    40    22     435    (-,-) 
  U_MUL_mul_76_61_I1_I1_g14559/Y                 -       B->Y  F     XOR2xp5_ASAP7_75t_SL        1  2.5    37    21     456    (-,-) 
  U_MUL_mul_76_61_I1_I1_g14508/Y                 -       A->Y  R     XOR2x2_ASAP7_75t_SL         2  4.5    21    33     489    (-,-) 
  U_MUL_mul_76_61_I1_I1_g14468/Y                 -       B->Y  F     NAND2x1p5_ASAP7_75t_SL      3  5.1    24    13     502    (-,-) 
  U_MUL_mul_76_61_I1_I1_g14441/Y                 -       A->Y  R     NAND2x1_ASAP7_75t_L         1  3.4    34    24     526    (-,-) 
  fopt71758/Y                                    -       A->Y  F     INVx3_ASAP7_75t_SL          2  5.3    18    10     536    (-,-) 
  U_MUL_mul_76_61_I1_I1_g14383/Y                 -       B2->Y F     AO22x2_ASAP7_75t_SL         1  2.4    13    21     557    (-,-) 
  U_MUL_mul_76_61_I1_I1_g14373/Y                 -       B->Y  F     AO211x2_ASAP7_75t_SL        4  8.1    26    26     583    (-,-) 
  U_MUL_mul_76_61_I1_I1_g14361/Y                 -       A2->Y F     AO21x2_ASAP7_75t_SL         1  2.1    12    21     604    (-,-) 
  U_MUL_mul_76_61_I1_I1_g14353/Y                 -       B->Y  R     AOI21xp5_ASAP7_75t_SL       1  3.2    48    24     628    (-,-) 
  U_MUL_mul_76_61_I1_I1_g14343/Y                 -       B->Y  R     XNOR2x1_ASAP7_75t_SL        2  4.2    48    22     650    (-,-) 
  inc_U_MUL_csa_102_36_I1:add_37_35_I31_g17/Y    -       A->Y  F     XOR2x2_ASAP7_75t_SL         2  3.8    17    25     675    (-,-) 
  inc_U_MUL_csa_104_36_I2:add_37_35_I31_g18/Y    -       B->Y  F     AND2x2_ASAP7_75t_SL         2  5.1    18    21     696    (-,-) 
  addinc_U_MUL_csa_104_36_I3:add_37_46_I32_g2/Y  -       B->Y  F     XNOR2x1_ASAP7_75t_SL        1  3.2    22    20     716    (-,-) 
  addinc_U_MUL_csa_104_36_I3:add_37_46_I32_g25/Y -       A->Y  F     XNOR2x1_ASAP7_75t_SL        2  3.8    26    22     738    (-,-) 
  inc_U_MUL_csa_104_36_I4:add_37_35_I32_g17/Y    -       A->Y  R     XOR2x2_ASAP7_75t_SL         2  3.7    18    30     768    (-,-) 
  inc_U_MUL_csa_104_36_I5:add_37_35_I32_g17/Y    -       A->Y  F     XOR2x2_ASAP7_75t_SL         2  4.0    17    23     790    (-,-) 
  inc_U_MUL_csa_104_36_I6:add_37_35_I32_fopt/Y   -       A->Y  F     BUFx3_ASAP7_75t_SL          1  3.2    10    16     807    (-,-) 
  inc_U_MUL_csa_104_36_I6:add_37_35_I32_g17/Y    -       A->Y  F     XOR2x1_ASAP7_75t_SL         2  3.8    24    20     827    (-,-) 
  inc_U_MUL_csa_104_36_I7:add_37_35_I32_g17/Y    -       A->Y  R     XOR2x2_ASAP7_75t_SL         2  3.7    18    30     856    (-,-) 
  inc_U_MUL_csa_104_36_I8:add_37_35_I32_g17/Y    -       A->Y  F     XOR2x2_ASAP7_75t_SL         2  3.8    16    23     879    (-,-) 
  inc_U_MUL_csa_104_36_I9:add_37_35_I32_g17/Y    -       A->Y  R     XOR2x2_ASAP7_75t_SL         2  3.7    17    28     907    (-,-) 
  inc_U_MUL_csa_104_36_I10:add_37_35_I32_g17/Y   -       A->Y  F     XOR2x2_ASAP7_75t_SL         2  3.8    16    23     930    (-,-) 
  inc_U_MUL_csa_104_36_I11:add_37_35_I32_g17/Y   -       A->Y  R     XOR2x2_ASAP7_75t_SL         2  3.7    17    28     958    (-,-) 
  inc_U_MUL_csa_104_36_I12:add_37_35_I32_g17/Y   -       A->Y  F     XOR2x2_ASAP7_75t_SL         2  3.8    16    23     981    (-,-) 
  inc_U_MUL_csa_104_36_I13:add_37_35_I32_g17/Y   -       A->Y  R     XOR2x2_ASAP7_75t_SL         2  4.1    19    29    1010    (-,-) 
  inc_U_MUL_csa_104_36_I14:add_37_35_I32_g18/Y   -       B->Y  R     AND2x4_ASAP7_75t_L          3  5.2    14    21    1030    (-,-) 
  U_MUL_add_110_45_drc_bufs6190/Y                -       A->Y  R     BUFx2_ASAP7_75t_L           1  2.6    14    19    1049    (-,-) 
  U_MUL_add_110_45_g6010/Y                       -       A->Y  R     OR2x6_ASAP7_75t_SL          3  5.3    12    17    1066    (-,-) 
  U_MUL_add_110_45_g5810/Y                       -       B->Y  R     AND2x4_ASAP7_75t_SL         3  6.4    15    17    1084    (-,-) 
  U_MUL_add_110_45_g5684/Y                       -       B->Y  F     NAND2x2_ASAP7_75t_SL        2  4.0    15     9    1092    (-,-) 
  U_MUL_add_110_45_g5599/Y                       -       B->Y  F     OR2x6_ASAP7_75t_SL          2  5.2    12    20    1112    (-,-) 
  U_MUL_add_110_45_g5512/Y                       -       A->Y  F     OR2x6_ASAP7_75t_SL          7 18.9    24    27    1139    (-,-) 
  fopt74414/Y                                    -       A->Y  R     INVx4_ASAP7_75t_SL          4  9.3    22    14    1153    (-,-) 
  fopt74413/Y                                    -       A->Y  F     INVx4_ASAP7_75t_SL          4  7.3    15    10    1163    (-,-) 
  U_MUL_add_110_45_g5276/Y                       -       B1->Y F     OA221x2_ASAP7_75t_SL        1  2.8    16    25    1187    (-,-) 
  U_MUL_add_110_45_g5225/Y                       -       B->Y  R     OAI21x1_ASAP7_75t_SL        1  2.6    27    10    1197    (-,-) 
  U_MUL_add_110_45_g5183/Y                       -       B->Y  F     XOR2x2_ASAP7_75t_SL         2  3.4    17    22    1219    (-,-) 
  g54168/Y                                       -       A->Y  F     AND2x2_ASAP7_75t_SL         2  3.2    16    20    1238    (-,-) 
  adder_add_75_33_I3546_g1406/Y                  -       A->Y  F     OR2x2_ASAP7_75t_SL          2  4.5    17    21    1259    (-,-) 
  adder_add_75_33_I3546_g1375/Y                  -       A->Y  R     INVx2_ASAP7_75t_L           2  3.7    18    13    1272    (-,-) 
  adder_add_75_33_I3546_g1242/Y                  -       A2->Y F     OAI21x1_ASAP7_75t_SL        1  2.7    27    11    1283    (-,-) 
  adder_add_75_33_I3546_g1188/Y                  -       B->Y  R     AOI21x1_ASAP7_75t_SL        2  5.1    44    24    1307    (-,-) 
  adder_add_75_33_I3546_g1178/Y                  -       B->Y  F     NOR2x2_ASAP7_75t_SL         1  2.4    18    11    1318    (-,-) 
  adder_add_75_33_I3546_g1142/Y                  -       C->Y  F     AO211x2_ASAP7_75t_SL        1  2.7    13    19    1337    (-,-) 
  adder_add_75_33_I3546_g1128/Y                  -       B->Y  R     AOI21x1_ASAP7_75t_SL        2  4.0    32    18    1355    (-,-) 
  adder_add_75_33_I3546_g1104/Y                  -       A2->Y F     OAI21x1_ASAP7_75t_SL        2  4.0    30    14    1369    (-,-) 
  g49527__4733/Y                                 -       A->Y  F     AND2x4_ASAP7_75t_SL         2  4.1    11    20    1389    (-,-) 
  adder_add_75_33_I3566_g1245/Y                  -       A1->Y R     AOI21x1_ASAP7_75t_SL        2  3.1    27    14    1403    (-,-) 
  adder_add_75_33_I3566_g1202/Y                  -       A2->Y R     OA21x2_ASAP7_75t_SL         2  3.5    17    21    1424    (-,-) 
  adder_add_75_33_I3566_g1169/Y                  -       A2->Y R     OA21x2_ASAP7_75t_SL         2  3.5    18    20    1444    (-,-) 
  adder_add_75_33_I3566_g1151/Y                  -       A2->Y R     OA21x2_ASAP7_75t_SL         2  3.5    17    20    1464    (-,-) 
  adder_add_75_33_I3566_g1128/Y                  -       A2->Y R     OA21x2_ASAP7_75t_SL         2  4.0    18    21    1484    (-,-) 
  adder_add_75_33_I3566_g1104/Y                  -       A2->Y F     OAI21x1_ASAP7_75t_SL        2  4.0    39    13    1498    (-,-) 
  g54601/Y                                       -       A->Y  F     AND2x4_ASAP7_75t_SL         2  3.5    17    22    1519    (-,-) 
  adder_add_75_33_I3568_g1089/Y                  -       A1->Y F     AO21x2_ASAP7_75t_SL         2  4.1    16    23    1542    (-,-) 
  adder_add_75_33_I3568_g1044/Y                  -       A1->Y F     AO31x2_ASAP7_75t_SL         2  4.0    15    17    1559    (-,-) 
  adder_add_75_33_I3568_g1011/Y                  -       A2->Y R     AOI21x1_ASAP7_75t_SL        2  3.5    29    16    1575    (-,-) 
  adder_add_75_33_I3568_g992/Y                   -       A2->Y R     OA21x2_ASAP7_75t_SL         2  3.5    17    21    1596    (-,-) 
  adder_add_75_33_I3568_g969/Y                   -       A2->Y R     OA21x2_ASAP7_75t_SL         2  4.0    18    21    1617    (-,-) 
  adder_add_75_33_I3568_g944/Y                   -       A2->Y F     OAI21x1_ASAP7_75t_SL        2  4.0    36    13    1630    (-,-) 
  g49528__6161/Y                                 -       A->Y  F     AND2x4_ASAP7_75t_SL         2  3.6    11    21    1651    (-,-) 
  adder_add_75_33_I3555_g1092/Y                  -       A2->Y R     AOI21x1_ASAP7_75t_SL        2  4.0    34    16    1668    (-,-) 
  adder_add_75_33_I3555_g1045/Y                  -       A2->Y F     OAI21x1_ASAP7_75t_SL        2  4.0    28    14    1682    (-,-) 
  adder_add_75_33_I3555_g1012/Y                  -       A2->Y R     AOI21x1_ASAP7_75t_SL        2  4.0    43    19    1701    (-,-) 
  adder_add_75_33_I3555_g992/Y                   -       A2->Y F     OAI21x1_ASAP7_75t_SL        2  4.0    41    15    1716    (-,-) 
  adder_add_75_33_I3555_g967/Y                   -       A2->Y R     AOI21x1_ASAP7_75t_SL        2  4.0    44    21    1737    (-,-) 
  adder_add_75_33_I3555_g943/Y                   -       A2->Y F     OAI21x1_ASAP7_75t_SL        1  2.6    31    12    1749    (-,-) 
  g71280/Y                                       -       A->Y  F     AND2x4_ASAP7_75t_SL         2  4.1    17    20    1770    (-,-) 
  adder_add_75_33_I3558_g1089/Y                  -       A1->Y R     AOI21x1_ASAP7_75t_SL        2  3.1    30    15    1784    (-,-) 
  adder_add_75_33_I3558_g1044/Y                  -       A2->Y R     OA21x2_ASAP7_75t_SL         2  3.5    17    21    1806    (-,-) 
  adder_add_75_33_I3558_g1011/Y                  -       A2->Y R     OA21x2_ASAP7_75t_SL         2  5.1    22    22    1828    (-,-) 
  adder_add_75_33_I3558_g1001/Y                  -       B->Y  F     NOR2x2_ASAP7_75t_SL         1  2.6    15    10    1838    (-,-) 
  adder_add_75_33_I3558_g990/Y                   -       B->Y  F     OR2x6_ASAP7_75t_SL          2  4.0    12    19    1856    (-,-) 
  adder_add_75_33_I3558_g967/Y                   -       A2->Y R     AOI21x1_ASAP7_75t_SL        2  4.2    46    17    1874    (-,-) 
  adder_add_75_33_I3558_g943/Y                   -       A2->Y F     OAI21x1_ASAP7_75t_SL        1  2.6    31    12    1885    (-,-) 
  g49529__9315/Y                                 -       A->Y  F     AND2x4_ASAP7_75t_SL         2  3.7    10    20    1906    (-,-) 
  adder_add_75_33_I3561_g1090/Y                  -       A1->Y R     AOI21x1_ASAP7_75t_SL        2  4.0    33    16    1922    (-,-) 
  adder_add_75_33_I3561_g1047/Y                  -       A2->Y F     OAI21x1_ASAP7_75t_SL        2  4.0    28    14    1936    (-,-) 
  adder_add_75_33_I3561_g1014/Y                  -       A2->Y R     AOI21x1_ASAP7_75t_SL        2  4.0    43    19    1955    (-,-) 
  adder_add_75_33_I3561_g994/Y                   -       A2->Y F     OAI21x1_ASAP7_75t_SL        2  4.0    41    15    1970    (-,-) 
  adder_add_75_33_I3561_g967/Y                   -       A2->Y R     AOI21x1_ASAP7_75t_SL        2  4.0    42    21    1991    (-,-) 
  adder_add_75_33_I3561_g943/Y                   -       A2->Y F     OAI21x1_ASAP7_75t_SL        1  2.6    31    12    2003    (-,-) 
  g50043__9945/Y                                 -       B->Y  F     AND2x4_ASAP7_75t_SL         2  4.1    17    19    2022    (-,-) 
  adder_add_75_33_I8_g1091/Y                     -       A1->Y R     AOI21x1_ASAP7_75t_SL        2  4.0    34    17    2039    (-,-) 
  adder_add_75_33_I8_g1042/Y                     -       A2->Y F     OAI21x1_ASAP7_75t_SL        2  4.5    30    16    2055    (-,-) 
  adder_add_75_33_I8_g1018/Y                     -       B->Y  R     NAND2x1p5_ASAP7_75t_SL      1  2.6    20    14    2068    (-,-) 
  adder_add_75_33_I8_g1008/Y                     -       B->Y  R     AND2x6_ASAP7_75t_SL         8 15.0    23    24    2093    (-,-) 
  adder_add_75_33_I8_g999/Y                      -       B->Y  F     NOR2x2_ASAP7_75t_SL         1  2.6    24    10    2103    (-,-) 
  adder_add_75_33_I8_g987/Y                      -       B->Y  F     OR2x6_ASAP7_75t_SL         11 20.8    26    29    2132    (-,-) 
  adder_add_75_33_I8_g961/Y                      -       A2->Y R     AOI21x1_ASAP7_75t_SL        1  2.4    25    14    2146    (-,-) 
  adder_add_75_33_I8_g940/Y                      -       A->Y  F     XOR2x2_ASAP7_75t_SL         4  5.9    22    26    2172    (-,-) 
  g69796/Y                                       -       A1->Y F     AO21x2_ASAP7_75t_SL         1  2.4    12    22    2194    (-,-) 
  g68798/Y                                       -       C->Y  F     AO211x2_ASAP7_75t_SL        3  6.9    24    24    2218    (-,-) 
  g_acc_words[3].i_secded_enc/g2041__6161/Y      -       A->Y  F     XNOR2x1_ASAP7_75t_SL        2  4.8    35    24    2242    (-,-) 
  g_acc_words[3].i_secded_enc/g2006__1881/Y      -       A->Y  F     XNOR2x1_ASAP7_75t_SL        1  3.2    27    22    2264    (-,-) 
  g_acc_words[3].i_secded_enc/g1986__1666/Y      -       B->Y  F     XNOR2x1_ASAP7_75t_SL        1  3.2    25    22    2286    (-,-) 
  g_acc_words[3].i_secded_enc/g1968__6783/Y      -       A->Y  F     XNOR2x1_ASAP7_75t_SL        1  2.7    21    20    2306    (-,-) 
  g57507/Y                                       -       A1->Y R     AOI21x1_ASAP7_75t_SL        1  2.1    23    12    2318    (-,-) 
  acc_intg_q_reg[150]/D                          <<<     -     R     DFFHQNx2_ASAP7_75t_SL       1    -     -     0    2318    (-,-) 
#------------------------------------------------------------------------------------------------------------------------------------

