============================================================
  Generated by:           Genus(TM) Synthesis Solution 21.18-s082_1
  Generated on:           Sep 16 2025  02:29:57 pm
  Module:                 kogge_stone
  Operating conditions:   PVT_0P7V_25C 
  Interconnect mode:      global
  Area mode:              physical library
============================================================


Path 1: MET (0 ps) Path Delay Check
     Startpoint: (F) A[73]
       Endpoint: (R) res[215]

                   Capture    Launch  
      Path Delay:+     370         -  
      Drv Adjust:+       0         0  
         Arrival:=     370            
                                      
   Required Time:=     370            
       Data Path:-     370            
           Slack:=       0            

Exceptions/Constraints:
  max_delay             370             del_1 

#-------------------------------------------------------------------------------------------------------
#  Timing Point   Flags   Arc   Edge           Cell            Fanout Load Trans Delay Arrival Instance 
#                                                                     (fF)  (ps)  (ps)   (ps)  Location 
#-------------------------------------------------------------------------------------------------------
  A[73]           -       -     F     (arrival)                     2  4.4     0     0       0    (-,-) 
  g121921/Y       -       A->Y  F     XOR2x1_ASAP7_75t_SL           2  3.4    20    18      18    (-,-) 
  g121806/Y       -       A->Y  R     INVx1_ASAP7_75t_SL            2  3.5    28    17      35    (-,-) 
  g121805/Y       -       A->Y  F     INVx1_ASAP7_75t_SL            2  3.9    27    17      52    (-,-) 
  g121154/Y       -       B->Y  F     AND2x2_ASAP7_75t_SL           3  4.6    17    23      75    (-,-) 
  g120702/Y       -       A->Y  R     NAND2xp5_ASAP7_75t_SL         3  5.1    56    29     104    (-,-) 
  g120415/Y       -       B->Y  F     NOR2x1_ASAP7_75t_SL           3  4.6    41    24     128    (-,-) 
  g119785/Y       -       A2->Y R     OAI21xp5_ASAP7_75t_SL         4  6.1    84    46     174    (-,-) 
  g117606/Y       -       A1->Y F     OAI21xp5_ASAP7_75t_SL         1  2.8    50    27     201    (-,-) 
  g117259/Y       -       A2->Y R     AOI22x1_ASAP7_75t_SL          3  4.8    46    29     230    (-,-) 
  g117194/Y       -       A->Y  F     INVx1_ASAP7_75t_SL            1  2.1    22    13     242    (-,-) 
  g116855__8246/Y -       C->Y  R     O2A1O1Ixp33_ASAP7_75t_SL      1  2.1    50    26     268    (-,-) 
  g116601__6161/Y -       A2->Y F     OAI22xp5_ASAP7_75t_SL         2  3.8    49    28     296    (-,-) 
  g116415__7098/Y -       B->Y  R     NOR2x1_ASAP7_75t_SL           2  3.6    36    21     318    (-,-) 
  g116145__5115/Y -       A3->Y F     OAI331xp33_ASAP7_75t_SL       1  2.5    72    25     343    (-,-) 
  g116023__6783/Y -       B->Y  R     XNOR2xp5_ASAP7_75t_SL         1  1.5    43    28     370    (-,-) 
  res[215]        <<<     -     R     (port)                        -    -     -     0     370    (-,-) 
#-------------------------------------------------------------------------------------------------------

