============================================================
  Generated by:           Genus(TM) Synthesis Solution 21.18-s082_1
  Generated on:           Sep 16 2025  02:33:36 pm
  Module:                 sklansky_adder_256_mode0_only
  Operating conditions:   PVT_0P7V_25C 
  Interconnect mode:      global
  Area mode:              physical library
============================================================


Path 1: MET (0 ps) Path Delay Check
     Startpoint: (R) B[17]
       Endpoint: (R) sum[166]

                   Capture    Launch  
      Path Delay:+     345         -  
      Drv Adjust:+       0         0  
         Arrival:=     345            
                                      
   Required Time:=     345            
       Data Path:-     345            
           Slack:=       0            

Exceptions/Constraints:
  max_delay             345             del_1 

#----------------------------------------------------------------------------------------------------
# Timing Point   Flags   Arc   Edge          Cell           Fanout Load Trans Delay Arrival Instance 
#                                                                  (fF)  (ps)  (ps)   (ps)  Location 
#----------------------------------------------------------------------------------------------------
  B[17]          -       -     R     (arrival)                   2  3.8     0     0       0    (-,-) 
  g23011/Y       -       B->Y  F     XNOR2x2_ASAP7_75t_SL        3  5.7    21    29      29    (-,-) 
  g22664/Y       -       A2->Y R     OAI21xp5_ASAP7_75t_SL       2  3.4    50    26      55    (-,-) 
  g22301/Y       -       B1->Y F     AOI221xp5_ASAP7_75t_SL      3  4.5    76    43      98    (-,-) 
  g21997/Y       -       A2->Y R     OAI221xp5_ASAP7_75t_SL      2  3.5    91    50     147    (-,-) 
  g21624__5526/Y -       B1->Y R     AO331x2_ASAP7_75t_SL        2  3.8    23    38     186    (-,-) 
  g21567__5107/Y -       A2->Y R     AO211x2_ASAP7_75t_SL        2  5.1    24    27     213    (-,-) 
  g21530__1881/Y -       B->Y  F     NAND2x2_ASAP7_75t_SL        1  2.4    20     7     220    (-,-) 
  g21427__7482/Y -       A2->Y F     AO211x2_ASAP7_75t_SL        1  2.5    13    18     238    (-,-) 
  g21391__1881/Y -       C->Y  F     AND3x4_ASAP7_75t_SL         2 15.8    27    31     269    (-,-) 
  fopt11/Y       -       A->Y  R     INVx11_ASAP7_75t_SL        11 29.2    27    16     286    (-,-) 
  fopt23565/Y    -       A->Y  R     BUFx6f_ASAP7_75t_SL         8 13.7    20    20     305    (-,-) 
  g21310__9315/Y -       A2->Y R     AO211x2_ASAP7_75t_SL        1  3.2    18    24     329    (-,-) 
  g21185__6161/Y -       B->Y  R     XNOR2x1_ASAP7_75t_SL        1  1.5    21    16     345    (-,-) 
  sum[166]       <<<     -     R     (port)                      -    -     -     0     345    (-,-) 
#----------------------------------------------------------------------------------------------------

