============================================================
  Generated by:           Genus(TM) Synthesis Solution 21.18-s082_1
  Generated on:           Sep 22 2025  01:25:36 pm
  Module:                 otbn_mac_bignum
  Operating conditions:   PVT_0P7V_25C 
  Interconnect mode:      global
  Area mode:              physical library
============================================================


Path 1: MET (0 ps) Setup Check with Pin acc_intg_q_reg[268]/CLK->D
          Group: clk_i
     Startpoint: (R) mac_predec_bignum_i[op_en]
       Endpoint: (R) acc_intg_q_reg[268]/D
          Clock: (R) clk_i

                        Capture       Launch  
           Path Delay:+    1515            -  
           Drv Adjust:+       0            0  
          Src Latency:+       0               
          Net Latency:+       0 (I)           
        Capture Clock:+       0               
              Arrival:=    1515               
                                              
                Setup:-      12               
        Required Time:=    1504               
            Data Path:-    1504               
                Slack:=       0               

Exceptions/Constraints:
  max_delay             1515            del_1 

#-------------------------------------------------------------------------------------------------------------------------------
#               Timing Point                Flags   Arc   Edge          Cell           Fanout Load Trans Delay Arrival Instance 
#                                                                                             (fF)  (ps)  (ps)   (ps)  Location 
#-------------------------------------------------------------------------------------------------------------------------------
  mac_predec_bignum_i[op_en]                -       -     R     (arrival)                   8 25.3     0     0       0    (-,-) 
  hi_fo_buf74651/Y                          -       A->Y  R     BUFx16f_ASAP7_75t_SL       29 46.2    29    21      21    (-,-) 
  hi_fo_buf74650/Y                          -       A->Y  R     BUFx6f_ASAP7_75t_SL         8 12.3    18    19      40    (-,-) 
  g58274/Y                                  -       B->Y  R     AND2x2_ASAP7_75t_SL         2  4.6    20    21      61    (-,-) 
  g57430/Y                                  -       A->Y  R     AND2x4_ASAP7_75t_SL         1  4.2    12    15      76    (-,-) 
  g57057/Y                                  -       B->Y  F     NOR3x2_ASAP7_75t_SL         2  3.4    25    12      89    (-,-) 
  g56878/Y                                  -       A1->Y F     OA22x2_ASAP7_75t_SL         3  7.0    24    27     116    (-,-) 
  g56693/Y                                  -       B->Y  R     NAND2x2_ASAP7_75t_SL        2  4.9    23    16     132    (-,-) 
  g56561/Y                                  -       A->Y  F     NAND2x2_ASAP7_75t_SL        4  8.1    31    13     145    (-,-) 
  g55080__5122/Y                            -       B->Y  F     OA21x2_ASAP7_75t_SL         1  4.2    17    21     166    (-,-) 
  g54913__5526/Y                            -       B->Y  R     NAND3x2_ASAP7_75t_SL        4  7.7    42    22     188    (-,-) 
  g54320/Y                                  -       B->Y  F     NAND2x2_ASAP7_75t_SL        1  3.5    26    10     198    (-,-) 
  g56083/Y                                  -       A->Y  R     NAND2x2_ASAP7_75t_SL        2  5.3    28    19     217    (-,-) 
  mul_mul_193_36_I5_g15825/Y                -       A->Y  F     INVx4_ASAP7_75t_SL          2  5.9    15     9     226    (-,-) 
  mul_mul_193_36_I5_g15642/Y                -       A1->Y F     OA22x2_ASAP7_75t_SL         2  4.6    18    23     249    (-,-) 
  fopt75985/Y                               -       A->Y  F     BUFx6f_ASAP7_75t_SL         4 11.3    15    18     267    (-,-) 
  fopt75981/Y                               -       A->Y  F     BUFx6f_ASAP7_75t_SL         6 10.1    13    17     284    (-,-) 
  mul_mul_193_36_I5_g15222/Y                -       B2->Y F     OA22x2_ASAP7_75t_SL         2  3.9    16    23     307    (-,-) 
  mul_mul_193_36_I5_g15066/Y                -       A->Y  R     XNOR2x2_ASAP7_75t_SL        1  2.6    15    22     330    (-,-) 
  mul_mul_193_36_I5_g14943/Y                -       A->Y  F     XNOR2x2_ASAP7_75t_SL        2  4.2    17    29     358    (-,-) 
  mul_mul_193_36_I5_g14856/Y                -       A2->Y R     OAI21x1_ASAP7_75t_SL        2  5.1    39    20     379    (-,-) 
  mul_mul_193_36_I5_g14718/Y                -       B->Y  R     XNOR2x1_ASAP7_75t_SL        1  3.2    31    20     399    (-,-) 
  mul_mul_193_36_I5_g14656/Y                -       B->Y  R     XNOR2x1_ASAP7_75t_SL        2  4.5    37    22     420    (-,-) 
  mul_mul_193_36_I5_g14584/Y                -       A->Y  R     XNOR2x1_ASAP7_75t_SL        1  3.2    32    22     443    (-,-) 
  mul_mul_193_36_I5_g14514/Y                -       B->Y  R     XNOR2x1_ASAP7_75t_SL        2  3.9    33    21     463    (-,-) 
  mul_mul_193_36_I5_g14494/Y                -       B->Y  R     OR2x2_ASAP7_75t_SL          2  4.0    18    21     485    (-,-) 
  mul_mul_193_36_I5_g14465/Y                -       B->Y  F     OAI21x1_ASAP7_75t_SL        1  2.1    18    11     496    (-,-) 
  mul_mul_193_36_I5_g14454/Y                -       B->Y  F     AO21x2_ASAP7_75t_SL         4  7.0    24    27     522    (-,-) 
  mul_mul_193_36_I5_g14432/Y                -       A1->Y F     AO211x2_ASAP7_75t_SL        1  2.6    15    18     540    (-,-) 
  mul_mul_193_36_I5_g14424/Y                -       A->Y  F     OR2x6_ASAP7_75t_SL          4  9.8    16    23     564    (-,-) 
  mul_mul_193_36_I5_g14423/Y                -       A->Y  R     INVx5_ASAP7_75t_SL          2  4.4    11     7     571    (-,-) 
  mul_mul_193_36_I5_g14413/Y                -       A2->Y F     OAI21x1_ASAP7_75t_SL        1  3.2    23    11     582    (-,-) 
  mul_mul_193_36_I5_g14409/Y                -       B->Y  F     XNOR2x1_ASAP7_75t_SL        3  6.2    37    27     609    (-,-) 
  WALLACE_CSA_DUMMY_OP2317_groupi_g4658/Y   -       A->Y  R     INVx3_ASAP7_75t_SL          1  2.1    14     9     618    (-,-) 
  WALLACE_CSA_DUMMY_OP2317_groupi_g4584/Y   -       A->Y  R     MAJx3_ASAP7_75t_SL          2  5.6    19    24     643    (-,-) 
  WALLACE_CSA_DUMMY_OP2317_groupi_g4572/Y   -       A->Y  F     INVx2_ASAP7_75t_SL          1  2.6    12     8     650    (-,-) 
  WALLACE_CSA_DUMMY_OP2317_groupi_g4473/Y   -       A->Y  F     AND2x4_ASAP7_75t_SL         2  4.1    10    16     667    (-,-) 
  WALLACE_CSA_DUMMY_OP2317_groupi_g4336/Y   -       B->Y  R     AOI21x1_ASAP7_75t_SL        1  2.8    26    14     680    (-,-) 
  WALLACE_CSA_DUMMY_OP2317_groupi_g4279/Y   -       B->Y  F     OAI21x1_ASAP7_75t_SL        2  4.6    30    18     698    (-,-) 
  WALLACE_CSA_DUMMY_OP2317_groupi_g4261/Y   -       A2->Y R     AOI21x1_ASAP7_75t_SL        1  2.6    27    16     714    (-,-) 
  WALLACE_CSA_DUMMY_OP2317_groupi_g4224/Y   -       C->Y  R     AND3x4_ASAP7_75t_SL         3  6.4    18    23     737    (-,-) 
  fopt76680/Y                               -       A->Y  R     BUFx6f_ASAP7_75t_SL         4 10.5    16    17     754    (-,-) 
  fopt76678/Y                               -       A->Y  F     INVx3_ASAP7_75t_SL          1  2.1     8     5     759    (-,-) 
  WALLACE_CSA_DUMMY_OP2317_groupi_g4200/Y   -       A2->Y F     AO21x2_ASAP7_75t_SL         2  5.2    19    22     781    (-,-) 
  WALLACE_CSA_DUMMY_OP2317_groupi_g4199/Y   -       A->Y  R     INVx3_ASAP7_75t_SL          2  4.2    15    10     791    (-,-) 
  WALLACE_CSA_DUMMY_OP2317_groupi_g4176/Y   -       A->Y  F     XOR2x2_ASAP7_75t_SL         2  5.2    20    24     815    (-,-) 
  WALLACE_CSA_DUMMY_OP2321_groupi_g14005/Y  -       B->Y  F     XNOR2x1_ASAP7_75t_SL        1  3.2    32    21     836    (-,-) 
  WALLACE_CSA_DUMMY_OP2321_groupi_g13835/Y  -       B->Y  F     XNOR2x1_ASAP7_75t_SL        2  3.4    27    23     859    (-,-) 
  WALLACE_CSA_DUMMY_OP2321_groupi_g13700/Y  -       B->Y  F     AND2x2_ASAP7_75t_SL         2  3.5    14    21     880    (-,-) 
  WALLACE_CSA_DUMMY_OP2321_groupi_g13469/Y  -       A1->Y F     AO21x2_ASAP7_75t_SL         2  4.0    16    22     902    (-,-) 
  WALLACE_CSA_DUMMY_OP2321_groupi_g13316/Y  -       A2->Y R     AOI21x1_ASAP7_75t_SL        1  1.9    22    12     914    (-,-) 
  WALLACE_CSA_DUMMY_OP2321_groupi_g13237/Y  -       B->Y  R     OA211x2_ASAP7_75t_SL        2  4.4    21    25     939    (-,-) 
  WALLACE_CSA_DUMMY_OP2321_groupi_g13200/Y  -       B->Y  F     NOR2x1p5_ASAP7_75t_SL       1  2.6    18    10     949    (-,-) 
  WALLACE_CSA_DUMMY_OP2321_groupi_g13183/Y  -       B->Y  F     OR2x6_ASAP7_75t_SL          2  8.8    15    22     972    (-,-) 
  WALLACE_CSA_DUMMY_OP2321_groupi_g13157/Y  -       A->Y  R     NAND4xp75_ASAP7_75t_SL      1  2.6    20    10     982    (-,-) 
  WALLACE_CSA_DUMMY_OP2321_groupi_g13154/Y  -       B->Y  R     AND2x4_ASAP7_75t_SL         3  9.1    20    21    1002    (-,-) 
  WALLACE_CSA_DUMMY_OP2321_groupi_g13145/Y  -       A->Y  F     INVx6_ASAP7_75t_SL          4  9.0    14     8    1011    (-,-) 
  WALLACE_CSA_DUMMY_OP2321_groupi_g13144/Y  -       A->Y  R     INVx5_ASAP7_75t_SL          3  6.5    13     8    1019    (-,-) 
  WALLACE_CSA_DUMMY_OP2321_groupi_g13143/Y  -       A->Y  F     INVx4_ASAP7_75t_SL          2  5.6    11     7    1027    (-,-) 
  WALLACE_CSA_DUMMY_OP2321_groupi_g13142/Y  -       A->Y  R     INVx4_ASAP7_75t_SL          3  6.5    14     9    1036    (-,-) 
  WALLACE_CSA_DUMMY_OP2321_groupi_g13127/Y  -       B->Y  R     OR2x2_ASAP7_75t_SL          1  3.1    14    17    1053    (-,-) 
  WALLACE_CSA_DUMMY_OP2321_groupi_g13019/Y  -       A->Y  F     NAND4xp75_ASAP7_75t_SL      1  2.5    32    13    1066    (-,-) 
  WALLACE_CSA_DUMMY_OP2321_groupi_g12921/Y  -       A->Y  F     XOR2x2_ASAP7_75t_SL         3  4.5    19    28    1094    (-,-) 
  g58919/Y                                  -       B1->Y F     AO221x2_ASAP7_75t_SL        2  3.8    28    29    1123    (-,-) 
  adder_add_49_30_g15588/Y                  -       A->Y  F     OR2x6_ASAP7_75t_SL          2  5.0    12    23    1146    (-,-) 
  adder_add_49_30_g15096/Y                  -       B->Y  R     NAND2x2_ASAP7_75t_SL        2  4.6    24    13    1159    (-,-) 
  adder_add_49_30_g14957/Y                  -       A->Y  F     INVx2_ASAP7_75t_SL          1  2.7    13     8    1167    (-,-) 
  adder_add_49_30_g14213/Y                  -       A1->Y R     AOI21x1_ASAP7_75t_SL        2  3.9    35    16    1183    (-,-) 
  adder_add_49_30_g13793/Y                  -       A2->Y F     OAI21x1_ASAP7_75t_SL        1  2.7    23    12    1195    (-,-) 
  adder_add_49_30_g13449/Y                  -       B->Y  R     AOI21x1_ASAP7_75t_SL        1  2.8    27    17    1212    (-,-) 
  adder_add_49_30_g13331/Y                  -       B->Y  F     OAI21x1_ASAP7_75t_SL        1  2.0    20    12    1224    (-,-) 
  adder_add_49_30_g12978/Y                  -       C->Y  F     AO221x2_ASAP7_75t_SL        2  5.7    24    33    1256    (-,-) 
  adder_add_49_30_fopt48/Y                  -       A->Y  F     BUFx12f_ASAP7_75t_SL        5 23.9    17    20    1277    (-,-) 
  adder_add_49_30_fopt16043/Y               -       A->Y  F     BUFx12f_ASAP7_75t_SL        8 16.2    13    17    1294    (-,-) 
  adder_add_49_30_fopt16039/Y               -       A->Y  R     INVx5_ASAP7_75t_SL          5  9.5    16    10    1304    (-,-) 
  adder_add_49_30_g12821/Y                  -       A2->Y F     OAI21x1_ASAP7_75t_SL        1  2.4    26    10    1314    (-,-) 
  adder_add_49_30_g12728/Y                  -       B->Y  F     AO211x2_ASAP7_75t_SL        1  3.2    15    20    1334    (-,-) 
  adder_add_49_30_g12625/Y                  -       A->Y  F     XNOR2x1_ASAP7_75t_SL        2  4.1    31    21    1356    (-,-) 
  g73947/Y                                  -       A->Y  F     BUFx6f_ASAP7_75t_SL         5  7.3    12    19    1374    (-,-) 
  g72887/Y                                  -       A1->Y F     AO22x2_ASAP7_75t_SL         4  6.8    25    27    1401    (-,-) 
  g_acc_words[6].i_secded_enc/g1777__9315/Y -       B->Y  R     XNOR2x2_ASAP7_75t_SL        1  2.5    14    24    1425    (-,-) 
  g_acc_words[6].i_secded_enc/g1740__6131/Y -       B->Y  F     XNOR2x2_ASAP7_75t_SL        1  3.2    15    27    1452    (-,-) 
  g_acc_words[6].i_secded_enc/g1731__3680/Y -       A->Y  F     XNOR2x1_ASAP7_75t_SL        1  3.2    25    19    1471    (-,-) 
  g_acc_words[6].i_secded_enc/g1728__8428/Y -       A->Y  F     XNOR2x1_ASAP7_75t_SL        1  2.7    22    20    1491    (-,-) 
  g74156/Y                                  -       A1->Y R     AOI21x1_ASAP7_75t_SL        1  2.1    48    12    1504    (-,-) 
  acc_intg_q_reg[268]/D                     <<<     -     R     DFFHQNx2_ASAP7_75t_SL       1    -     -     0    1504    (-,-) 
#-------------------------------------------------------------------------------------------------------------------------------

