============================================================
  Generated by:           Genus(TM) Synthesis Solution 21.18-s082_1
  Generated on:           Sep 09 2025  06:42:06 am
  Module:                 unified_mul
  Operating conditions:   PVT_0P7V_25C 
  Interconnect mode:      global
  Area mode:              physical library
============================================================


Path 1: VIOLATED (-99 ps) Path Delay Check
     Startpoint: (R) word_sel_B[0]
       Endpoint: (F) result[191]

                   Capture    Launch  
      Path Delay:+    1333         -  
      Drv Adjust:+       0         0  
         Arrival:=    1333            
                                      
   Required Time:=    1333            
       Data Path:-    1432            
           Slack:=     -99            

Exceptions/Constraints:
  max_delay             1333            zipped_path_delay_0 

#------------------------------------------------------------------------------------------------------
#  Timing Point    Flags   Arc   Edge          Cell           Fanout Load Trans Delay Arrival Instance 
#                                                                    (fF)  (ps)  (ps)   (ps)  Location 
#------------------------------------------------------------------------------------------------------
  word_sel_B[0]    -       -     R     (arrival)                  28 58.2     0     0       0    (-,-) 
  g3779990/Y       -       A->Y  F     INVx6_ASAP7_75t_SL          1  2.6     3     3       3    (-,-) 
  g3779864/Y       -       B->Y  F     AND2x4_ASAP7_75t_SL         2  4.8    11    14      17    (-,-) 
  g3779729/Y       -       A->Y  F     BUFx6f_ASAP7_75t_SL         4  8.6    12    15      32    (-,-) 
  g3779724/Y       -       A->Y  R     INVx3_ASAP7_75t_SL          2  5.3    15    10      42    (-,-) 
  g3779723/Y       -       A->Y  F     INVx4_ASAP7_75t_SL          3  9.8    17    10      52    (-,-) 
  g3779722/Y       -       A->Y  R     INVx6_ASAP7_75t_SL          3  7.9    14     9      61    (-,-) 
  g3779721/Y       -       A->Y  F     INVx6_ASAP7_75t_SL          3  7.1    10     7      68    (-,-) 
  g3779201/Y       -       B->Y  F     AND2x4_ASAP7_75t_SL         2  4.5    10    15      84    (-,-) 
  g3778003/Y       -       A2->Y F     OA31x2_ASAP7_75t_SL         3  4.7    19    21     105    (-,-) 
  g3777237/Y       -       A3->Y F     OA331x2_ASAP7_75t_SL        2  4.6    23    35     139    (-,-) 
  g3777178/Y       -       A->Y  F     BUFx6f_ASAP7_75t_SL         2  6.3    11    17     156    (-,-) 
  g3776936/Y       -       B->Y  R     NOR2x1p5_ASAP7_75t_SL       1  3.7    21    12     168    (-,-) 
  g3776723/Y       -       B->Y  F     NAND2x2_ASAP7_75t_SL        2  3.9    16     9     178    (-,-) 
  g3774979/Y       -       A2->Y F     AO21x2_ASAP7_75t_SL         2  4.5    18    23     200    (-,-) 
  g3774710/Y       -       A->Y  R     INVx2_ASAP7_75t_SL          4  6.7    26    16     216    (-,-) 
  g3773121/Y       -       B->Y  R     OR2x2_ASAP7_75t_SL          1  2.6    13    18     234    (-,-) 
  g3769624/Y       -       A->Y  R     AND3x4_ASAP7_75t_SL         9 18.3    37    32     266    (-,-) 
  g3769329/Y       -       A->Y  F     INVx2_ASAP7_75t_SL          1  2.6    16     9     275    (-,-) 
  g3766200/Y       -       A3->Y F     OA31x2_ASAP7_75t_SL         2  5.1    21    23     298    (-,-) 
  g3763039/Y       -       A->Y  F     XNOR2x1_ASAP7_75t_SL        1  3.2    34    20     318    (-,-) 
  g3761576/Y       -       A->Y  F     XNOR2x1_ASAP7_75t_SL        2  4.4    31    24     342    (-,-) 
  g3759514/Y       -       B->Y  R     XOR2x2_ASAP7_75t_SL         2  5.0    22    34     376    (-,-) 
  g3758310/Y       -       B->Y  R     XNOR2x1_ASAP7_75t_SL        1  2.5    25    18     394    (-,-) 
  g3757115/Y       -       B->Y  F     XNOR2x2_ASAP7_75t_SL        3  5.5    22    31     425    (-,-) 
  g3756452/Y       -       B->Y  F     OR2x2_ASAP7_75t_SL          2  4.0    16    23     448    (-,-) 
  g3755187/Y       -       A2->Y F     AO31x2_ASAP7_75t_SL         2  5.1    19    20     467    (-,-) 
  g3754998/Y       -       B->Y  R     NAND2x1p5_ASAP7_75t_L       2  4.5    27    18     485    (-,-) 
  g3754761/Y       -       A->Y  F     NAND2x1p5_ASAP7_75t_SL      2  4.0    24    10     495    (-,-) 
  g3754318/Y       -       A2->Y R     OAI21x1_ASAP7_75t_SL        2  4.0    34    18     514    (-,-) 
  g3754089/Y       -       A2->Y F     AOI21x1_ASAP7_75t_SL        2  4.4    30    15     529    (-,-) 
  g3753820/Y       -       B->Y  R     XOR2x2_ASAP7_75t_L          3  4.4    22    38     567    (-,-) 
  g3753616/Y       -       A->Y  R     OR2x2_ASAP7_75t_SL          2  4.1    19    21     588    (-,-) 
  g3753420/Y       -       B->Y  F     OAI21x1_ASAP7_75t_SL        2  4.1    26    16     604    (-,-) 
  g3753271/Y       -       A1->Y R     AOI21x1_ASAP7_75t_SL        2  4.0    40    18     622    (-,-) 
  g3753117/Y       -       A2->Y F     OAI21x1_ASAP7_75t_SL        2  3.5    27    14     636    (-,-) 
  g3752937/Y       -       A->Y  F     MAJx2_ASAP7_75t_SL          2  4.0    18    26     662    (-,-) 
  g3752731/Y       -       A2->Y R     AOI21x1_ASAP7_75t_SL        2  3.5    32    16     678    (-,-) 
  g3752524/Y       -       A1->Y R     OA21x2_ASAP7_75t_SL         2  5.1    22    25     704    (-,-) 
  g3752387/Y       -       A->Y  F     NOR2x2_ASAP7_75t_SL         2  4.0    20    13     717    (-,-) 
  g3752233/Y       -       A2->Y F     AO31x2_ASAP7_75t_SL         2  4.4    16    19     736    (-,-) 
  g3752153/Y       -       B->Y  F     AND2x4_ASAP7_75t_SL         3  5.1    13    17     753    (-,-) 
  g3752026/Y       -       A2->Y R     AOI31xp67_ASAP7_75t_SL      1  2.1    32    12     765    (-,-) 
  g3751928/Y       -       B->Y  R     AND3x2_ASAP7_75t_SL         2  4.4    22    27     792    (-,-) 
  g3751875/Y       -       B->Y  F     NOR2x1p5_ASAP7_75t_SL       2  4.0    20    13     804    (-,-) 
  g3751841/Y       -       A->Y  F     AND2x4_ASAP7_75t_SL         4  6.5    13    20     824    (-,-) 
  g3751701/Y       -       A->Y  F     AND4x2_ASAP7_75t_SL         2  4.0    15    17     841    (-,-) 
  g3751547/Y       -       A3->Y F     OA31x2_ASAP7_75t_SL         2  4.0    19    21     862    (-,-) 
  g3751503/Y       -       A->Y  F     AND2x4_ASAP7_75t_SL         2  4.9    12    19     881    (-,-) 
  g3751456/Y       -       A->Y  R     NAND2x2_ASAP7_75t_SL        2  4.5    27    14     895    (-,-) 
  g3751414/Y       -       B->Y  F     NOR2x1p5_ASAP7_75t_SL       1  3.1    39    12     907    (-,-) 
  g3751382/Y       -       B->Y  R     NAND2x1p5_ASAP7_75t_SL      2  3.9    33    18     925    (-,-) 
  g3751346/Y       -       B->Y  R     OR2x6_ASAP7_75t_SL          2  5.1    15    21     946    (-,-) 
  g3751311/Y       -       B->Y  F     NOR2x2_ASAP7_75t_SL         1  2.6    38     9     955    (-,-) 
  g3751272/Y       -       B->Y  F     AND2x4_ASAP7_75t_SL         2  4.6    12    21     976    (-,-) 
  g3751234/Y       -       B->Y  F     AND2x4_ASAP7_75t_SL         2  5.1    14    16     992    (-,-) 
  g3751199/Y       -       A->Y  R     NAND2x1p5_ASAP7_75t_SL      1  2.6    22    12    1004    (-,-) 
  g3751167/Y       -       A->Y  R     OR2x6_ASAP7_75t_SL          2  5.1    15    19    1023    (-,-) 
  g3751132/Y       -       B->Y  F     NOR2x2_ASAP7_75t_SL         2  5.1    30    12    1035    (-,-) 
  g3751098__4733/Y -       B->Y  R     NAND2x1p5_ASAP7_75t_SL      1  2.6    21    14    1049    (-,-) 
  g3751064__2346/Y -       A->Y  R     OR2x6_ASAP7_75t_SL          3  8.2    18    20    1070    (-,-) 
  g3751048/Y       -       A->Y  F     INVx4_ASAP7_75t_SL          1  3.1     9     6    1075    (-,-) 
  g3751017__2802/Y -       A->Y  R     NAND2x1p5_ASAP7_75t_SL      1  3.2    23    12    1087    (-,-) 
  g3750980__8428/Y -       B->Y  R     XNOR2x1_ASAP7_75t_SL        2  3.8    37    20    1107    (-,-) 
  g3750695__7410/Y -       A->Y  F     XOR2x2_ASAP7_75t_SL         1  3.2    16    23    1130    (-,-) 
  g3750659__6783/Y -       B->Y  F     XNOR2x1_ASAP7_75t_SL        2  4.7    28    23    1153    (-,-) 
  g3750605__8246/Y -       A2->Y F     OA21x2_ASAP7_75t_SL         3  6.6    23    28    1181    (-,-) 
  g3750598/Y       -       A->Y  R     INVx4_ASAP7_75t_SL          2  4.0    13     9    1190    (-,-) 
  g3750547__4733/Y -       B2->Y R     OA331x2_ASAP7_75t_SL        1  4.3    22    29    1219    (-,-) 
  g3750486__6131/Y -       B->Y  F     NAND3x2_ASAP7_75t_SL        2  4.0    21     9    1228    (-,-) 
  g3750453__8246/Y -       A2->Y R     AOI21x1_ASAP7_75t_SL        2  3.1    28    16    1244    (-,-) 
  g3750412__4319/Y -       A1->Y R     OA21x2_ASAP7_75t_SL         2  3.5    18    22    1266    (-,-) 
  g3750339__1705/Y -       A1->Y R     OA21x2_ASAP7_75t_SL         2  3.4    16    20    1286    (-,-) 
  g3750189__8428/Y -       A1->Y R     OA211x2_ASAP7_75t_SL        2  3.6    20    24    1310    (-,-) 
  g3750088__2883/Y -       A2->Y F     OAI21x1_ASAP7_75t_SL        2  3.4    34    12    1322    (-,-) 
  g3750010__6260/Y -       A1->Y F     AO21x2_ASAP7_75t_SL         1  4.0    18    27    1349    (-,-) 
  fopt3780604/Y    -       A->Y  R     INVx4_ASAP7_75t_SL          2  4.6    13     9    1358    (-,-) 
  g3749969__5477/Y -       A2->Y F     OAI21x1_ASAP7_75t_SL        1  3.2    35    11    1369    (-,-) 
  g3749959__5122/Y -       B->Y  F     XNOR2x1_ASAP7_75t_SL        3  6.1    41    29    1398    (-,-) 
  g3749951__5526/Y -       A2->Y R     AOI21x1_ASAP7_75t_SL        1  2.0    51    15    1413    (-,-) 
  g3749945__6260/Y -       C->Y  F     OAI221xp5_ASAP7_75t_SL      1  1.5    47    19    1432    (-,-) 
  result[191]      <<<     -     F     (port)                      -    -     -     0    1432    (-,-) 
#------------------------------------------------------------------------------------------------------

