============================================================
  Generated by:           Genus(TM) Synthesis Solution 21.18-s082_1
  Generated on:           Sep 17 2025  04:09:03 am
  Module:                 otbn_mul
  Operating conditions:   PVT_0P7V_25C 
  Interconnect mode:      global
  Area mode:              physical library
============================================================


Path 1: MET (1 ps) Path Delay Check
     Startpoint: (R) multiplier_op_a_i[3]
       Endpoint: (F) multiplier_res_o[67]

                   Capture    Launch  
      Path Delay:+    1075         -  
      Drv Adjust:+       0         0  
         Arrival:=    1075            
                                      
   Required Time:=    1075            
       Data Path:-    1074            
           Slack:=       1            

Exceptions/Constraints:
  max_delay             1075            del_1 

#-------------------------------------------------------------------------------------------------------------------------------
#              Timing Point                Flags   Arc   Edge          Cell            Fanout Load Trans Delay Arrival Instance 
#                                                                                             (fF)  (ps)  (ps)   (ps)  Location 
#-------------------------------------------------------------------------------------------------------------------------------
  multiplier_op_a_i[3]                     -       -     R     (arrival)                   36 61.7     0     0       0    (-,-) 
  mul_76_61_I1_I1_g15058/Y                 -       A->Y  R     XOR2xp5_ASAP7_75t_L          2  3.4    56    33      33    (-,-) 
  mul_76_61_I1_I1_g14800/Y                 -       B->Y  R     AND2x2_ASAP7_75t_SL          1  2.1    13    20      53    (-,-) 
  mul_76_61_I1_I1_g14644/Y                 -       B->Y  R     AO21x2_ASAP7_75t_SL          2  3.9    19    17      70    (-,-) 
  mul_76_61_I1_I1_g14626/Y                 -       B->Y  R     AND2x2_ASAP7_75t_SL          3  5.2    22    22      92    (-,-) 
  mul_76_61_I1_I1_g14561/Y                 -       A->Y  F     NOR2x1_ASAP7_75t_SL          2  3.9    29    18     110    (-,-) 
  mul_76_61_I1_I1_g15118/Y                 -       B->Y  R     NAND2xp5_ASAP7_75t_SL        2  4.2    54    28     138    (-,-) 
  mul_76_61_I1_I1_g14421/Y                 -       B->Y  F     OAI21x1_ASAP7_75t_SL         2  3.9    34    20     158    (-,-) 
  mul_76_61_I1_I1_g14385/Y                 -       B->Y  R     NAND2xp5_ASAP7_75t_SL        2  3.9    48    28     186    (-,-) 
  mul_76_61_I1_I1_g14335/Y                 -       B->Y  F     NOR2x1_ASAP7_75t_SL          2  3.6    31    20     206    (-,-) 
  g17301/Y                                 -       A2->Y R     O2A1O1Ixp5_ASAP7_75t_SL      2  4.7    70    33     239    (-,-) 
  mul_76_61_I1_I1_g14153/Y                 -       B->Y  F     NOR2x1p5_ASAP7_75t_SL        2  3.7    30    16     256    (-,-) 
  mul_76_61_I1_I1_g14137/Y                 -       B->Y  F     AND2x4_ASAP7_75t_SL          2  3.3    10    18     274    (-,-) 
  mul_76_61_I1_I1_g14098/Y                 -       A->Y  F     AND2x2_ASAP7_75t_SL          3  4.3    16    19     293    (-,-) 
  mul_76_61_I1_I1_g14075/Y                 -       A->Y  F     AND3x1_ASAP7_75t_SL          1  2.1    14    15     308    (-,-) 
  mul_76_61_I1_I1_g14044/Y                 -       A->Y  F     OR3x2_ASAP7_75t_SL           4  6.6    25    31     340    (-,-) 
  mul_76_61_I1_I1_g14032/Y                 -       C->Y  F     AND3x2_ASAP7_75t_SL          3  6.5    21    24     363    (-,-) 
  mul_76_61_I1_I1_g14029/Y                 -       A->Y  R     NAND2x2_ASAP7_75t_SL         5  8.3    36    22     385    (-,-) 
  mul_76_61_I1_I1_g14024/Y                 -       B->Y  R     AND2x4_ASAP7_75t_SL          4  6.6    16    20     405    (-,-) 
  mul_76_61_I1_I1_g14010/Y                 -       A1->Y F     OAI21xp5_ASAP7_75t_SL        1  3.1    35    19     424    (-,-) 
  mul_76_61_I1_I1_g14002/Y                 -       B->Y  F     XNOR2x1_ASAP7_75t_L          2  3.8    30    29     454    (-,-) 
  inc_csa_102_36_I1:add_37_35_I29_g17/Y    -       A->Y  R     XOR2x2_ASAP7_75t_SL          2  3.9    18    31     484    (-,-) 
  inc_csa_104_36_I2:add_37_35_I29_g17/Y    -       B->Y  F     XOR2xp5_ASAP7_75t_SL         2  4.3    47    25     509    (-,-) 
  addinc_csa_104_36_I3:add_37_46_I29_g27/Y -       B->Y  F     XNOR2xp5_ASAP7_75t_SL        1  2.6    38    28     538    (-,-) 
  addinc_csa_104_36_I3:add_37_46_I29_g25/Y -       A->Y  R     XNOR2xp5_ASAP7_75t_SL        2  3.9    60    31     569    (-,-) 
  inc_csa_104_36_I4:add_37_35_I29_g17/Y    -       B->Y  R     XOR2xp5_ASAP7_75t_SL         2  3.9    60    35     604    (-,-) 
  inc_csa_104_36_I5:add_37_35_I29_g17/Y    -       B->Y  R     XOR2xp5_ASAP7_75t_SL         2  3.7    58    34     638    (-,-) 
  inc_csa_104_36_I6:add_37_35_I29_g18/Y    -       B->Y  R     AND2x2_ASAP7_75t_SL          2  3.8    18    23     660    (-,-) 
  inc_csa_104_36_I7:add_37_35_I30_g17/Y    -       B->Y  F     XOR2xp5_ASAP7_75t_SL         2  3.8    43    23     683    (-,-) 
  inc_csa_104_36_I8:add_37_35_I30_g17/Y    -       A->Y  R     XOR2x2_ASAP7_75t_SL          2  3.7    18    32     716    (-,-) 
  inc_csa_104_36_I9:add_37_35_I30_g18/Y    -       B->Y  R     AND2x2_ASAP7_75t_SL          2  3.8    17    20     735    (-,-) 
  inc_csa_104_36_I10:add_37_35_I31_g17/Y   -       A->Y  R     XOR2xp5_ASAP7_75t_SL         2  3.9    56    34     769    (-,-) 
  inc_csa_104_36_I11:add_37_35_I31_g17/Y   -       A->Y  R     XOR2xp5_ASAP7_75t_SL         2  3.7    58    36     805    (-,-) 
  inc_csa_104_36_I12:add_37_35_I31_g17/Y   -       A->Y  F     XOR2x2_ASAP7_75t_SL          2  3.8    18    25     830    (-,-) 
  inc_csa_104_36_I13:add_37_35_I31_g17/Y   -       A->Y  F     XOR2x2_ASAP7_75t_SL          2  3.9    16    24     854    (-,-) 
  inc_csa_104_36_I14:add_37_35_I31_g2/Y    -       B->Y  R     XOR2x2_ASAP7_75t_SL          2  3.8    18    29     883    (-,-) 
  add_110_45_g6070/Y                       -       A->Y  F     NOR2x1_ASAP7_75t_SL          2  3.9    28    17     900    (-,-) 
  add_110_45_g5981/Y                       -       A->Y  R     INVx2_ASAP7_75t_SL           2  3.4    18    12     913    (-,-) 
  add_110_45_g5734/Y                       -       B->Y  R     AND2x2_ASAP7_75t_SL          1  2.1    12    17     929    (-,-) 
  add_110_45_g2/Y                          -       A1->Y R     AO21x1_ASAP7_75t_SL          2  5.3    39    26     955    (-,-) 
  add_110_45_g5287__4319/Y                 -       A->Y  R     AND3x1_ASAP7_75t_SL          1  2.6    23    26     981    (-,-) 
  add_110_45_g5128__1617/Y                 -       A2->Y F     AOI21x1_ASAP7_75t_SL         1  2.6    20    11     992    (-,-) 
  add_110_45_g5089__7410/Y                 -       B->Y  F     AND2x4_ASAP7_75t_SL          2  9.7    17    21    1013    (-,-) 
  add_110_45_fopt6145/Y                    -       A->Y  R     INVx8_ASAP7_75t_SL           3 12.9    16    10    1023    (-,-) 
  add_110_45_fopt6144/Y                    -       A->Y  R     BUFx12f_ASAP7_75t_SL        16 29.9    23    20    1044    (-,-) 
  add_110_45_g5052__4733/Y                 -       A2->Y F     AOI21x1_ASAP7_75t_SL         1  2.5    21    10    1054    (-,-) 
  add_110_45_g4945__2346/Y                 -       B->Y  F     XNOR2xp5_ASAP7_75t_SL        1  1.5    22    20    1074    (-,-) 
  multiplier_res_o[67]                     <<<     -     F     (port)                       -    -     -     0    1074    (-,-) 
#-------------------------------------------------------------------------------------------------------------------------------

